Log file open, 04/04/17 15:33:11
LogInit:Display: Running engine for game: GoneFission2
LogPlatformFile: Not using cached read wrapper
LogInit:Display: RandInit(-371348218) SRandInit(-371348218).
LogTaskGraph: Started task graph with 5 named threads and 6 total threads with 1 sets of task threads.
LogStats: Stats thread started at 0.059864
LogPluginManager: Loaded Plugin Paper2D, From C:/Program Files (x86)/Epic Games/4.14/Engine/Plugins/2D/Paper2D/Paper2D.uplugin
LogPluginManager: Loaded Plugin LightPropagationVolume, From C:/Program Files (x86)/Epic Games/4.14/Engine/Plugins/Blendables/LightPropagationVolume/LightPropagationVolume.uplugin
LogPluginManager: Loaded Plugin BlankPlugin, From C:/Program Files (x86)/Epic Games/4.14/Engine/Plugins/Developer/BlankPlugin/BlankPlugin.uplugin
LogPluginManager: Loaded Plugin CodeLiteSourceCodeAccess, From C:/Program Files (x86)/Epic Games/4.14/Engine/Plugins/Developer/CodeLiteSourceCodeAccess/CodeLiteSourceCodeAccess.uplugin
LogPluginManager: Loaded Plugin GitSourceControl, From C:/Program Files (x86)/Epic Games/4.14/Engine/Plugins/Developer/GitSourceControl/GitSourceControl.uplugin
LogPluginManager: Loaded Plugin KDevelopSourceCodeAccess, From C:/Program Files (x86)/Epic Games/4.14/Engine/Plugins/Developer/KDevelopSourceCodeAccess/KDevelopSourceCodeAccess.uplugin
LogPluginManager: Loaded Plugin NullSourceCodeAccess, From C:/Program Files (x86)/Epic Games/4.14/Engine/Plugins/Developer/NullSourceCodeAccess/NullSourceCodeAccess.uplugin
LogPluginManager: Loaded Plugin OneSkyLocalizationService, From C:/Program Files (x86)/Epic Games/4.14/Engine/Plugins/Developer/OneSkyLocalizationService/OneSkyLocalizationService.uplugin
LogPluginManager: Loaded Plugin PerforceSourceControl, From C:/Program Files (x86)/Epic Games/4.14/Engine/Plugins/Developer/PerforceSourceControl/PerforceSourceControl.uplugin
LogPluginManager: Loaded Plugin SubversionSourceControl, From C:/Program Files (x86)/Epic Games/4.14/Engine/Plugins/Developer/SubversionSourceControl/SubversionSourceControl.uplugin
LogPluginManager: Loaded Plugin UObjectPlugin, From C:/Program Files (x86)/Epic Games/4.14/Engine/Plugins/Developer/UObjectPlugin/UObjectPlugin.uplugin
LogPluginManager: Loaded Plugin VisualStudioSourceCodeAccess, From C:/Program Files (x86)/Epic Games/4.14/Engine/Plugins/Developer/VisualStudioSourceCodeAccess/VisualStudioSourceCodeAccess.uplugin
LogPluginManager: Loaded Plugin XCodeSourceCodeAccess, From C:/Program Files (x86)/Epic Games/4.14/Engine/Plugins/Developer/XCodeSourceCodeAccess/XCodeSourceCodeAccess.uplugin
LogPluginManager: Loaded Plugin AudioCapture, From C:/Program Files (x86)/Epic Games/4.14/Engine/Plugins/Editor/AudioCapture/AudioCapture.uplugin
LogPluginManager: Loaded Plugin EpicSurvey, From C:/Program Files (x86)/Epic Games/4.14/Engine/Plugins/Editor/EpicSurvey/EpicSurvey.uplugin
LogPluginManager: Loaded Plugin MacGraphicsSwitching, From C:/Program Files (x86)/Epic Games/4.14/Engine/Plugins/Editor/MacGraphicsSwitching/MacGraphicsSwitching.uplugin
LogPluginManager: Loaded Plugin MobileLauncherProfileWizard, From C:/Program Files (x86)/Epic Games/4.14/Engine/Plugins/Editor/MobileLauncherProfileWizard/MobileLauncherProfileWizard.uplugin
LogPluginManager: Loaded Plugin PluginBrowser, From C:/Program Files (x86)/Epic Games/4.14/Engine/Plugins/Editor/PluginBrowser/PluginBrowser.uplugin
LogPluginManager: Loaded Plugin SpeedTreeImporter, From C:/Program Files (x86)/Epic Games/4.14/Engine/Plugins/Editor/SpeedTreeImporter/SpeedTreeImporter.uplugin
LogPluginManager: Loaded Plugin SuperSearchEditor, From C:/Program Files (x86)/Epic Games/4.14/Engine/Plugins/Editor/SuperSearchEditor/SuperSearchEditor.uplugin
LogPluginManager: Loaded Plugin AlembicImporter, From C:/Program Files (x86)/Epic Games/4.14/Engine/Plugins/Experimental/AlembicImporter/AlembicImporter.uplugin
LogPluginManager: Loaded Plugin BlueprintStats, From C:/Program Files (x86)/Epic Games/4.14/Engine/Plugins/Experimental/BlueprintStats/BlueprintStats.uplugin
LogPluginManager: Loaded Plugin CharacterAI, From C:/Program Files (x86)/Epic Games/4.14/Engine/Plugins/Experimental/CharacterAI/CharacterAI.uplugin
LogPluginManager: Loaded Plugin CodeEditor, From C:/Program Files (x86)/Epic Games/4.14/Engine/Plugins/Experimental/CodeEditor/CodeEditor.uplugin
LogPluginManager: Loaded Plugin CodeView, From C:/Program Files (x86)/Epic Games/4.14/Engine/Plugins/Experimental/CodeView/CodeView.uplugin
LogPluginManager: Loaded Plugin HTML5Networking, From C:/Program Files (x86)/Epic Games/4.14/Engine/Plugins/Experimental/HTML5Networking/HTML5Networking.uplugin
LogPluginManager: Loaded Plugin OSVR, From C:/Program Files (x86)/Epic Games/4.14/Engine/Plugins/Experimental/OSVR/OSVR.uplugin
LogPluginManager: Loaded Plugin Phya, From C:/Program Files (x86)/Epic Games/4.14/Engine/Plugins/Experimental/Phya/Phya.uplugin
LogPluginManager: Loaded Plugin SignificanceManager, From C:/Program Files (x86)/Epic Games/4.14/Engine/Plugins/Experimental/SignificanceManager/SignificanceManager.uplugin
LogPluginManager: Loaded Plugin SimpleHMD, From C:/Program Files (x86)/Epic Games/4.14/Engine/Plugins/Experimental/SimpleHMD/SimpleHMD.uplugin
LogPluginManager: Loaded Plugin StereoPanorama, From C:/Program Files (x86)/Epic Games/4.14/Engine/Plugins/Experimental/StereoPanorama/StereoPanorama.uplugin
LogPluginManager: Loaded Plugin StructBox, From C:/Program Files (x86)/Epic Games/4.14/Engine/Plugins/Experimental/StructBox/StructBox.uplugin
LogPluginManager: Loaded Plugin Substance, From C:/Program Files (x86)/Epic Games/4.14/Engine/Plugins/Marketplace/Substance/Substance.uplugin
LogPluginManager: Loaded Plugin AndroidMedia, From C:/Program Files (x86)/Epic Games/4.14/Engine/Plugins/Media/AndroidMedia/AndroidMedia.uplugin
LogPluginManager: Loaded Plugin AvfMedia, From C:/Program Files (x86)/Epic Games/4.14/Engine/Plugins/Media/AvfMedia/AvfMedia.uplugin
LogPluginManager: Loaded Plugin MediaPlayerEditor, From C:/Program Files (x86)/Epic Games/4.14/Engine/Plugins/Media/MediaPlayerEditor/MediaPlayerEditor.uplugin
LogPluginManager: Loaded Plugin WmfMedia, From C:/Program Files (x86)/Epic Games/4.14/Engine/Plugins/Media/WmfMedia/WmfMedia.uplugin
LogPluginManager: Loaded Plugin MessagingDebugger, From C:/Program Files (x86)/Epic Games/4.14/Engine/Plugins/Messaging/MessagingDebugger/MessagingDebugger.uplugin
LogPluginManager: Loaded Plugin TcpMessaging, From C:/Program Files (x86)/Epic Games/4.14/Engine/Plugins/Messaging/TcpMessaging/TcpMessaging.uplugin
LogPluginManager: Loaded Plugin UdpMessaging, From C:/Program Files (x86)/Epic Games/4.14/Engine/Plugins/Messaging/UdpMessaging/UdpMessaging.uplugin
LogPluginManager: Loaded Plugin LevelSequenceEditor, From C:/Program Files (x86)/Epic Games/4.14/Engine/Plugins/MovieScene/LevelSequenceEditor/LevelSequenceEditor.uplugin
LogPluginManager: Loaded Plugin MatineeToLevelSequence, From C:/Program Files (x86)/Epic Games/4.14/Engine/Plugins/MovieScene/MatineeToLevelSequence/MatineeToLevelSequence.uplugin
LogPluginManager: Loaded Plugin NetcodeUnitTest, From C:/Program Files (x86)/Epic Games/4.14/Engine/Plugins/NetcodeUnitTest/NetcodeUnitTest/NetcodeUnitTest.uplugin
LogPluginManager: Loaded Plugin NUTUnrealEngine4, From C:/Program Files (x86)/Epic Games/4.14/Engine/Plugins/NetcodeUnitTest/NUTUnrealEngine4/NUTUnrealEngine4.uplugin
LogPluginManager: Loaded Plugin OnlineSubsystemGameCircle, From C:/Program Files (x86)/Epic Games/4.14/Engine/Plugins/Online/Android/OnlineSubsystemGameCircle/OnlineSubsystemGameCircle.uplugin
LogPluginManager: Loaded Plugin OnlineSubsystemGooglePlay, From C:/Program Files (x86)/Epic Games/4.14/Engine/Plugins/Online/Android/OnlineSubsystemGooglePlay/OnlineSubsystemGooglePlay.uplugin
LogPluginManager: Loaded Plugin OnlineSubsystemIOS, From C:/Program Files (x86)/Epic Games/4.14/Engine/Plugins/Online/IOS/OnlineSubsystemIOS/OnlineSubsystemIOS.uplugin
LogPluginManager: Loaded Plugin OnlineFramework, From C:/Program Files (x86)/Epic Games/4.14/Engine/Plugins/Online/OnlineFramework/OnlineFramework.uplugin
LogPluginManager: Loaded Plugin OnlineSubsystem, From C:/Program Files (x86)/Epic Games/4.14/Engine/Plugins/Online/OnlineSubsystem/OnlineSubsystem.uplugin
LogPluginManager: Loaded Plugin OnlineSubsystemAmazon, From C:/Program Files (x86)/Epic Games/4.14/Engine/Plugins/Online/OnlineSubsystemAmazon/OnlineSubsystemAmazon.uplugin
LogPluginManager: Loaded Plugin OnlineSubsystemFacebook, From C:/Program Files (x86)/Epic Games/4.14/Engine/Plugins/Online/OnlineSubsystemFacebook/OnlineSubsystemFacebook.uplugin
LogPluginManager: Loaded Plugin OnlineSubsystemNull, From C:/Program Files (x86)/Epic Games/4.14/Engine/Plugins/Online/OnlineSubsystemNull/OnlineSubsystemNull.uplugin
LogPluginManager: Loaded Plugin OnlineSubsystemOculus, From C:/Program Files (x86)/Epic Games/4.14/Engine/Plugins/Online/OnlineSubsystemOculus/OnlineSubsystemOculus.uplugin
LogPluginManager: Loaded Plugin OnlineSubsystemSteam, From C:/Program Files (x86)/Epic Games/4.14/Engine/Plugins/Online/OnlineSubsystemSteam/OnlineSubsystemSteam.uplugin
LogPluginManager: Loaded Plugin OnlineSubsystemUtils, From C:/Program Files (x86)/Epic Games/4.14/Engine/Plugins/Online/OnlineSubsystemUtils/OnlineSubsystemUtils.uplugin
LogPluginManager: Loaded Plugin IOSTapJoy, From C:/Program Files (x86)/Epic Games/4.14/Engine/Plugins/Runtime/Advertising/IOSTapJoy/IOSTapJoy.uplugin
LogPluginManager: Loaded Plugin AnalyticsBlueprintLibrary, From C:/Program Files (x86)/Epic Games/4.14/Engine/Plugins/Runtime/Analytics/AnalyticsBlueprintLibrary/AnalyticsBlueprintLibrary.uplugin
LogPluginManager: Loaded Plugin AnalyticsMulticast, From C:/Program Files (x86)/Epic Games/4.14/Engine/Plugins/Runtime/Analytics/AnalyticsMulticast/AnalyticsMulticast.uplugin
LogPluginManager: Loaded Plugin Apsalar, From C:/Program Files (x86)/Epic Games/4.14/Engine/Plugins/Runtime/Analytics/Apsalar/Apsalar.uplugin
LogPluginManager: Loaded Plugin FileLogging, From C:/Program Files (x86)/Epic Games/4.14/Engine/Plugins/Runtime/Analytics/FileLogging/FileLogging.uplugin
LogPluginManager: Loaded Plugin Flurry, From C:/Program Files (x86)/Epic Games/4.14/Engine/Plugins/Runtime/Analytics/Flurry/Flurry.uplugin
LogPluginManager: Loaded Plugin AndroidDeviceProfileSelector, From C:/Program Files (x86)/Epic Games/4.14/Engine/Plugins/Runtime/AndroidDeviceProfileSelector/AndroidDeviceProfileSelector.uplugin
LogPluginManager: Loaded Plugin AndroidMoviePlayer, From C:/Program Files (x86)/Epic Games/4.14/Engine/Plugins/Runtime/AndroidMoviePlayer/AndroidMoviePlayer.uplugin
LogPluginManager: Loaded Plugin AppleMoviePlayer, From C:/Program Files (x86)/Epic Games/4.14/Engine/Plugins/Runtime/AppleMoviePlayer/AppleMoviePlayer.uplugin
LogPluginManager: Loaded Plugin ArchVisCharacter, From C:/Program Files (x86)/Epic Games/4.14/Engine/Plugins/Runtime/ArchVisCharacter/ArchVisCharacter.uplugin
LogPluginManager: Loaded Plugin CableComponent, From C:/Program Files (x86)/Epic Games/4.14/Engine/Plugins/Runtime/CableComponent/CableComponent.uplugin
LogPluginManager: Loaded Plugin CustomMeshComponent, From C:/Program Files (x86)/Epic Games/4.14/Engine/Plugins/Runtime/CustomMeshComponent/CustomMeshComponent.uplugin
LogPluginManager: Loaded Plugin ExampleDeviceProfileSelector, From C:/Program Files (x86)/Epic Games/4.14/Engine/Plugins/Runtime/ExampleDeviceProfileSelector/ExampleDeviceProfileSelector.uplugin
LogPluginManager: Loaded Plugin GearVR, From C:/Program Files (x86)/Epic Games/4.14/Engine/Plugins/Runtime/GearVR/GearVR.uplugin
LogPluginManager: Loaded Plugin GoogleVRController, From C:/Program Files (x86)/Epic Games/4.14/Engine/Plugins/Runtime/GoogleVR/GoogleVRController/GoogleVRController.uplugin
LogPluginManager: Loaded Plugin GoogleVRHMD, From C:/Program Files (x86)/Epic Games/4.14/Engine/Plugins/Runtime/GoogleVR/GoogleVRHMD/GoogleVRHMD.uplugin
LogPluginManager: Loaded Plugin IOSDeviceProfileSelector, From C:/Program Files (x86)/Epic Games/4.14/Engine/Plugins/Runtime/IOSDeviceProfileSelector/IOSDeviceProfileSelector.uplugin
LogPluginManager: Loaded Plugin LeapMotion, From C:/Program Files (x86)/Epic Games/4.14/Engine/Plugins/Runtime/LeapMotion/LeapMotion.uplugin
LogPluginManager: Loaded Plugin LinuxDeviceProfileSelector, From C:/Program Files (x86)/Epic Games/4.14/Engine/Plugins/Runtime/LinuxDeviceProfileSelector/LinuxDeviceProfileSelector.uplugin
LogPluginManager: Loaded Plugin MIDIDevice, From C:/Program Files (x86)/Epic Games/4.14/Engine/Plugins/Runtime/MIDIDevice/MIDIDevice.uplugin
LogPluginManager: Loaded Plugin MobilePatchingUtils, From C:/Program Files (x86)/Epic Games/4.14/Engine/Plugins/Runtime/MobilePatchingUtils/MobilePatchingUtils.uplugin
LogPluginManager: Loaded Plugin Ansel, From C:/Program Files (x86)/Epic Games/4.14/Engine/Plugins/Runtime/Nvidia/Ansel/Ansel.uplugin
LogPluginManager: Loaded Plugin OculusAudio, From C:/Program Files (x86)/Epic Games/4.14/Engine/Plugins/Runtime/OculusAudio/OculusAudio.uplugin
LogPluginManager: Loaded Plugin OculusInput, From C:/Program Files (x86)/Epic Games/4.14/Engine/Plugins/Runtime/OculusInput/OculusInput.uplugin
LogPluginManager: Loaded Plugin OculusLibrary, From C:/Program Files (x86)/Epic Games/4.14/Engine/Plugins/Runtime/OculusLibrary/OculusLibrary.uplugin
LogPluginManager: Loaded Plugin OculusRift, From C:/Program Files (x86)/Epic Games/4.14/Engine/Plugins/Runtime/OculusRift/OculusRift.uplugin
LogPluginManager: Loaded Plugin Oodle, From C:/Program Files (x86)/Epic Games/4.14/Engine/Plugins/Runtime/PacketHandlers/CompressionComponents/Oodle/Oodle.uplugin
LogPluginManager: Loaded Plugin ProceduralMeshComponent, From C:/Program Files (x86)/Epic Games/4.14/Engine/Plugins/Runtime/ProceduralMeshComponent/ProceduralMeshComponent.uplugin
LogPluginManager: Loaded Plugin SoundMod, From C:/Program Files (x86)/Epic Games/4.14/Engine/Plugins/Runtime/SoundMod/SoundMod.uplugin
LogPluginManager: Loaded Plugin SoundVisualizations, From C:/Program Files (x86)/Epic Games/4.14/Engine/Plugins/Runtime/SoundVisualizations/SoundVisualizations.uplugin
LogPluginManager: Loaded Plugin SteamController, From C:/Program Files (x86)/Epic Games/4.14/Engine/Plugins/Runtime/Steam/SteamController/SteamController.uplugin
LogPluginManager: Loaded Plugin SteamVR, From C:/Program Files (x86)/Epic Games/4.14/Engine/Plugins/Runtime/Steam/SteamVR/SteamVR.uplugin
LogPluginManager: Loaded Plugin WebBrowserWidget, From C:/Program Files (x86)/Epic Games/4.14/Engine/Plugins/Runtime/WebBrowserWidget/WebBrowserWidget.uplugin
LogPluginManager: Loaded Plugin WindowsDeviceProfileSelector, From C:/Program Files (x86)/Epic Games/4.14/Engine/Plugins/Runtime/WindowsDeviceProfileSelector/WindowsDeviceProfileSelector.uplugin
LogPluginManager: Loaded Plugin WindowsMoviePlayer, From C:/Program Files (x86)/Epic Games/4.14/Engine/Plugins/Runtime/WindowsMoviePlayer/WindowsMoviePlayer.uplugin
LogPluginManager: Loaded Plugin ScriptPlugin, From C:/Program Files (x86)/Epic Games/4.14/Engine/Plugins/ScriptPlugin/ScriptPlugin.uplugin
LogPluginManager: Loaded Plugin SlateRemote, From C:/Program Files (x86)/Epic Games/4.14/Engine/Plugins/Slate/SlateRemote/SlateRemote.uplugin
LogPluginManager: Loaded Plugin EditorTests, From C:/Program Files (x86)/Epic Games/4.14/Engine/Plugins/Tests/EditorTests/EditorTests.uplugin
LogPluginManager: Loaded Plugin FbxAutomationTestBuilder, From C:/Program Files (x86)/Epic Games/4.14/Engine/Plugins/Tests/FbxAutomationTestBuilder/FbxAutomationTestBuilder.uplugin
LogPluginManager: Loaded Plugin FunctionalTestingEditor, From C:/Program Files (x86)/Epic Games/4.14/Engine/Plugins/Tests/FunctionalTestingEditor/FunctionalTestingEditor.uplugin
LogPluginManager: Loaded Plugin RuntimeTests, From C:/Program Files (x86)/Epic Games/4.14/Engine/Plugins/Tests/RuntimeTests/RuntimeTests.uplugin
LogPluginManager: Loaded Plugin ScreenshotTools, From C:/Program Files (x86)/Epic Games/4.14/Engine/Plugins/Tests/ScreenshotTools/ScreenshotTools.uplugin
LogInit: Using libcurl 7.47.1
LogInit:  - built for x86_64-pc-win32
LogInit:  - supports SSL with OpenSSL/1.0.2g
LogInit:  - supports HTTP deflate (compression) using libz 1.2.8
LogInit:  - other features:
LogInit:      CURL_VERSION_SSL
LogInit:      CURL_VERSION_LIBZ
LogInit:      CURL_VERSION_IPV6
LogInit:      CURL_VERSION_ASYNCHDNS
LogInit:      CURL_VERSION_LARGEFILE
LogInit:      CURL_VERSION_IDN
LogInit:  CurlRequestOptions (configurable via config and command line):
LogInit:  - bVerifyPeer = false  - Libcurl will NOT verify peer certificate
LogInit:  - bUseHttpProxy = false  - Libcurl will NOT use HTTP proxy
LogInit:  - bDontReuseConnections = false  - Libcurl will reuse connections
LogInit:  - CertBundlePath = nullptr  - Libcurl will use whatever was configured at build time.
LogInit: Build: ++UE4+Release-4.14-CL-3195953
LogInit: Engine Version: 4.14.0-3195953+++UE4+Release-4.14
LogInit: Compatible Engine Version: 4.14.0-3195953+++UE4+Release-4.14
LogInit: Net CL: 3195953
LogDevObjectVersion: Number of dev versions registered: 13
LogDevObjectVersion:   Dev-Blueprints (B0D832E4-1F89-4F0D-ACCF-7EB736FD4AA2): 7
LogDevObjectVersion:   Dev-Build (E1C64328-A22C-4D53-A36C-8E866417BD8C): 0
LogDevObjectVersion:   Dev-Core (375EC13C-06E4-48FB-B500-84F0262A717E): 1
LogDevObjectVersion:   Dev-Editor (E4B068ED-F494-42E9-A231-DA0B2E46BB41): 8
LogDevObjectVersion:   Dev-Framework (CFFC743F-43B0-4480-9391-14DF171D2073): 17
LogDevObjectVersion:   Dev-Mobile (B02B49B5-BB20-44E9-A304-32B752E40360): 0
LogDevObjectVersion:   Dev-Networking (A4E4105C-59A1-49B5-A7C5-40C4547EDFEE): 0
LogDevObjectVersion:   Dev-Online (39C831C9-5AE6-47DC-9A44-9C173E1C8E7C): 0
LogDevObjectVersion:   Dev-Physics (78F01B33-EBEA-4F98-B9B4-84EACCB95AA2): 0
LogDevObjectVersion:   Dev-Platform (6631380F-2D4D-43E0-8009-CF276956A95A): 0
LogDevObjectVersion:   Dev-Rendering (12F88B9F-8875-4AFC-A67C-D90C383ABD29): 12
LogDevObjectVersion:   Dev-Sequencer (7B5AE74C-D270-4C10-A958-57980B212A5A): 1
LogDevObjectVersion:   Dev-VR (D7296918-1DD6-4BDD-9DE2-64A83CC13884): 0
LogInit: Compiled (64-bit): Nov 12 2016 02:14:10
LogInit: Compiled with Visual C++: 19.00.23026.00
LogInit: Build Configuration: Development
LogInit: Branch Name: ++UE4+Release-4.14
LogInit: Command line: -EpicPortal 
LogInit: Base directory: C:/Program Files (x86)/Epic Games/4.14/Engine/Binaries/Win64/
LogInit: Installed Engine Build: 1
LogInit: Presizing for max 8388607 objects, including 0 objects not considered by GC, pre-allocating 0 bytes for permanent pool.
LogInit: Object subsystem initialized
[2017.04.04-14.33.12:243][  0]LogInit: Selected Device Profile: [Windows]
[2017.04.04-14.33.12:243][  0]LogInit: Applying CVar settings loaded from the selected device profile: [Windows]
[2017.04.04-14.33.12:260][  0]LogInit: Computer: FOUR
[2017.04.04-14.33.12:260][  0]LogInit: User: UKGC
[2017.04.04-14.33.12:260][  0]LogInit: CPU Page size=65536, Cores=2
[2017.04.04-14.33.12:260][  0]LogInit: High frequency timer resolution =3.118203 MHz
[2017.04.04-14.33.12:261][  0]LogMemory: Memory total: Physical=8.0GB (8GB approx)
[2017.04.04-14.33.12:261][  0]LogMemory: Platform Memory Stats for Windows
[2017.04.04-14.33.12:261][  0]LogMemory: Process Physical Memory: 263.98 MB used, 263.98 MB peak
[2017.04.04-14.33.12:261][  0]LogMemory: Process Virtual Memory: 263.18 MB used, 263.18 MB peak
[2017.04.04-14.33.12:261][  0]LogMemory: Physical Memory: 4244.95 MB used,  3914.20 MB free, 8159.15 MB total
[2017.04.04-14.33.12:261][  0]LogMemory: Virtual Memory: 653.04 MB used,  3914.20 MB free, 8388608.00 MB total
[2017.04.04-14.33.12:310][  0]LogTextLocalizationManager: No specific translations for ('en-GB') exist, so ('en') translations will be used.
[2017.04.04-14.33.13:102][  0]LogD3D11RHI: D3D11 adapters:
[2017.04.04-14.33.13:118][  0]LogD3D11RHI:    0. 'AMD Radeon HD 5570' (Feature Level 11_0)
[2017.04.04-14.33.13:118][  0]LogD3D11RHI:       1010/0/3823 MB DedicatedVideo/DedicatedSystem/SharedSystem, Outputs:1, VendorId:0x1002
[2017.04.04-14.33.13:118][  0]LogD3D11RHI: Chosen D3D11 Adapter: 0
[2017.04.04-14.33.13:123][  0]LogD3D11RHI: Creating new Direct3DDevice
[2017.04.04-14.33.13:123][  0]LogD3D11RHI:     GPU DeviceId: 0x68d9 (for the marketing name, search the web for "GPU Device Id")
[2017.04.04-14.33.13:123][  0]LogWindows: EnumDisplayDevices:
[2017.04.04-14.33.13:124][  0]LogWindows:    0. 'AMD Radeon HD 5570' (P:1 D:1)
[2017.04.04-14.33.13:124][  0]LogWindows:    1. 'AMD Radeon HD 5570' (P:0 D:0)
[2017.04.04-14.33.13:124][  0]LogWindows:    2. 'AMD Radeon HD 5570' (P:0 D:0)
[2017.04.04-14.33.13:124][  0]LogWindows:    3. 'RDPDD Chained DD' (P:0 D:0)
[2017.04.04-14.33.13:124][  0]LogWindows:    4. 'RDP Encoder Mirror Driver' (P:0 D:0)
[2017.04.04-14.33.13:124][  0]LogWindows:    5. 'RDP Reflector Display Driver' (P:0 D:0)
[2017.04.04-14.33.13:125][  0]LogWindows: DebugString: GetVideoDriverDetailsInvalid PrimaryIsNotTheChoosenAdapter GetVideoDriverDetailsInvalid PrimaryIsNotTheChoosenAdapter GetVideoDriverDetailsInvalid PrimaryIsNotTheChoosenAdapter FoundDriverCount:3 
[2017.04.04-14.33.13:125][  0]LogD3D11RHI:     Adapter Name: AMD Radeon HD 5570
[2017.04.04-14.33.13:125][  0]LogD3D11RHI:   Driver Version: Catalyst 15.7.1 (internal:15.200.1062.1004, unified:15.200.1062.1004)
[2017.04.04-14.33.13:125][  0]LogD3D11RHI:      Driver Date: 8-3-2015
[2017.04.04-14.33.13:125][  0]LogRHI: Texture pool is 707 MB (70% of 1010 MB)
[2017.04.04-14.33.13:133][  0]LogD3D11RHI: Async texture creation enabled
[2017.04.04-14.33.13:144][  0]LogD3D11RHI: GPU Timing Frequency: 27.000000 (Debug: 2 1)
[2017.04.04-14.33.13:145][  0]LogShaderCompilers: Guid format shader working directory is -22 characters bigger than the processId version (../../../../../../Users/UKGC/Documents/Unreal Projects/GoneFission2/Intermediate/Shaders/WorkingDirectory/1064/).
[2017.04.04-14.33.13:145][  0]LogShaderCompilers: Cleaned the shader compiler working directory 'C:/Users/UKGC/AppData/Local/Temp/UnrealShaderWorkingDir/ED390A3F4849426161D87AB1327F05AD/'.
[2017.04.04-14.33.13:145][  0]LogShaderCompilers:Display: Using Local Shader Compiler.
[2017.04.04-14.33.14:676][  0]LogTemp:Display: Loaded TP AllDesktopTargetPlatform
[2017.04.04-14.33.14:743][  0]LogTemp:Display: Loaded TP MacClientTargetPlatform
[2017.04.04-14.33.14:812][  0]LogTemp:Display: Loaded TP MacNoEditorTargetPlatform
[2017.04.04-14.33.14:891][  0]LogTemp:Display: Loaded TP MacServerTargetPlatform
[2017.04.04-14.33.14:965][  0]LogTemp:Display: Loaded TP MacTargetPlatform
[2017.04.04-14.33.15:039][  0]LogTemp:Display: Loaded TP WindowsClientTargetPlatform
[2017.04.04-14.33.15:105][  0]LogTemp:Display: Loaded TP WindowsNoEditorTargetPlatform
[2017.04.04-14.33.15:175][  0]LogTemp:Display: Loaded TP WindowsServerTargetPlatform
[2017.04.04-14.33.15:225][  0]LogTemp:Display: Loaded TP WindowsTargetPlatform
[2017.04.04-14.33.15:290][  0]LogTemp:Display: Loaded TP AndroidTargetPlatform
[2017.04.04-14.33.15:356][  0]LogTemp:Display: Loaded TP Android_ASTCTargetPlatform
[2017.04.04-14.33.15:420][  0]LogTemp:Display: Loaded TP Android_ATCTargetPlatform
[2017.04.04-14.33.15:486][  0]LogTemp:Display: Loaded TP Android_DXTTargetPlatform
[2017.04.04-14.33.15:554][  0]LogTemp:Display: Loaded TP Android_ETC1TargetPlatform
[2017.04.04-14.33.15:626][  0]LogTemp:Display: Loaded TP Android_ETC2TargetPlatform
[2017.04.04-14.33.15:762][  0]LogTemp:Display: Loaded TP Android_MultiTargetPlatform
[2017.04.04-14.33.15:762][  0]LogTemp:Display: Loaded TP Android_PVRTCTargetPlatform
[2017.04.04-14.33.15:807][  0]LogTemp:Display: Loaded TP HTML5TargetPlatform
[2017.04.04-14.33.15:919][  0]LogTemp:Display: Loaded TP IOSTargetPlatform
[2017.04.04-14.33.15:965][  0]LogTemp:Display: Loaded TP TVOSTargetPlatform
[2017.04.04-14.33.16:033][  0]LogTemp:Display: Loaded TP LinuxClientTargetPlatform
[2017.04.04-14.33.16:101][  0]LogTemp:Display: Loaded TP LinuxNoEditorTargetPlatform
[2017.04.04-14.33.16:175][  0]LogTemp:Display: Loaded TP LinuxServerTargetPlatform
[2017.04.04-14.33.16:247][  0]LogTemp:Display: Loaded TP LinuxTargetPlatform
[2017.04.04-14.33.16:247][  0]LogTargetPlatformManager:Display: Building Assets For Windows
[2017.04.04-14.33.16:719][  0]LogDerivedDataCache:Display: Max Cache Size: 512 MB
[2017.04.04-14.33.16:790][  0]LogDerivedDataCache: Loaded boot cache 0.07s 50MB C:/Users/UKGC/AppData/Local/UnrealEngine/4.14/DerivedDataCache/Boot.ddc.
[2017.04.04-14.33.16:790][  0]LogDerivedDataCache:Display: Loaded Boot cache: C:/Users/UKGC/AppData/Local/UnrealEngine/4.14/DerivedDataCache/Boot.ddc
[2017.04.04-14.33.16:790][  0]LogDerivedDataCache: FDerivedDataBackendGraph:  Pak pak cache file ../../../../../../Users/UKGC/Documents/Unreal Projects/GoneFission2/DerivedDataCache/DDC.ddp not found, will not use a pak cache.
[2017.04.04-14.33.16:790][  0]LogDerivedDataCache: Unable to find inner node Pak for hierarchical cache Hierarchy.
[2017.04.04-14.33.16:790][  0]LogDerivedDataCache: FDerivedDataBackendGraph:  CompressedPak pak cache file ../../../../../../Users/UKGC/Documents/Unreal Projects/GoneFission2/DerivedDataCache/Compressed.ddp not found, will not use a pak cache.
[2017.04.04-14.33.16:790][  0]LogDerivedDataCache: Unable to find inner node CompressedPak for hierarchical cache Hierarchy.
[2017.04.04-14.33.16:811][  0]LogDerivedDataCache:Display: Pak cache opened for reading ../../../Engine/DerivedDataCache/Compressed.ddp.
[2017.04.04-14.33.16:822][  0]LogDerivedDataCache: Using Local data cache path C:/Users/UKGC/AppData/Local/UnrealEngine/Common/DerivedDataCache: Writable
[2017.04.04-14.33.17:085][  0]LogInit: Selected Device Profile: [Windows]
[2017.04.04-14.33.17:090][  0]LogContentStreaming: Texture pool size is 0.00 MB
[2017.04.04-14.33.17:396][  0]LogMeshUtilities: Using QuadricMeshReduction for automatic static mesh reduction
[2017.04.04-14.33.17:451][  0]LogSimplygon: Simplygon DLL not present - disabling.
[2017.04.04-14.33.17:502][  0]LogMeshUtilities: Using SimplygonSwarm for distributed automatic mesh merging
[2017.04.04-14.33.17:502][  0]LogMeshUtilities: No automatic skeletal mesh reduction module available
[2017.04.04-14.33.17:502][  0]LogMeshUtilities: No automatic mesh merging module available
[2017.04.04-14.33.18:149][  0]LogNetVersion: GetLocalNetworkVersion: CL: 3195953, ProjectName: gonefission2, ProjectVersion: , EngineNetworkVersion: 2, GameNetworkVersion: 0, NetworkChecksum: 851481081
[2017.04.04-14.33.18:208][  0]LogAssetRegistry: FAssetRegistry took 0.0202 seconds to start up
[2017.04.04-14.33.18:265][  0]LogPackageLocalizationCache: Processed 3 localized package path(s) for 2 prioritized culture(s) in 0.032847 seconds
[2017.04.04-14.33.18:272][  0]LogUObjectArray: 31946 objects as part of root set at end of initial load.
[2017.04.04-14.33.18:272][  0]LogUObjectAllocator: 6935840 out of 0 bytes used by permanent object pool.
[2017.04.04-14.33.18:272][  0]LogUObjectArray: CloseDisregardForGC: 0/0 objects in disregard for GC pool
[2017.04.04-14.33.18:341][  0]LogInit: WinSock: version 1.1 (2.2), MaxSocks=32767, MaxUdp=65467
[2017.04.04-14.33.19:303][  0]LogSlate: Using Freetype 2.6.0
[2017.04.04-14.33.19:304][  0]LogSlate: SlateFontCache - WITH_FREETYPE: 1, WITH_HARFBUZZ: 1
[2017.04.04-14.33.19:304][  0]LogSlate: SlateFontCache - WITH_FREETYPE: 1, WITH_HARFBUZZ: 1
[2017.04.04-14.33.20:202][  0]LogSubstanceCoreModule: Substance CPU Engine Loaded, Max Texture Size 2048
[2017.04.04-14.33.20:234][  0]LogTcpMessaging: Initializing TcpMessaging bridge
[2017.04.04-14.33.20:274][  0]LogUdpMessaging: Initializing bridge on interface 0.0.0.0:0 to multicast group 230.0.0.1:6666.
[2017.04.04-14.33.20:614][  0]LogMaterial: Uniform references updated for custom material expression Custom.
[2017.04.04-14.33.21:063][  0]SourceControl: Info Source control is disabled
[2017.04.04-14.33.21:064][  0]SourceControl: Info Source control is disabled
[2017.04.04-14.33.21:127][  0]SourceControl: Info Source control is disabled
[2017.04.04-14.33.21:180][  0]SourceControl: Info Source control is disabled
[2017.04.04-14.33.22:645][  0]LogEngine: Initializing Engine...
[2017.04.04-14.33.22:646][  0]LogHMD: Failed to initialize OpenVR with code 100
[2017.04.04-14.33.22:930][  0]LogAIModule: Creating AISystem for world Untitled
[2017.04.04-14.33.22:951][  0]LogInit: XAudio2 using 'Headphones (2- High Definition Audio Device)' : 2 channels at 44.1 kHz using 16 bits per sample (channel mask 0x3)
[2017.04.04-14.33.22:980][  0]LogInit: FAudioDevice initialized.
[2017.04.04-14.33.23:007][  0]LogDerivedDataCache: Saved boot cache 0.03s 50MB C:/Users/UKGC/AppData/Local/UnrealEngine/4.14/DerivedDataCache/Boot.ddc.
[2017.04.04-14.33.23:018][  0]LogInit: Texture streaming: Enabled
[2017.04.04-14.33.23:257][  0]LogInit: Transaction tracking system initialized
[2017.04.04-14.33.23:654][  0]BlueprintLog: New page: Editor Load
[2017.04.04-14.33.24:644][  0]LocalizationService: Info Localization service is disabled
[2017.04.04-14.33.25:671][  0]LogConsoleResponse:Display: 
[2017.04.04-14.33.25:906][  0]LogCook:Display: Max memory allowance for cook 16384mb min free memory 0mb
[2017.04.04-14.33.25:906][  0]LogCook:Display: Mobile HDR setting 1
[2017.04.04-14.33.26:940][  0]LogFileCache: Scanning file cache for directory 'C:/Users/UKGC/Documents/Unreal Projects/GoneFission2/Content/' took 0.02s
[2017.04.04-14.33.26:991][  0]SourceControl: Info Source control is disabled
[2017.04.04-14.33.26:991][  0]Cmd: MAP LOAD FILE="../../../../../../Users/UKGC/Documents/Unreal Projects/GoneFission2/Content/ThirdPersonBP/Maps/ThirdPersonExampleMap.umap" TEMPLATE=0 SHOWPROGRESS=1 FEATURELEVEL=3
[2017.04.04-14.33.26:991][  0]LightingResults: New page: Lighting Build
[2017.04.04-14.33.27:037][  0]MapCheck: New page: Map Check
[2017.04.04-14.33.27:037][  0]LightingResults: New page: Lighting Build
[2017.04.04-14.33.32:414][  0]LogSpawn:Warning: UWorld::DestroyActor: World has no context! World: ThirdPersonExampleMap, Actor: /Game/ThirdPersonBP/Maps/ThirdPersonExampleMap.ThirdPersonExampleMap:PersistentLevel.DESTROYED_Gun_C_CHILDACTOR_14
[2017.04.04-14.33.32:731][  0]LogAnimationCompression: Building Anim DDC data for AnimSequence /Game/Mannequin/Animations/ThirdPersonWalk.ThirdPersonWalk
[2017.04.04-14.33.32:840][  0]LogAnimationCompression: Building Anim DDC data for AnimSequence /Game/Mannequin/Animations/ThirdPersonRun.ThirdPersonRun
[2017.04.04-14.33.32:866][  0]LogAnimationCompression: Building Anim DDC data for AnimSequence /Game/Mannequin/Animations/ThirdPersonIdle.ThirdPersonIdle
[2017.04.04-14.33.32:984][  0]LogAnimationCompression: Building Anim DDC data for AnimSequence /Game/Mannequin/Animations/ThirdPersonJump_Start.ThirdPersonJump_Start
[2017.04.04-14.33.33:024][  0]LogAnimationCompression: Building Anim DDC data for AnimSequence /Game/Mannequin/Animations/ThirdPersonJump_Loop.ThirdPersonJump_Loop
[2017.04.04-14.33.33:049][  0]LogAnimationCompression: Building Anim DDC data for AnimSequence /Game/Mannequin/Animations/ThirdPerson_Jump.ThirdPerson_Jump
[2017.04.04-14.33.33:267][  0]LogAIModule: Creating AISystem for world ThirdPersonExampleMap
[2017.04.04-14.33.33:373][  0]LogEditorServer: Finished looking for orphan Actors (0.000 secs)
[2017.04.04-14.33.33:472][  0]Cmd: MAP CHECKDEP NOCLEARLOG
[2017.04.04-14.33.33:520][  0]MapCheck: Info Map check complete: 0 Error(s), 0 Warning(s), took 46.955ms to complete.
[2017.04.04-14.33.33:520][  0]LogFileHelpers: Loading map 'ThirdPersonExampleMap' took 6.528
[2017.04.04-14.33.34:205][  0]LogCollectionManager: Loaded 0 collections in 0.001468 seconds
[2017.04.04-14.33.34:384][  0]LogFileCache: Scanning file cache for directory 'C:/Users/UKGC/Documents/Unreal Projects/GoneFission2/Saved/Collections/' took 0.01s
[2017.04.04-14.33.34:384][  0]LogFileCache: Scanning file cache for directory 'C:/Users/UKGC/Documents/Unreal Projects/GoneFission2/Content/Developers/UKGC/Collections/' took 0.01s
[2017.04.04-14.33.34:384][  0]LogFileCache: Scanning file cache for directory 'C:/Users/UKGC/Documents/Unreal Projects/GoneFission2/Content/Collections/' took 0.01s
[2017.04.04-14.33.34:384][  0]LogCollectionManager: Rebuilt the GUID cache for 0 collections in 0.000002 seconds
[2017.04.04-14.33.34:407][  0]LogContentBrowser: Native class hierarchy populated in 0.0188 seconds. Added 2205 classes and 434 folders.
[2017.04.04-14.33.34:548][  0]LogStats: UGameplayTagsManager::ConstructGameplayTagTree: Construct from data asset -  0.000 s
[2017.04.04-14.33.34:549][  0]LogStats: UGameplayTagsManager::ConstructGameplayTagTree: GameplayTagTreeChangedEvent.Broadcast -  0.000 s
[2017.04.04-14.33.34:558][  0]LogContentBrowser: Native class hierarchy updated for 'GameplayTags' in 0.0006 seconds. Added 13 classes and 0 folders.
[2017.04.04-14.33.34:645][  0]LogContentBrowser: Native class hierarchy updated for 'WidgetCarousel' in 0.0005 seconds. Added 0 classes and 0 folders.
[2017.04.04-14.33.36:533][  0]LogContentBrowser: Native class hierarchy updated for 'AddContentDialog' in 0.0005 seconds. Added 0 classes and 0 folders.
[2017.04.04-14.33.36:642][  0]LogContentBrowser: Native class hierarchy updated for 'SceneOutliner' in 0.0006 seconds. Added 1 classes and 2 folders.
[2017.04.04-14.33.36:843][  0]LogCrashTracker: Crashtracker disabled due to settings.
[2017.04.04-14.33.36:922][  0]LogUObjectGlobals:Warning: Failed to find object 'Class None.'
[2017.04.04-14.33.37:020][  0]LogContentBrowser: Native class hierarchy updated for 'HierarchicalLODOutliner' in 0.0006 seconds. Added 1 classes and 2 folders.
[2017.04.04-14.33.37:020][  0]LogLoad: (Engine Initialization) Total time: 27.20 seconds
[2017.04.04-14.33.37:020][  0]LogLoad: (Engine Initialization) Total Blueprint compile time: 0.44 seconds
[2017.04.04-14.33.37:020][  0]LogExternalProfiler: Found external profiler: VSPerf
[2017.04.04-14.33.37:020][  0]LogExternalProfiler: Using external profiler: VSPerf
[2017.04.04-14.33.37:359][  0]LogOcInput: OculusInput pre-init called
[2017.04.04-14.33.37:422][  0]LogContentStreaming: Texture pool size now 400 MB
[2017.04.04-14.33.38:538][  1]LogRenderer: Reallocating scene render targets to support 376x340 NumSamples 1 (Frame:2).
[2017.04.04-14.33.39:273][  2]LogAssetRegistry: Asset discovery search completed in 21.0860 seconds
[2017.04.04-14.33.39:273][  2]LogCollectionManager: Rebuilt the object cache for 0 collections in 0.000001 seconds (found 0 objects)
[2017.04.04-14.33.39:273][  2]LogCollectionManager: Fixed up redirectors for 0 collections in 0.000018 seconds (updated 0 objects)
[2017.04.04-14.35.16:536][381]LogRenderer: Reallocating scene render targets to support 376x524 NumSamples 1 (Frame:103).
[2017.04.04-14.35.22:670][623]LogRenderer: Reallocating scene render targets to support 400x524 NumSamples 1 (Frame:237).
[2017.04.04-14.35.22:715][624]LogRenderer: Reallocating scene render targets to support 424x524 NumSamples 1 (Frame:239).
[2017.04.04-14.35.22:759][625]LogRenderer: Reallocating scene render targets to support 428x524 NumSamples 1 (Frame:241).
[2017.04.04-14.35.25:841][851]LogEditorViewport: Clicking on Actor (LMB): ThirdPersonCharacter_C (ThirdPersonCharacter)
[2017.04.04-14.35.34:036][ 33]Cmd: TRANSACTION UNDO
[2017.04.04-14.35.34:063][ 33]LogEditorTransaction: Undo Move Actors
[2017.04.04-14.35.36:899][166]LogRenderer: Reallocating scene render targets to support 444x524 NumSamples 1 (Frame:960).
[2017.04.04-14.35.36:981][167]LogRenderer: Reallocating scene render targets to support 468x524 NumSamples 1 (Frame:964).
[2017.04.04-14.35.37:070][168]LogRenderer: Reallocating scene render targets to support 480x524 NumSamples 1 (Frame:968).
[2017.04.04-14.35.37:160][169]LogRenderer: Reallocating scene render targets to support 500x524 NumSamples 1 (Frame:972).
[2017.04.04-14.35.37:236][170]LogRenderer: Reallocating scene render targets to support 528x524 NumSamples 1 (Frame:976).
[2017.04.04-14.35.37:311][171]LogRenderer: Reallocating scene render targets to support 584x524 NumSamples 1 (Frame:980).
[2017.04.04-14.35.37:396][172]LogRenderer: Reallocating scene render targets to support 648x524 NumSamples 1 (Frame:984).
[2017.04.04-14.35.37:474][173]LogRenderer: Reallocating scene render targets to support 696x524 NumSamples 1 (Frame:988).
[2017.04.04-14.35.37:548][174]LogRenderer: Reallocating scene render targets to support 708x524 NumSamples 1 (Frame:992).
[2017.04.04-14.35.37:623][175]LogRenderer: Reallocating scene render targets to support 712x524 NumSamples 1 (Frame:996).
[2017.04.04-14.35.37:920][191]LogRenderer: Reallocating scene render targets to support 716x524 NumSamples 1 (Frame:1006).
[2017.04.04-14.35.37:973][191]LogRenderer: Reallocating scene render targets to support 720x524 NumSamples 1 (Frame:1008).
[2017.04.04-14.35.38:046][192]LogRenderer: Reallocating scene render targets to support 724x524 NumSamples 1 (Frame:1012).
[2017.04.04-14.36.36:121][256]LogMetaData: Removing '/Game/ThirdPersonBP/ThirdPerson_AnimBP.ThirdPerson_AnimBP_C' ref from Metadata '/Game/Mannequin/Animations/ThirdPerson_AnimBP.PackageMetaData'
[2017.04.04-14.36.36:121][256]LogMetaData: Removing '/Game/ThirdPersonBP/ThirdPerson_AnimBP.ThirdPerson_AnimBP:AnimGraph.AnimGraphNode_StateMachine_1.Default.AnimStateTransitionNode_4.Transition.AnimGraphNode_TransitionResult_26' ref from Metadata '/Game/Mannequin/Animations/ThirdPerson_AnimBP.PackageMetaData'
[2017.04.04-14.36.36:121][256]LogMetaData: Removing '/Game/ThirdPersonBP/ThirdPerson_AnimBP.ThirdPerson_AnimBP:AnimGraph.AnimGraphNode_StateMachine_1.Default.AnimStateTransitionNode_6.Transition.AnimGraphNode_TransitionResult_37' ref from Metadata '/Game/Mannequin/Animations/ThirdPerson_AnimBP.PackageMetaData'
[2017.04.04-14.36.36:121][256]LogMetaData: Removing '/Game/ThirdPersonBP/ThirdPerson_AnimBP.ThirdPerson_AnimBP:AnimGraph.AnimGraphNode_StateMachine_1.Default.AnimStateTransitionNode_2.Transition.AnimGraphNode_TransitionResult_15' ref from Metadata '/Game/Mannequin/Animations/ThirdPerson_AnimBP.PackageMetaData'
[2017.04.04-14.36.36:121][256]LogMetaData: Removing '/Game/ThirdPersonBP/ThirdPerson_AnimBP.ThirdPerson_AnimBP:AnimGraph.AnimGraphNode_StateMachine_1.Default.AnimStateTransitionNode_8.Transition.AnimGraphNode_TransitionResult_48' ref from Metadata '/Game/Mannequin/Animations/ThirdPerson_AnimBP.PackageMetaData'
[2017.04.04-14.36.36:121][256]LogMetaData: Removing '/Game/ThirdPersonBP/ThirdPerson_AnimBP.ThirdPerson_AnimBP_C:ExecuteUbergraph_ThirdPerson_AnimBP' ref from Metadata '/Game/Mannequin/Animations/ThirdPerson_AnimBP.PackageMetaData'
[2017.04.04-14.36.36:121][256]LogMetaData: Removing '/Game/ThirdPersonBP/ThirdPerson_AnimBP.ThirdPerson_AnimBP_C:BlueprintUpdateAnimation' ref from Metadata '/Game/Mannequin/Animations/ThirdPerson_AnimBP.PackageMetaData'
[2017.04.04-14.36.36:121][256]LogMetaData: Removing '/Game/ThirdPersonBP/ThirdPerson_AnimBP.ThirdPerson_AnimBP_C:IsInAir?' ref from Metadata '/Game/Mannequin/Animations/ThirdPerson_AnimBP.PackageMetaData'
[2017.04.04-14.36.36:121][256]LogMetaData: Removing '/Game/ThirdPersonBP/ThirdPerson_AnimBP.ThirdPerson_AnimBP_C:Speed' ref from Metadata '/Game/Mannequin/Animations/ThirdPerson_AnimBP.PackageMetaData'
[2017.04.04-14.36.36:121][256]LogMetaData: Removing '/Game/ThirdPersonBP/ThirdPerson_AnimBP.ThirdPerson_AnimBP_C:AimingWeapn' ref from Metadata '/Game/Mannequin/Animations/ThirdPerson_AnimBP.PackageMetaData'
[2017.04.04-14.36.36:121][256]LogMetaData: Removing '/Game/ThirdPersonBP/ThirdPerson_AnimBP.ThirdPerson_AnimBP_C:AimingSpineRotator' ref from Metadata '/Game/Mannequin/Animations/ThirdPerson_AnimBP.PackageMetaData'
[2017.04.04-14.36.36:121][256]LogMetaData: Removing '/Game/ThirdPersonBP/ThirdPerson_AnimBP.SKEL_ThirdPerson_AnimBP_C:AimingSpineRotator' ref from Metadata '/Game/Mannequin/Animations/ThirdPerson_AnimBP.PackageMetaData'
[2017.04.04-14.36.36:121][256]LogMetaData: Removing '/Game/ThirdPersonBP/ThirdPerson_AnimBP.SKEL_ThirdPerson_AnimBP_C:AimingWeapn' ref from Metadata '/Game/Mannequin/Animations/ThirdPerson_AnimBP.PackageMetaData'
[2017.04.04-14.36.36:121][256]LogMetaData: Removing '/Game/ThirdPersonBP/ThirdPerson_AnimBP.SKEL_ThirdPerson_AnimBP_C:Speed' ref from Metadata '/Game/Mannequin/Animations/ThirdPerson_AnimBP.PackageMetaData'
[2017.04.04-14.36.36:121][256]LogMetaData: Removing '/Game/ThirdPersonBP/ThirdPerson_AnimBP.SKEL_ThirdPerson_AnimBP_C:IsInAir?' ref from Metadata '/Game/Mannequin/Animations/ThirdPerson_AnimBP.PackageMetaData'
[2017.04.04-14.36.36:121][256]LogMetaData: Removing '/Game/ThirdPersonBP/ThirdPerson_AnimBP.SKEL_ThirdPerson_AnimBP_C:BlueprintUpdateAnimation' ref from Metadata '/Game/Mannequin/Animations/ThirdPerson_AnimBP.PackageMetaData'
[2017.04.04-14.36.36:121][256]LogMetaData: Removing '/Game/ThirdPersonBP/ThirdPerson_AnimBP.SKEL_ThirdPerson_AnimBP_C:ExecuteUbergraph_ThirdPerson_AnimBP' ref from Metadata '/Game/Mannequin/Animations/ThirdPerson_AnimBP.PackageMetaData'
[2017.04.04-14.36.36:121][256]LogMetaData: Removing '/Game/ThirdPersonBP/ThirdPerson_AnimBP.SKEL_ThirdPerson_AnimBP_C' ref from Metadata '/Game/Mannequin/Animations/ThirdPerson_AnimBP.PackageMetaData'
[2017.04.04-14.36.36:195][256]Cmd: OBJ SAVEPACKAGE PACKAGE="/Game/ThirdPersonBP/ThirdPerson_AnimBP" FILE="../../../../../../Users/UKGC/Documents/Unreal Projects/GoneFission2/Content/ThirdPersonBP/ThirdPerson_AnimBP.uasset" SILENT=true
[2017.04.04-14.36.36:373][256]LogSavePackage: Save=164.14ms
[2017.04.04-14.36.36:373][256]LogSavePackage: Moving '../../../../../../Users/UKGC/Documents/Unreal Projects/GoneFission2/Saved/ThirdPerson_AnimBP98F9BAE941CE5E56ADFF59B4A2B1F395.tmp' to '../../../../../../Users/UKGC/Documents/Unreal Projects/GoneFission2/Content/ThirdPersonBP/ThirdPerson_AnimBP.uasset'
[2017.04.04-14.36.36:387][256]LogSavePackage:Display: Finished SavePackage ../../../../../../Users/UKGC/Documents/Unreal Projects/GoneFission2/Content/ThirdPersonBP/ThirdPerson_AnimBP.uasset
[2017.04.04-14.36.36:717][256]LogSavePackage: Save=89.75ms
[2017.04.04-14.36.36:717][256]LogSavePackage: Moving '../../../../../../Users/UKGC/Documents/Unreal Projects/GoneFission2/Saved/ThirdPersonCharacterBD3B073648278788C1129E957E8E6CF8.tmp' to '../../../../../../Users/UKGC/Documents/Unreal Projects/GoneFission2/Content/ThirdPersonBP/Blueprints/ThirdPersonCharacter.uasset'
[2017.04.04-14.36.36:719][256]LogSavePackage:Display: Finished SavePackage ../../../../../../Users/UKGC/Documents/Unreal Projects/GoneFission2/Content/ThirdPersonBP/Blueprints/ThirdPersonCharacter.uasset
[2017.04.04-14.36.41:248][396]LogTemp: Repeting last play command: Selected Viewport
[2017.04.04-14.36.41:280][396]LogBlueprintUserMessages: Early PlayInEditor Detection: Level '/Game/ThirdPersonBP/Maps/ThirdPersonExampleMap.ThirdPersonExampleMap:PersistentLevel' has LevelScriptBlueprint '/Game/ThirdPersonBP/Maps/ThirdPersonExampleMap.ThirdPersonExampleMap:PersistentLevel.ThirdPersonExampleMap' with GeneratedClass '/Game/ThirdPersonBP/Maps/ThirdPersonExampleMap.ThirdPersonExampleMap_C' with ClassGeneratedBy '/Game/ThirdPersonBP/Maps/ThirdPersonExampleMap.ThirdPersonExampleMap:PersistentLevel.ThirdPersonExampleMap'
[2017.04.04-14.36.41:289][396]LogPlayLevel: PlayLevel: No blueprints needed recompiling
[2017.04.04-14.36.41:318][396]PIE: New page: PIE session: ThirdPersonExampleMap (4 Apr 2017 16:36:41)
[2017.04.04-14.36.41:318][396]LogPlayLevel: Creating play world package: /Game/ThirdPersonBP/Maps/UEDPIE_0_ThirdPersonExampleMap
[2017.04.04-14.36.41:348][396]LogPlayLevel: PIE: StaticDuplicateObject took: (0.029515s)
[2017.04.04-14.36.41:349][396]LogAIModule: Creating AISystem for world ThirdPersonExampleMap
[2017.04.04-14.36.41:350][396]LogPlayLevel: PIE: World Init took: (0.001692s)
[2017.04.04-14.36.41:350][396]LogPlayLevel: PIE: Created PIE world by copying editor world from /Game/ThirdPersonBP/Maps/ThirdPersonExampleMap.ThirdPersonExampleMap to /Game/ThirdPersonBP/Maps/UEDPIE_0_ThirdPersonExampleMap.ThirdPersonExampleMap (0.031791s)
[2017.04.04-14.36.41:435][396]LogInit: XAudio2 using 'Headphones (2- High Definition Audio Device)' : 2 channels at 44.1 kHz using 16 bits per sample (channel mask 0x3)
[2017.04.04-14.36.41:443][396]LogInit: FAudioDevice initialized.
[2017.04.04-14.36.41:852][396]LogLoad: Game class is 'ThirdPersonGameMode_C'
[2017.04.04-14.36.41:869][396]LogWorld: Bringing World /Game/ThirdPersonBP/Maps/UEDPIE_0_ThirdPersonExampleMap.ThirdPersonExampleMap up for play (max tick rate 0) at 2017.04.04-15.36.41
[2017.04.04-14.36.41:870][396]LogWorld: Bringing up level for play took: 0.002955
[2017.04.04-14.36.41:977][396]LogContentBrowser: Native class hierarchy updated for 'MovieSceneCapture' in 0.0008 seconds. Added 11 classes and 0 folders.
[2017.04.04-14.36.41:988][396]PIE: Info Play in editor start time for /Game/ThirdPersonBP/Maps/UEDPIE_0_ThirdPersonExampleMap 0.425
[2017.04.04-14.36.41:988][396]LogBlueprintUserMessages: Late PlayInEditor Detection: Level '/Game/ThirdPersonBP/Maps/ThirdPersonExampleMap.ThirdPersonExampleMap:PersistentLevel' has LevelScriptBlueprint '/Game/ThirdPersonBP/Maps/ThirdPersonExampleMap.ThirdPersonExampleMap:PersistentLevel.ThirdPersonExampleMap' with GeneratedClass '/Game/ThirdPersonBP/Maps/ThirdPersonExampleMap.ThirdPersonExampleMap_C' with ClassGeneratedBy '/Game/ThirdPersonBP/Maps/ThirdPersonExampleMap.ThirdPersonExampleMap:PersistentLevel.ThirdPersonExampleMap'
[2017.04.04-14.38.29:871][641]LogBlueprintUserMessages: Early EndPlayMap Detection: Level '/Game/ThirdPersonBP/Maps/ThirdPersonExampleMap.ThirdPersonExampleMap:PersistentLevel' has LevelScriptBlueprint '/Game/ThirdPersonBP/Maps/ThirdPersonExampleMap.ThirdPersonExampleMap:PersistentLevel.ThirdPersonExampleMap' with GeneratedClass '/Game/ThirdPersonBP/Maps/ThirdPersonExampleMap.ThirdPersonExampleMap_C' with ClassGeneratedBy '/Game/ThirdPersonBP/Maps/ThirdPersonExampleMap.ThirdPersonExampleMap:PersistentLevel.ThirdPersonExampleMap'
[2017.04.04-14.38.30:078][641]LogBlueprintUserMessages: Late EndPlayMap Detection: Level '/Game/ThirdPersonBP/Maps/ThirdPersonExampleMap.ThirdPersonExampleMap:PersistentLevel' has LevelScriptBlueprint '/Game/ThirdPersonBP/Maps/ThirdPersonExampleMap.ThirdPersonExampleMap:PersistentLevel.ThirdPersonExampleMap' with GeneratedClass '/Game/ThirdPersonBP/Maps/ThirdPersonExampleMap.ThirdPersonExampleMap_C' with ClassGeneratedBy '/Game/ThirdPersonBP/Maps/ThirdPersonExampleMap.ThirdPersonExampleMap:PersistentLevel.ThirdPersonExampleMap'
[2017.04.04-14.38.36:903][893]LogEditorViewport: Clicking on Actor (LMB): ThirdPersonCharacter_C (ThirdPersonCharacter)
[2017.04.04-14.38.44:069][ 45]LogContentBrowser: Native class hierarchy updated for 'BlueprintGraph' in 0.0010 seconds. Added 111 classes and 0 folders.
[2017.04.04-14.38.45:021][ 45]LogSkeletalMesh: InitArticulated: Bodies already created (/Engine/Transient.DebugSkelMeshComponent_0) - call TermArticulated first.
[2017.04.04-14.39.31:621][127]LogContentBrowser:Verbose: The majority of assets in the view are of type: AnimSequence
[2017.04.04-14.42.46:500][875]LogTemp: Repeting last play command: Selected Viewport
[2017.04.04-14.42.46:514][875]LogBlueprintUserMessages: Early PlayInEditor Detection: Level '/Game/ThirdPersonBP/Maps/ThirdPersonExampleMap.ThirdPersonExampleMap:PersistentLevel' has LevelScriptBlueprint '/Game/ThirdPersonBP/Maps/ThirdPersonExampleMap.ThirdPersonExampleMap:PersistentLevel.ThirdPersonExampleMap' with GeneratedClass '/Game/ThirdPersonBP/Maps/ThirdPersonExampleMap.ThirdPersonExampleMap_C' with ClassGeneratedBy '/Game/ThirdPersonBP/Maps/ThirdPersonExampleMap.ThirdPersonExampleMap:PersistentLevel.ThirdPersonExampleMap'
[2017.04.04-14.42.46:514][875]LogPlayLevel: PlayLevel: No blueprints needed recompiling
[2017.04.04-14.42.46:514][875]PIE: New page: PIE session: ThirdPersonExampleMap (4 Apr 2017 16:42:46)
[2017.04.04-14.42.46:514][875]LogPlayLevel: Creating play world package: /Game/ThirdPersonBP/Maps/UEDPIE_0_ThirdPersonExampleMap
[2017.04.04-14.42.46:545][875]LogPlayLevel: PIE: StaticDuplicateObject took: (0.030296s)
[2017.04.04-14.42.46:546][875]LogAIModule: Creating AISystem for world ThirdPersonExampleMap
[2017.04.04-14.42.46:547][875]LogPlayLevel: PIE: World Init took: (0.002535s)
[2017.04.04-14.42.46:548][875]LogPlayLevel: PIE: Created PIE world by copying editor world from /Game/ThirdPersonBP/Maps/ThirdPersonExampleMap.ThirdPersonExampleMap to /Game/ThirdPersonBP/Maps/UEDPIE_0_ThirdPersonExampleMap.ThirdPersonExampleMap (0.033847s)
[2017.04.04-14.42.46:630][875]LogInit: XAudio2 using 'Headphones (2- High Definition Audio Device)' : 2 channels at 44.1 kHz using 16 bits per sample (channel mask 0x3)
[2017.04.04-14.42.46:638][875]LogInit: FAudioDevice initialized.
[2017.04.04-14.42.46:706][875]LogLoad: Game class is 'ThirdPersonGameMode_C'
[2017.04.04-14.42.46:710][875]LogWorld: Bringing World /Game/ThirdPersonBP/Maps/UEDPIE_0_ThirdPersonExampleMap.ThirdPersonExampleMap up for play (max tick rate 0) at 2017.04.04-15.42.46
[2017.04.04-14.42.46:710][875]LogWorld: Bringing up level for play took: 0.003145
[2017.04.04-14.42.46:714][875]PIE: Info Play in editor start time for /Game/ThirdPersonBP/Maps/UEDPIE_0_ThirdPersonExampleMap 1.146
[2017.04.04-14.42.46:714][875]LogBlueprintUserMessages: Late PlayInEditor Detection: Level '/Game/ThirdPersonBP/Maps/ThirdPersonExampleMap.ThirdPersonExampleMap:PersistentLevel' has LevelScriptBlueprint '/Game/ThirdPersonBP/Maps/ThirdPersonExampleMap.ThirdPersonExampleMap:PersistentLevel.ThirdPersonExampleMap' with GeneratedClass '/Game/ThirdPersonBP/Maps/ThirdPersonExampleMap.ThirdPersonExampleMap_C' with ClassGeneratedBy '/Game/ThirdPersonBP/Maps/ThirdPersonExampleMap.ThirdPersonExampleMap:PersistentLevel.ThirdPersonExampleMap'
[2017.04.04-14.42.54:163][170]LogBlueprintUserMessages: Early EndPlayMap Detection: Level '/Game/ThirdPersonBP/Maps/ThirdPersonExampleMap.ThirdPersonExampleMap:PersistentLevel' has LevelScriptBlueprint '/Game/ThirdPersonBP/Maps/ThirdPersonExampleMap.ThirdPersonExampleMap:PersistentLevel.ThirdPersonExampleMap' with GeneratedClass '/Game/ThirdPersonBP/Maps/ThirdPersonExampleMap.ThirdPersonExampleMap_C' with ClassGeneratedBy '/Game/ThirdPersonBP/Maps/ThirdPersonExampleMap.ThirdPersonExampleMap:PersistentLevel.ThirdPersonExampleMap'
[2017.04.04-14.42.54:276][170]LogBlueprintUserMessages: Late EndPlayMap Detection: Level '/Game/ThirdPersonBP/Maps/ThirdPersonExampleMap.ThirdPersonExampleMap:PersistentLevel' has LevelScriptBlueprint '/Game/ThirdPersonBP/Maps/ThirdPersonExampleMap.ThirdPersonExampleMap:PersistentLevel.ThirdPersonExampleMap' with GeneratedClass '/Game/ThirdPersonBP/Maps/ThirdPersonExampleMap.ThirdPersonExampleMap_C' with ClassGeneratedBy '/Game/ThirdPersonBP/Maps/ThirdPersonExampleMap.ThirdPersonExampleMap:PersistentLevel.ThirdPersonExampleMap'
[2017.04.04-14.44.45:895][ 89]LogTemp: Repeting last play command: Selected Viewport
[2017.04.04-14.44.45:913][ 89]LogBlueprintUserMessages: Early PlayInEditor Detection: Level '/Game/ThirdPersonBP/Maps/ThirdPersonExampleMap.ThirdPersonExampleMap:PersistentLevel' has LevelScriptBlueprint '/Game/ThirdPersonBP/Maps/ThirdPersonExampleMap.ThirdPersonExampleMap:PersistentLevel.ThirdPersonExampleMap' with GeneratedClass '/Game/ThirdPersonBP/Maps/ThirdPersonExampleMap.ThirdPersonExampleMap_C' with ClassGeneratedBy '/Game/ThirdPersonBP/Maps/ThirdPersonExampleMap.ThirdPersonExampleMap:PersistentLevel.ThirdPersonExampleMap'
[2017.04.04-14.44.45:913][ 89]LogPlayLevel: PlayLevel: No blueprints needed recompiling
[2017.04.04-14.44.45:913][ 89]PIE: New page: PIE session: ThirdPersonExampleMap (4 Apr 2017 16:44:45)
[2017.04.04-14.44.45:913][ 89]LogPlayLevel: Creating play world package: /Game/ThirdPersonBP/Maps/UEDPIE_0_ThirdPersonExampleMap
[2017.04.04-14.44.45:944][ 89]LogPlayLevel: PIE: StaticDuplicateObject took: (0.031004s)
[2017.04.04-14.44.45:946][ 89]LogAIModule: Creating AISystem for world ThirdPersonExampleMap
[2017.04.04-14.44.45:947][ 89]LogPlayLevel: PIE: World Init took: (0.002231s)
[2017.04.04-14.44.45:947][ 89]LogPlayLevel: PIE: Created PIE world by copying editor world from /Game/ThirdPersonBP/Maps/ThirdPersonExampleMap.ThirdPersonExampleMap to /Game/ThirdPersonBP/Maps/UEDPIE_0_ThirdPersonExampleMap.ThirdPersonExampleMap (0.033656s)
[2017.04.04-14.44.46:024][ 89]LogInit: XAudio2 using 'Headphones (2- High Definition Audio Device)' : 2 channels at 44.1 kHz using 16 bits per sample (channel mask 0x3)
[2017.04.04-14.44.46:033][ 89]LogInit: FAudioDevice initialized.
[2017.04.04-14.44.46:070][ 89]LogLoad: Game class is 'ThirdPersonGameMode_C'
[2017.04.04-14.44.46:073][ 89]LogWorld: Bringing World /Game/ThirdPersonBP/Maps/UEDPIE_0_ThirdPersonExampleMap.ThirdPersonExampleMap up for play (max tick rate 0) at 2017.04.04-15.44.46
[2017.04.04-14.44.46:074][ 89]LogWorld: Bringing up level for play took: 0.003426
[2017.04.04-14.44.46:079][ 89]PIE: Info Play in editor start time for /Game/ThirdPersonBP/Maps/UEDPIE_0_ThirdPersonExampleMap 0.51
[2017.04.04-14.44.46:079][ 89]LogBlueprintUserMessages: Late PlayInEditor Detection: Level '/Game/ThirdPersonBP/Maps/ThirdPersonExampleMap.ThirdPersonExampleMap:PersistentLevel' has LevelScriptBlueprint '/Game/ThirdPersonBP/Maps/ThirdPersonExampleMap.ThirdPersonExampleMap:PersistentLevel.ThirdPersonExampleMap' with GeneratedClass '/Game/ThirdPersonBP/Maps/ThirdPersonExampleMap.ThirdPersonExampleMap_C' with ClassGeneratedBy '/Game/ThirdPersonBP/Maps/ThirdPersonExampleMap.ThirdPersonExampleMap:PersistentLevel.ThirdPersonExampleMap'
[2017.04.04-14.45.39:207][246]LogBlueprintUserMessages: Early EndPlayMap Detection: Level '/Game/ThirdPersonBP/Maps/ThirdPersonExampleMap.ThirdPersonExampleMap:PersistentLevel' has LevelScriptBlueprint '/Game/ThirdPersonBP/Maps/ThirdPersonExampleMap.ThirdPersonExampleMap:PersistentLevel.ThirdPersonExampleMap' with GeneratedClass '/Game/ThirdPersonBP/Maps/ThirdPersonExampleMap.ThirdPersonExampleMap_C' with ClassGeneratedBy '/Game/ThirdPersonBP/Maps/ThirdPersonExampleMap.ThirdPersonExampleMap:PersistentLevel.ThirdPersonExampleMap'
[2017.04.04-14.45.39:309][246]LogBlueprintUserMessages: Late EndPlayMap Detection: Level '/Game/ThirdPersonBP/Maps/ThirdPersonExampleMap.ThirdPersonExampleMap:PersistentLevel' has LevelScriptBlueprint '/Game/ThirdPersonBP/Maps/ThirdPersonExampleMap.ThirdPersonExampleMap:PersistentLevel.ThirdPersonExampleMap' with GeneratedClass '/Game/ThirdPersonBP/Maps/ThirdPersonExampleMap.ThirdPersonExampleMap_C' with ClassGeneratedBy '/Game/ThirdPersonBP/Maps/ThirdPersonExampleMap.ThirdPersonExampleMap:PersistentLevel.ThirdPersonExampleMap'
[2017.04.04-14.45.42:874][513]LogSkeletalMesh: InitArticulated: Bodies already created (/Engine/Transient.DebugSkelMeshComponent_2) - call TermArticulated first.
[2017.04.04-14.45.43:184][514]LogRenderer: Reallocating scene render targets to support 724x868 NumSamples 1 (Frame:24410).
[2017.04.04-14.45.44:173][560]LogSkeletalMesh: InitArticulated: Bodies already created (/Engine/Transient.DebugSkelMeshComponent_3) - call TermArticulated first.
[2017.04.04-14.45.44:540][560]LogContentBrowser:Verbose: The majority of assets in the view are of type: AnimSequence
[2017.04.04-14.45.51:128][895]LogAnimationCompression: Building Anim DDC data for AnimSequence /Game/Mannequin/Animations/ThirdPersonJump_End.ThirdPersonJump_End
[2017.04.04-14.46.20:920][798]LogEditorViewport: Clicking on Actor (context menu): ThirdPersonCharacter_C (ThirdPersonCharacter)
[2017.04.04-14.46.21:873][824]LogEditorViewport: Clicking on Actor (LMB): ThirdPersonCharacter_C (ThirdPersonCharacter)
[2017.04.04-14.47.24:889][513]LogSavePackage: Save=184.34ms
[2017.04.04-14.47.24:889][513]LogSavePackage: Moving '../../../../../../Users/UKGC/Documents/Unreal Projects/GoneFission2/Saved/ThirdPersonExampleMap_Auto1536596D4458FC8D53A85D8BD02E1C768.tmp' to '../../../../../../Users/UKGC/Documents/Unreal Projects/GoneFission2/Saved/Autosaves/Game/ThirdPersonBP/Maps/ThirdPersonExampleMap_Auto1.umap'
[2017.04.04-14.47.24:891][513]LogSavePackage:Display: Finished SavePackage ../../../../../../Users/UKGC/Documents/Unreal Projects/GoneFission2/Saved/Autosaves/Game/ThirdPersonBP/Maps/ThirdPersonExampleMap_Auto1.umap
[2017.04.04-14.47.24:951][513]LogFileHelpers: Editor autosave (incl. sublevels) for '/Game/ThirdPersonBP/Maps/ThirdPersonExampleMap' took 0.306
[2017.04.04-14.47.24:951][513]LogFileHelpers: Editor autosave (incl. sublevels) for all levels took 0.306
[2017.04.04-14.50.41:675][ 24]LogAnimationCompression: Building Anim DDC data for AnimSequence /Game/Idle_Rifle_Ironsights.Idle_Rifle_Ironsights
[2017.04.04-14.51.08:114][748]LogAnimationCompression: Building Anim DDC data for AnimSequence /Game/Idle_Rifle_Ironsights.Idle_Rifle_Ironsights
[2017.04.04-14.51.21:663][672]LogAnimationCompression: Building Anim DDC data for AnimSequence /Game/Idle_Rifle_Ironsights.Idle_Rifle_Ironsights
[2017.04.04-14.51.55:968][142]BlueprintLog: New page: Compile ThirdPerson_AnimBP
[2017.04.04-14.51.57:204][197]Cmd: OBJ SAVEPACKAGE PACKAGE="/Game/ThirdPersonBP/ThirdPerson_AnimBP" FILE="../../../../../../Users/UKGC/Documents/Unreal Projects/GoneFission2/Content/ThirdPersonBP/ThirdPerson_AnimBP.uasset" SILENT=true
[2017.04.04-14.51.57:280][197]LogSavePackage: Save=67.12ms
[2017.04.04-14.51.57:280][197]LogSavePackage: Moving '../../../../../../Users/UKGC/Documents/Unreal Projects/GoneFission2/Saved/ThirdPerson_AnimBP825B24C24DA7A833A08C76BE5EAA3BFC.tmp' to '../../../../../../Users/UKGC/Documents/Unreal Projects/GoneFission2/Content/ThirdPersonBP/ThirdPerson_AnimBP.uasset'
[2017.04.04-14.51.57:282][197]LogSavePackage:Display: Finished SavePackage ../../../../../../Users/UKGC/Documents/Unreal Projects/GoneFission2/Content/ThirdPersonBP/ThirdPerson_AnimBP.uasset
[2017.04.04-14.53.05:641][380]LogTemp: Repeting last play command: Selected Viewport
[2017.04.04-14.53.05:659][380]LogBlueprintUserMessages: Early PlayInEditor Detection: Level '/Game/ThirdPersonBP/Maps/ThirdPersonExampleMap.ThirdPersonExampleMap:PersistentLevel' has LevelScriptBlueprint '/Game/ThirdPersonBP/Maps/ThirdPersonExampleMap.ThirdPersonExampleMap:PersistentLevel.ThirdPersonExampleMap' with GeneratedClass '/Game/ThirdPersonBP/Maps/ThirdPersonExampleMap.ThirdPersonExampleMap_C' with ClassGeneratedBy '/Game/ThirdPersonBP/Maps/ThirdPersonExampleMap.ThirdPersonExampleMap:PersistentLevel.ThirdPersonExampleMap'
[2017.04.04-14.53.05:659][380]LogPlayLevel: PlayLevel: No blueprints needed recompiling
[2017.04.04-14.53.05:660][380]PIE: New page: PIE session: ThirdPersonExampleMap (4 Apr 2017 16:53:05)
[2017.04.04-14.53.05:660][380]LogPlayLevel: Creating play world package: /Game/ThirdPersonBP/Maps/UEDPIE_0_ThirdPersonExampleMap
[2017.04.04-14.53.05:690][380]LogPlayLevel: PIE: StaticDuplicateObject took: (0.029856s)
[2017.04.04-14.53.05:692][380]LogAIModule: Creating AISystem for world ThirdPersonExampleMap
[2017.04.04-14.53.05:692][380]LogPlayLevel: PIE: World Init took: (0.002531s)
[2017.04.04-14.53.05:693][380]LogPlayLevel: PIE: Created PIE world by copying editor world from /Game/ThirdPersonBP/Maps/ThirdPersonExampleMap.ThirdPersonExampleMap to /Game/ThirdPersonBP/Maps/UEDPIE_0_ThirdPersonExampleMap.ThirdPersonExampleMap (0.032776s)
[2017.04.04-14.53.05:779][380]LogInit: XAudio2 using 'Headphones (2- High Definition Audio Device)' : 2 channels at 44.1 kHz using 16 bits per sample (channel mask 0x3)
[2017.04.04-14.53.05:790][380]LogInit: FAudioDevice initialized.
[2017.04.04-14.53.05:829][380]LogLoad: Game class is 'ThirdPersonGameMode_C'
[2017.04.04-14.53.05:832][380]LogWorld: Bringing World /Game/ThirdPersonBP/Maps/UEDPIE_0_ThirdPersonExampleMap.ThirdPersonExampleMap up for play (max tick rate 0) at 2017.04.04-15.53.05
[2017.04.04-14.53.05:833][380]LogWorld: Bringing up level for play took: 0.003006
[2017.04.04-14.53.05:838][380]PIE: Info Play in editor start time for /Game/ThirdPersonBP/Maps/UEDPIE_0_ThirdPersonExampleMap 0.263
[2017.04.04-14.53.05:838][380]LogBlueprintUserMessages: Late PlayInEditor Detection: Level '/Game/ThirdPersonBP/Maps/ThirdPersonExampleMap.ThirdPersonExampleMap:PersistentLevel' has LevelScriptBlueprint '/Game/ThirdPersonBP/Maps/ThirdPersonExampleMap.ThirdPersonExampleMap:PersistentLevel.ThirdPersonExampleMap' with GeneratedClass '/Game/ThirdPersonBP/Maps/ThirdPersonExampleMap.ThirdPersonExampleMap_C' with ClassGeneratedBy '/Game/ThirdPersonBP/Maps/ThirdPersonExampleMap.ThirdPersonExampleMap:PersistentLevel.ThirdPersonExampleMap'
[2017.04.04-14.53.13:639][614]LogBlueprintUserMessages: Early EndPlayMap Detection: Level '/Game/ThirdPersonBP/Maps/ThirdPersonExampleMap.ThirdPersonExampleMap:PersistentLevel' has LevelScriptBlueprint '/Game/ThirdPersonBP/Maps/ThirdPersonExampleMap.ThirdPersonExampleMap:PersistentLevel.ThirdPersonExampleMap' with GeneratedClass '/Game/ThirdPersonBP/Maps/ThirdPersonExampleMap.ThirdPersonExampleMap_C' with ClassGeneratedBy '/Game/ThirdPersonBP/Maps/ThirdPersonExampleMap.ThirdPersonExampleMap:PersistentLevel.ThirdPersonExampleMap'
[2017.04.04-14.53.13:740][614]LogBlueprintUserMessages: Late EndPlayMap Detection: Level '/Game/ThirdPersonBP/Maps/ThirdPersonExampleMap.ThirdPersonExampleMap:PersistentLevel' has LevelScriptBlueprint '/Game/ThirdPersonBP/Maps/ThirdPersonExampleMap.ThirdPersonExampleMap:PersistentLevel.ThirdPersonExampleMap' with GeneratedClass '/Game/ThirdPersonBP/Maps/ThirdPersonExampleMap.ThirdPersonExampleMap_C' with ClassGeneratedBy '/Game/ThirdPersonBP/Maps/ThirdPersonExampleMap.ThirdPersonExampleMap:PersistentLevel.ThirdPersonExampleMap'
[2017.04.04-14.55.56:594][190]LogSkeletalMesh: InitArticulated: Bodies already created (/Engine/Transient.DebugSkelMeshComponent_5) - call TermArticulated first.
[2017.04.04-14.55.56:976][190]LogContentBrowser:Verbose: The majority of assets in the view are of type: AnimSequence
[2017.04.04-14.56.13:346][701]LogRenderer: Reallocating scene render targets to support 772x868 NumSamples 1 (Frame:55935).
[2017.04.04-14.57.33:121][ 77]LogFileHelpers: Editor autosave (incl. sublevels) for '/Game/ThirdPersonBP/Maps/ThirdPersonExampleMap' took 0.045
[2017.04.04-14.57.33:122][ 77]OBJ SavePackage: Generating thumbnails for [1] asset(s) in package [/Game/Idle_Rifle_Ironsights] ([1] browsable assets)...
[2017.04.04-14.57.33:145][ 77]OBJ SavePackage:     Rendered thumbnail for [AnimSequence /Game/Idle_Rifle_Ironsights.Idle_Rifle_Ironsights]
[2017.04.04-14.57.33:145][ 77]OBJ SavePackage: Finished generating thumbnails for package [/Game/Idle_Rifle_Ironsights]
[2017.04.04-14.57.33:182][ 77]LogSavePackage: Save=23.18ms
[2017.04.04-14.57.33:182][ 77]LogSavePackage: Moving '../../../../../../Users/UKGC/Documents/Unreal Projects/GoneFission2/Saved/Idle_Rifle_Ironsights_Auto2D886EAA545571E0A7A1D19BC00271907.tmp' to '../../../../../../Users/UKGC/Documents/Unreal Projects/GoneFission2/Saved/Autosaves/Game/Idle_Rifle_Ironsights_Auto2.uasset'
[2017.04.04-14.57.33:184][ 77]LogSavePackage:Display: Finished SavePackage ../../../../../../Users/UKGC/Documents/Unreal Projects/GoneFission2/Saved/Autosaves/Game/Idle_Rifle_Ironsights_Auto2.uasset
[2017.04.04-14.57.33:184][ 77]OBJ SavePackage: Generating thumbnails for [0] asset(s) in package [/Game/Mannequin/Character/Mesh/UE4_Mannequin_Skeleton] ([1] browsable assets)...
[2017.04.04-14.57.33:184][ 77]OBJ SavePackage: Finished generating thumbnails for package [/Game/Mannequin/Character/Mesh/UE4_Mannequin_Skeleton]
[2017.04.04-14.57.33:192][ 77]LogSavePackage: Save=3.26ms
[2017.04.04-14.57.33:192][ 77]LogSavePackage: Moving '../../../../../../Users/UKGC/Documents/Unreal Projects/GoneFission2/Saved/UE4_Mannequin_Skeleton_Auto2C05E19F54E1D47C695FD04A9FEE65AD4.tmp' to '../../../../../../Users/UKGC/Documents/Unreal Projects/GoneFission2/Saved/Autosaves/Game/Mannequin/Character/Mesh/UE4_Mannequin_Skeleton_Auto2.uasset'
[2017.04.04-14.57.33:193][ 77]LogSavePackage:Display: Finished SavePackage ../../../../../../Users/UKGC/Documents/Unreal Projects/GoneFission2/Saved/Autosaves/Game/Mannequin/Character/Mesh/UE4_Mannequin_Skeleton_Auto2.uasset
[2017.04.04-14.57.33:194][ 77]OBJ SavePackage: Generating thumbnails for [1] asset(s) in package [/Game/ThirdPersonBP/RifleAO] ([1] browsable assets)...
[2017.04.04-14.57.33:222][ 77]OBJ SavePackage:     Rendered thumbnail for [AimOffsetBlendSpace1D /Game/ThirdPersonBP/RifleAO.RifleAO]
[2017.04.04-14.57.33:222][ 77]OBJ SavePackage: Finished generating thumbnails for package [/Game/ThirdPersonBP/RifleAO]
[2017.04.04-14.57.33:234][ 77]LogSavePackage: Save=10.47ms
[2017.04.04-14.57.33:234][ 77]LogSavePackage: Moving '../../../../../../Users/UKGC/Documents/Unreal Projects/GoneFission2/Saved/RifleAO_Auto2BA7D52E44629437353556C973136864D.tmp' to '../../../../../../Users/UKGC/Documents/Unreal Projects/GoneFission2/Saved/Autosaves/Game/ThirdPersonBP/RifleAO_Auto2.uasset'
[2017.04.04-14.57.33:235][ 77]LogSavePackage:Display: Finished SavePackage ../../../../../../Users/UKGC/Documents/Unreal Projects/GoneFission2/Saved/Autosaves/Game/ThirdPersonBP/RifleAO_Auto2.uasset
[2017.04.04-14.57.33:235][ 77]LogFileHelpers: Auto-saving content packages took 0.114
[2017.04.04-14.58.17:616][243]LogAnimationCompression: Building Anim DDC data for AnimSequence /Game/AnimStarterPack/Aim_Space_Ironsights.Aim_Space_Ironsights
[2017.04.04-14.58.17:762][243]LogSkeletalMesh: InitArticulated: Bodies already created (/Engine/Transient.DebugSkelMeshComponent_7) - call TermArticulated first.
[2017.04.04-14.58.17:960][243]LogContentBrowser:Verbose: The majority of assets in the view are of type: AnimSequence
[2017.04.04-15.01.20:105][236]LogSkeletalMesh: InitArticulated: Bodies already created (/Engine/Transient.DebugSkelMeshComponent_9) - call TermArticulated first.
[2017.04.04-15.01.33:949][521]LogRenderer: Reallocating scene render targets to support 956x888 NumSamples 1 (Frame:65903).
[2017.04.04-15.01.35:113][551]LogRenderer: Reallocating scene render targets to support 1144x888 NumSamples 1 (Frame:65934).
[2017.04.04-15.01.36:688][593]LogSkeletalMesh: InitArticulated: Bodies already created (/Engine/Transient.DebugSkelMeshComponent_10) - call TermArticulated first.
[2017.04.04-15.04.16:860][ 60]LogTemp: Repeting last play command: Selected Viewport
[2017.04.04-15.04.16:874][ 60]LogBlueprintUserMessages: Early PlayInEditor Detection: Level '/Game/ThirdPersonBP/Maps/ThirdPersonExampleMap.ThirdPersonExampleMap:PersistentLevel' has LevelScriptBlueprint '/Game/ThirdPersonBP/Maps/ThirdPersonExampleMap.ThirdPersonExampleMap:PersistentLevel.ThirdPersonExampleMap' with GeneratedClass '/Game/ThirdPersonBP/Maps/ThirdPersonExampleMap.ThirdPersonExampleMap_C' with ClassGeneratedBy '/Game/ThirdPersonBP/Maps/ThirdPersonExampleMap.ThirdPersonExampleMap:PersistentLevel.ThirdPersonExampleMap'
[2017.04.04-15.04.16:874][ 60]BlueprintLog: New page: Pre-Play auto-recompile
[2017.04.04-15.04.16:874][ 60]LogPlayLevel: [PlayLevel] Compiling ThirdPerson_AnimBP before play...
[2017.04.04-15.04.17:076][ 60]LogPlayLevel: PlayLevel: Blueprint regeneration took 201 ms (1 blueprints)
[2017.04.04-15.04.17:076][ 60]PIE: New page: PIE session: ThirdPersonExampleMap (4 Apr 2017 17:04:17)
[2017.04.04-15.04.17:076][ 60]LogPlayLevel: Creating play world package: /Game/ThirdPersonBP/Maps/UEDPIE_0_ThirdPersonExampleMap
[2017.04.04-15.04.17:110][ 60]LogPlayLevel: PIE: StaticDuplicateObject took: (0.034619s)
[2017.04.04-15.04.17:113][ 60]LogAIModule: Creating AISystem for world ThirdPersonExampleMap
[2017.04.04-15.04.17:114][ 60]LogPlayLevel: PIE: World Init took: (0.003071s)
[2017.04.04-15.04.17:114][ 60]LogPlayLevel: PIE: Created PIE world by copying editor world from /Game/ThirdPersonBP/Maps/ThirdPersonExampleMap.ThirdPersonExampleMap to /Game/ThirdPersonBP/Maps/UEDPIE_0_ThirdPersonExampleMap.ThirdPersonExampleMap (0.038072s)
[2017.04.04-15.04.17:181][ 60]LogInit: XAudio2 using 'Headphones (2- High Definition Audio Device)' : 2 channels at 44.1 kHz using 16 bits per sample (channel mask 0x3)
[2017.04.04-15.04.17:188][ 60]LogInit: FAudioDevice initialized.
[2017.04.04-15.04.17:233][ 60]LogLoad: Game class is 'ThirdPersonGameMode_C'
[2017.04.04-15.04.17:236][ 60]LogWorld: Bringing World /Game/ThirdPersonBP/Maps/UEDPIE_0_ThirdPersonExampleMap.ThirdPersonExampleMap up for play (max tick rate 0) at 2017.04.04-16.04.17
[2017.04.04-15.04.17:237][ 60]LogWorld: Bringing up level for play took: 0.003206
[2017.04.04-15.04.17:241][ 60]PIE: Info Play in editor start time for /Game/ThirdPersonBP/Maps/UEDPIE_0_ThirdPersonExampleMap -0.341
[2017.04.04-15.04.17:241][ 60]LogBlueprintUserMessages: Late PlayInEditor Detection: Level '/Game/ThirdPersonBP/Maps/ThirdPersonExampleMap.ThirdPersonExampleMap:PersistentLevel' has LevelScriptBlueprint '/Game/ThirdPersonBP/Maps/ThirdPersonExampleMap.ThirdPersonExampleMap:PersistentLevel.ThirdPersonExampleMap' with GeneratedClass '/Game/ThirdPersonBP/Maps/ThirdPersonExampleMap.ThirdPersonExampleMap_C' with ClassGeneratedBy '/Game/ThirdPersonBP/Maps/ThirdPersonExampleMap.ThirdPersonExampleMap:PersistentLevel.ThirdPersonExampleMap'
[2017.04.04-15.04.45:752][  8]LogBlueprintUserMessages: Early EndPlayMap Detection: Level '/Game/ThirdPersonBP/Maps/ThirdPersonExampleMap.ThirdPersonExampleMap:PersistentLevel' has LevelScriptBlueprint '/Game/ThirdPersonBP/Maps/ThirdPersonExampleMap.ThirdPersonExampleMap:PersistentLevel.ThirdPersonExampleMap' with GeneratedClass '/Game/ThirdPersonBP/Maps/ThirdPersonExampleMap.ThirdPersonExampleMap_C' with ClassGeneratedBy '/Game/ThirdPersonBP/Maps/ThirdPersonExampleMap.ThirdPersonExampleMap:PersistentLevel.ThirdPersonExampleMap'
[2017.04.04-15.04.45:842][  8]LogBlueprintUserMessages: Late EndPlayMap Detection: Level '/Game/ThirdPersonBP/Maps/ThirdPersonExampleMap.ThirdPersonExampleMap:PersistentLevel' has LevelScriptBlueprint '/Game/ThirdPersonBP/Maps/ThirdPersonExampleMap.ThirdPersonExampleMap:PersistentLevel.ThirdPersonExampleMap' with GeneratedClass '/Game/ThirdPersonBP/Maps/ThirdPersonExampleMap.ThirdPersonExampleMap_C' with ClassGeneratedBy '/Game/ThirdPersonBP/Maps/ThirdPersonExampleMap.ThirdPersonExampleMap:PersistentLevel.ThirdPersonExampleMap'
[2017.04.04-15.08.02:920][316]LogFileHelpers: Editor autosave (incl. sublevels) for '/Game/ThirdPersonBP/Maps/ThirdPersonExampleMap' took 0.054
[2017.04.04-15.08.02:922][316]OBJ SavePackage: Generating thumbnails for [1] asset(s) in package [/Game/ThirdPersonBP/ThirdPerson_AnimBP] ([1] browsable assets)...
[2017.04.04-15.08.02:946][316]OBJ SavePackage:     Rendered thumbnail for [AnimBlueprint /Game/ThirdPersonBP/ThirdPerson_AnimBP.ThirdPerson_AnimBP]
[2017.04.04-15.08.02:946][316]OBJ SavePackage: Finished generating thumbnails for package [/Game/ThirdPersonBP/ThirdPerson_AnimBP]
[2017.04.04-15.08.03:018][316]LogSavePackage: Save=63.37ms
[2017.04.04-15.08.03:018][316]LogSavePackage: Moving '../../../../../../Users/UKGC/Documents/Unreal Projects/GoneFission2/Saved/ThirdPerson_AnimBP_Auto34E87097C499102950322EBA3EA9B611C.tmp' to '../../../../../../Users/UKGC/Documents/Unreal Projects/GoneFission2/Saved/Autosaves/Game/ThirdPersonBP/ThirdPerson_AnimBP_Auto3.uasset'
[2017.04.04-15.08.03:030][316]LogSavePackage:Display: Finished SavePackage ../../../../../../Users/UKGC/Documents/Unreal Projects/GoneFission2/Saved/Autosaves/Game/ThirdPersonBP/ThirdPerson_AnimBP_Auto3.uasset
[2017.04.04-15.08.03:030][316]LogFileHelpers: Auto-saving content packages took 0.109
[2017.04.04-15.14.49:387][342]LogTemp: Repeting last play command: Selected Viewport
[2017.04.04-15.14.49:407][342]LogBlueprintUserMessages: Early PlayInEditor Detection: Level '/Game/ThirdPersonBP/Maps/ThirdPersonExampleMap.ThirdPersonExampleMap:PersistentLevel' has LevelScriptBlueprint '/Game/ThirdPersonBP/Maps/ThirdPersonExampleMap.ThirdPersonExampleMap:PersistentLevel.ThirdPersonExampleMap' with GeneratedClass '/Game/ThirdPersonBP/Maps/ThirdPersonExampleMap.ThirdPersonExampleMap_C' with ClassGeneratedBy '/Game/ThirdPersonBP/Maps/ThirdPersonExampleMap.ThirdPersonExampleMap:PersistentLevel.ThirdPersonExampleMap'
[2017.04.04-15.14.49:407][342]BlueprintLog: New page: Pre-Play auto-recompile
[2017.04.04-15.14.49:407][342]LogPlayLevel: [PlayLevel] Compiling ThirdPerson_AnimBP before play...
[2017.04.04-15.14.49:594][342]LogPlayLevel: PlayLevel: Blueprint regeneration took 187 ms (1 blueprints)
[2017.04.04-15.14.49:594][342]PIE: New page: PIE session: ThirdPersonExampleMap (4 Apr 2017 17:14:49)
[2017.04.04-15.14.49:595][342]LogPlayLevel: Creating play world package: /Game/ThirdPersonBP/Maps/UEDPIE_0_ThirdPersonExampleMap
[2017.04.04-15.14.49:621][342]LogPlayLevel: PIE: StaticDuplicateObject took: (0.026174s)
[2017.04.04-15.14.49:622][342]LogAIModule: Creating AISystem for world ThirdPersonExampleMap
[2017.04.04-15.14.49:623][342]LogPlayLevel: PIE: World Init took: (0.001728s)
[2017.04.04-15.14.49:623][342]LogPlayLevel: PIE: Created PIE world by copying editor world from /Game/ThirdPersonBP/Maps/ThirdPersonExampleMap.ThirdPersonExampleMap to /Game/ThirdPersonBP/Maps/UEDPIE_0_ThirdPersonExampleMap.ThirdPersonExampleMap (0.028199s)
[2017.04.04-15.14.49:693][342]LogInit: XAudio2 using 'Headphones (2- High Definition Audio Device)' : 2 channels at 44.1 kHz using 16 bits per sample (channel mask 0x3)
[2017.04.04-15.14.49:701][342]LogInit: FAudioDevice initialized.
[2017.04.04-15.14.49:740][342]LogLoad: Game class is 'ThirdPersonGameMode_C'
[2017.04.04-15.14.49:743][342]LogWorld: Bringing World /Game/ThirdPersonBP/Maps/UEDPIE_0_ThirdPersonExampleMap.ThirdPersonExampleMap up for play (max tick rate 0) at 2017.04.04-16.14.49
[2017.04.04-15.14.49:744][342]LogWorld: Bringing up level for play took: 0.003241
[2017.04.04-15.14.49:749][342]PIE: Info Play in editor start time for /Game/ThirdPersonBP/Maps/UEDPIE_0_ThirdPersonExampleMap 0.16
[2017.04.04-15.14.49:749][342]LogBlueprintUserMessages: Late PlayInEditor Detection: Level '/Game/ThirdPersonBP/Maps/ThirdPersonExampleMap.ThirdPersonExampleMap:PersistentLevel' has LevelScriptBlueprint '/Game/ThirdPersonBP/Maps/ThirdPersonExampleMap.ThirdPersonExampleMap:PersistentLevel.ThirdPersonExampleMap' with GeneratedClass '/Game/ThirdPersonBP/Maps/ThirdPersonExampleMap.ThirdPersonExampleMap_C' with ClassGeneratedBy '/Game/ThirdPersonBP/Maps/ThirdPersonExampleMap.ThirdPersonExampleMap:PersistentLevel.ThirdPersonExampleMap'
[2017.04.04-15.14.54:456][485]LogBlueprintUserMessages: Early EndPlayMap Detection: Level '/Game/ThirdPersonBP/Maps/ThirdPersonExampleMap.ThirdPersonExampleMap:PersistentLevel' has LevelScriptBlueprint '/Game/ThirdPersonBP/Maps/ThirdPersonExampleMap.ThirdPersonExampleMap:PersistentLevel.ThirdPersonExampleMap' with GeneratedClass '/Game/ThirdPersonBP/Maps/ThirdPersonExampleMap.ThirdPersonExampleMap_C' with ClassGeneratedBy '/Game/ThirdPersonBP/Maps/ThirdPersonExampleMap.ThirdPersonExampleMap:PersistentLevel.ThirdPersonExampleMap'
[2017.04.04-15.14.54:554][485]LogBlueprintUserMessages: Late EndPlayMap Detection: Level '/Game/ThirdPersonBP/Maps/ThirdPersonExampleMap.ThirdPersonExampleMap:PersistentLevel' has LevelScriptBlueprint '/Game/ThirdPersonBP/Maps/ThirdPersonExampleMap.ThirdPersonExampleMap:PersistentLevel.ThirdPersonExampleMap' with GeneratedClass '/Game/ThirdPersonBP/Maps/ThirdPersonExampleMap.ThirdPersonExampleMap_C' with ClassGeneratedBy '/Game/ThirdPersonBP/Maps/ThirdPersonExampleMap.ThirdPersonExampleMap:PersistentLevel.ThirdPersonExampleMap'
[2017.04.04-15.17.08:518][869]LogTemp: Repeting last play command: Selected Viewport
[2017.04.04-15.17.08:534][869]LogBlueprintUserMessages: Early PlayInEditor Detection: Level '/Game/ThirdPersonBP/Maps/ThirdPersonExampleMap.ThirdPersonExampleMap:PersistentLevel' has LevelScriptBlueprint '/Game/ThirdPersonBP/Maps/ThirdPersonExampleMap.ThirdPersonExampleMap:PersistentLevel.ThirdPersonExampleMap' with GeneratedClass '/Game/ThirdPersonBP/Maps/ThirdPersonExampleMap.ThirdPersonExampleMap_C' with ClassGeneratedBy '/Game/ThirdPersonBP/Maps/ThirdPersonExampleMap.ThirdPersonExampleMap:PersistentLevel.ThirdPersonExampleMap'
[2017.04.04-15.17.08:534][869]BlueprintLog: New page: Pre-Play auto-recompile
[2017.04.04-15.17.08:535][869]LogPlayLevel: [PlayLevel] Compiling ThirdPerson_AnimBP before play...
[2017.04.04-15.17.08:725][869]LogPlayLevel: PlayLevel: Blueprint regeneration took 190 ms (1 blueprints)
[2017.04.04-15.17.08:725][869]PIE: New page: PIE session: ThirdPersonExampleMap (4 Apr 2017 17:17:08)
[2017.04.04-15.17.08:725][869]LogPlayLevel: Creating play world package: /Game/ThirdPersonBP/Maps/UEDPIE_0_ThirdPersonExampleMap
[2017.04.04-15.17.08:750][869]LogPlayLevel: PIE: StaticDuplicateObject took: (0.025516s)
[2017.04.04-15.17.08:752][869]LogAIModule: Creating AISystem for world ThirdPersonExampleMap
[2017.04.04-15.17.08:753][869]LogPlayLevel: PIE: World Init took: (0.002034s)
[2017.04.04-15.17.08:753][869]LogPlayLevel: PIE: Created PIE world by copying editor world from /Game/ThirdPersonBP/Maps/ThirdPersonExampleMap.ThirdPersonExampleMap to /Game/ThirdPersonBP/Maps/UEDPIE_0_ThirdPersonExampleMap.ThirdPersonExampleMap (0.027890s)
[2017.04.04-15.17.08:820][869]LogInit: XAudio2 using 'Headphones (2- High Definition Audio Device)' : 2 channels at 44.1 kHz using 16 bits per sample (channel mask 0x3)
[2017.04.04-15.17.08:828][869]LogInit: FAudioDevice initialized.
[2017.04.04-15.17.08:867][869]LogLoad: Game class is 'ThirdPersonGameMode_C'
[2017.04.04-15.17.08:870][869]LogWorld: Bringing World /Game/ThirdPersonBP/Maps/UEDPIE_0_ThirdPersonExampleMap.ThirdPersonExampleMap up for play (max tick rate 0) at 2017.04.04-16.17.08
[2017.04.04-15.17.08:871][869]LogWorld: Bringing up level for play took: 0.003216
[2017.04.04-15.17.08:876][869]PIE: Info Play in editor start time for /Game/ThirdPersonBP/Maps/UEDPIE_0_ThirdPersonExampleMap 1.285
[2017.04.04-15.17.08:876][869]LogBlueprintUserMessages: Late PlayInEditor Detection: Level '/Game/ThirdPersonBP/Maps/ThirdPersonExampleMap.ThirdPersonExampleMap:PersistentLevel' has LevelScriptBlueprint '/Game/ThirdPersonBP/Maps/ThirdPersonExampleMap.ThirdPersonExampleMap:PersistentLevel.ThirdPersonExampleMap' with GeneratedClass '/Game/ThirdPersonBP/Maps/ThirdPersonExampleMap.ThirdPersonExampleMap_C' with ClassGeneratedBy '/Game/ThirdPersonBP/Maps/ThirdPersonExampleMap.ThirdPersonExampleMap:PersistentLevel.ThirdPersonExampleMap'
[2017.04.04-15.17.13:669][ 17]LogBlueprintUserMessages: Early EndPlayMap Detection: Level '/Game/ThirdPersonBP/Maps/ThirdPersonExampleMap.ThirdPersonExampleMap:PersistentLevel' has LevelScriptBlueprint '/Game/ThirdPersonBP/Maps/ThirdPersonExampleMap.ThirdPersonExampleMap:PersistentLevel.ThirdPersonExampleMap' with GeneratedClass '/Game/ThirdPersonBP/Maps/ThirdPersonExampleMap.ThirdPersonExampleMap_C' with ClassGeneratedBy '/Game/ThirdPersonBP/Maps/ThirdPersonExampleMap.ThirdPersonExampleMap:PersistentLevel.ThirdPersonExampleMap'
[2017.04.04-15.17.13:770][ 17]LogBlueprintUserMessages: Late EndPlayMap Detection: Level '/Game/ThirdPersonBP/Maps/ThirdPersonExampleMap.ThirdPersonExampleMap:PersistentLevel' has LevelScriptBlueprint '/Game/ThirdPersonBP/Maps/ThirdPersonExampleMap.ThirdPersonExampleMap:PersistentLevel.ThirdPersonExampleMap' with GeneratedClass '/Game/ThirdPersonBP/Maps/ThirdPersonExampleMap.ThirdPersonExampleMap_C' with ClassGeneratedBy '/Game/ThirdPersonBP/Maps/ThirdPersonExampleMap.ThirdPersonExampleMap:PersistentLevel.ThirdPersonExampleMap'
[2017.04.04-15.17.27:091][861]LogTemp: Repeting last play command: Selected Viewport
[2017.04.04-15.17.27:106][861]LogBlueprintUserMessages: Early PlayInEditor Detection: Level '/Game/ThirdPersonBP/Maps/ThirdPersonExampleMap.ThirdPersonExampleMap:PersistentLevel' has LevelScriptBlueprint '/Game/ThirdPersonBP/Maps/ThirdPersonExampleMap.ThirdPersonExampleMap:PersistentLevel.ThirdPersonExampleMap' with GeneratedClass '/Game/ThirdPersonBP/Maps/ThirdPersonExampleMap.ThirdPersonExampleMap_C' with ClassGeneratedBy '/Game/ThirdPersonBP/Maps/ThirdPersonExampleMap.ThirdPersonExampleMap:PersistentLevel.ThirdPersonExampleMap'
[2017.04.04-15.17.27:106][861]BlueprintLog: New page: Pre-Play auto-recompile
[2017.04.04-15.17.27:106][861]LogPlayLevel: [PlayLevel] Compiling ThirdPerson_AnimBP before play...
[2017.04.04-15.17.27:283][861]LogPlayLevel: PlayLevel: Blueprint regeneration took 177 ms (1 blueprints)
[2017.04.04-15.17.27:283][861]PIE: New page: PIE session: ThirdPersonExampleMap (4 Apr 2017 17:17:27)
[2017.04.04-15.17.27:283][861]LogPlayLevel: Creating play world package: /Game/ThirdPersonBP/Maps/UEDPIE_0_ThirdPersonExampleMap
[2017.04.04-15.17.27:309][861]LogPlayLevel: PIE: StaticDuplicateObject took: (0.025637s)
[2017.04.04-15.17.27:311][861]LogAIModule: Creating AISystem for world ThirdPersonExampleMap
[2017.04.04-15.17.27:311][861]LogPlayLevel: PIE: World Init took: (0.001830s)
[2017.04.04-15.17.27:311][861]LogPlayLevel: PIE: Created PIE world by copying editor world from /Game/ThirdPersonBP/Maps/ThirdPersonExampleMap.ThirdPersonExampleMap to /Game/ThirdPersonBP/Maps/UEDPIE_0_ThirdPersonExampleMap.ThirdPersonExampleMap (0.027820s)
[2017.04.04-15.17.27:382][861]LogInit: XAudio2 using 'Headphones (2- High Definition Audio Device)' : 2 channels at 44.1 kHz using 16 bits per sample (channel mask 0x3)
[2017.04.04-15.17.27:389][861]LogInit: FAudioDevice initialized.
[2017.04.04-15.17.27:429][861]LogLoad: Game class is 'ThirdPersonGameMode_C'
[2017.04.04-15.17.27:432][861]LogWorld: Bringing World /Game/ThirdPersonBP/Maps/UEDPIE_0_ThirdPersonExampleMap.ThirdPersonExampleMap up for play (max tick rate 0) at 2017.04.04-16.17.27
[2017.04.04-15.17.27:433][861]LogWorld: Bringing up level for play took: 0.002965
[2017.04.04-15.17.27:437][861]PIE: Info Play in editor start time for /Game/ThirdPersonBP/Maps/UEDPIE_0_ThirdPersonExampleMap -0.154
[2017.04.04-15.17.27:438][861]LogBlueprintUserMessages: Late PlayInEditor Detection: Level '/Game/ThirdPersonBP/Maps/ThirdPersonExampleMap.ThirdPersonExampleMap:PersistentLevel' has LevelScriptBlueprint '/Game/ThirdPersonBP/Maps/ThirdPersonExampleMap.ThirdPersonExampleMap:PersistentLevel.ThirdPersonExampleMap' with GeneratedClass '/Game/ThirdPersonBP/Maps/ThirdPersonExampleMap.ThirdPersonExampleMap_C' with ClassGeneratedBy '/Game/ThirdPersonBP/Maps/ThirdPersonExampleMap.ThirdPersonExampleMap:PersistentLevel.ThirdPersonExampleMap'
[2017.04.04-15.17.37:982][201]LogBlueprintUserMessages: Early EndPlayMap Detection: Level '/Game/ThirdPersonBP/Maps/ThirdPersonExampleMap.ThirdPersonExampleMap:PersistentLevel' has LevelScriptBlueprint '/Game/ThirdPersonBP/Maps/ThirdPersonExampleMap.ThirdPersonExampleMap:PersistentLevel.ThirdPersonExampleMap' with GeneratedClass '/Game/ThirdPersonBP/Maps/ThirdPersonExampleMap.ThirdPersonExampleMap_C' with ClassGeneratedBy '/Game/ThirdPersonBP/Maps/ThirdPersonExampleMap.ThirdPersonExampleMap:PersistentLevel.ThirdPersonExampleMap'
[2017.04.04-15.17.38:083][201]LogBlueprintUserMessages: Late EndPlayMap Detection: Level '/Game/ThirdPersonBP/Maps/ThirdPersonExampleMap.ThirdPersonExampleMap:PersistentLevel' has LevelScriptBlueprint '/Game/ThirdPersonBP/Maps/ThirdPersonExampleMap.ThirdPersonExampleMap:PersistentLevel.ThirdPersonExampleMap' with GeneratedClass '/Game/ThirdPersonBP/Maps/ThirdPersonExampleMap.ThirdPersonExampleMap_C' with ClassGeneratedBy '/Game/ThirdPersonBP/Maps/ThirdPersonExampleMap.ThirdPersonExampleMap:PersistentLevel.ThirdPersonExampleMap'
[2017.04.04-15.17.41:866][441]LogTemp: Repeting last play command: Selected Viewport
[2017.04.04-15.17.41:881][441]LogBlueprintUserMessages: Early PlayInEditor Detection: Level '/Game/ThirdPersonBP/Maps/ThirdPersonExampleMap.ThirdPersonExampleMap:PersistentLevel' has LevelScriptBlueprint '/Game/ThirdPersonBP/Maps/ThirdPersonExampleMap.ThirdPersonExampleMap:PersistentLevel.ThirdPersonExampleMap' with GeneratedClass '/Game/ThirdPersonBP/Maps/ThirdPersonExampleMap.ThirdPersonExampleMap_C' with ClassGeneratedBy '/Game/ThirdPersonBP/Maps/ThirdPersonExampleMap.ThirdPersonExampleMap:PersistentLevel.ThirdPersonExampleMap'
[2017.04.04-15.17.41:881][441]BlueprintLog: New page: Pre-Play auto-recompile
[2017.04.04-15.17.41:881][441]LogPlayLevel: [PlayLevel] Compiling ThirdPerson_AnimBP before play...
[2017.04.04-15.17.42:061][441]LogPlayLevel: PlayLevel: Blueprint regeneration took 179 ms (1 blueprints)
[2017.04.04-15.17.42:061][441]PIE: New page: PIE session: ThirdPersonExampleMap (4 Apr 2017 17:17:42)
[2017.04.04-15.17.42:061][441]LogPlayLevel: Creating play world package: /Game/ThirdPersonBP/Maps/UEDPIE_0_ThirdPersonExampleMap
[2017.04.04-15.17.42:089][441]LogPlayLevel: PIE: StaticDuplicateObject took: (0.027635s)
[2017.04.04-15.17.42:090][441]LogAIModule: Creating AISystem for world ThirdPersonExampleMap
[2017.04.04-15.17.42:090][441]LogPlayLevel: PIE: World Init took: (0.001011s)
[2017.04.04-15.17.42:090][441]LogPlayLevel: PIE: Created PIE world by copying editor world from /Game/ThirdPersonBP/Maps/ThirdPersonExampleMap.ThirdPersonExampleMap to /Game/ThirdPersonBP/Maps/UEDPIE_0_ThirdPersonExampleMap.ThirdPersonExampleMap (0.028944s)
[2017.04.04-15.17.42:162][441]LogInit: XAudio2 using 'Headphones (2- High Definition Audio Device)' : 2 channels at 44.1 kHz using 16 bits per sample (channel mask 0x3)
[2017.04.04-15.17.42:171][441]LogInit: FAudioDevice initialized.
[2017.04.04-15.17.42:207][441]LogLoad: Game class is 'ThirdPersonGameMode_C'
[2017.04.04-15.17.42:211][441]LogWorld: Bringing World /Game/ThirdPersonBP/Maps/UEDPIE_0_ThirdPersonExampleMap.ThirdPersonExampleMap up for play (max tick rate 0) at 2017.04.04-16.17.42
[2017.04.04-15.17.42:211][441]LogWorld: Bringing up level for play took: 0.002960
[2017.04.04-15.17.42:215][441]PIE: Info Play in editor start time for /Game/ThirdPersonBP/Maps/UEDPIE_0_ThirdPersonExampleMap 0.624
[2017.04.04-15.17.42:216][441]LogBlueprintUserMessages: Late PlayInEditor Detection: Level '/Game/ThirdPersonBP/Maps/ThirdPersonExampleMap.ThirdPersonExampleMap:PersistentLevel' has LevelScriptBlueprint '/Game/ThirdPersonBP/Maps/ThirdPersonExampleMap.ThirdPersonExampleMap:PersistentLevel.ThirdPersonExampleMap' with GeneratedClass '/Game/ThirdPersonBP/Maps/ThirdPersonExampleMap.ThirdPersonExampleMap_C' with ClassGeneratedBy '/Game/ThirdPersonBP/Maps/ThirdPersonExampleMap.ThirdPersonExampleMap:PersistentLevel.ThirdPersonExampleMap'
[2017.04.04-15.17.46:664][579]LogBlueprintUserMessages: Early EndPlayMap Detection: Level '/Game/ThirdPersonBP/Maps/ThirdPersonExampleMap.ThirdPersonExampleMap:PersistentLevel' has LevelScriptBlueprint '/Game/ThirdPersonBP/Maps/ThirdPersonExampleMap.ThirdPersonExampleMap:PersistentLevel.ThirdPersonExampleMap' with GeneratedClass '/Game/ThirdPersonBP/Maps/ThirdPersonExampleMap.ThirdPersonExampleMap_C' with ClassGeneratedBy '/Game/ThirdPersonBP/Maps/ThirdPersonExampleMap.ThirdPersonExampleMap:PersistentLevel.ThirdPersonExampleMap'
[2017.04.04-15.17.46:764][579]LogBlueprintUserMessages: Late EndPlayMap Detection: Level '/Game/ThirdPersonBP/Maps/ThirdPersonExampleMap.ThirdPersonExampleMap:PersistentLevel' has LevelScriptBlueprint '/Game/ThirdPersonBP/Maps/ThirdPersonExampleMap.ThirdPersonExampleMap:PersistentLevel.ThirdPersonExampleMap' with GeneratedClass '/Game/ThirdPersonBP/Maps/ThirdPersonExampleMap.ThirdPersonExampleMap_C' with ClassGeneratedBy '/Game/ThirdPersonBP/Maps/ThirdPersonExampleMap.ThirdPersonExampleMap:PersistentLevel.ThirdPersonExampleMap'
[2017.04.04-15.17.51:097][860]Cmd: TRANSACTION UNDO
[2017.04.04-15.17.51:097][860]LogEditorTransaction: Undo Create Pin Link
[2017.04.04-15.17.51:171][860]LogActorComponent: RegisterComponentWithWorld: (/Engine/Transient.DebugSkelMeshComponent_0) Already registered. Aborting.
[2017.04.04-15.17.51:174][860]LogActorComponent: RegisterComponentWithWorld: (/Engine/Transient.DebugSkelMeshComponent_2) Already registered. Aborting.
[2017.04.04-15.17.51:228][860]LogActorComponent: RegisterComponentWithWorld: (/Engine/Transient.DebugSkelMeshComponent_3) Already registered. Aborting.
[2017.04.04-15.17.51:232][860]LogActorComponent: RegisterComponentWithWorld: (/Engine/Transient.DebugSkelMeshComponent_5) Already registered. Aborting.
[2017.04.04-15.17.51:235][860]LogActorComponent: RegisterComponentWithWorld: (/Engine/Transient.DebugSkelMeshComponent_7) Already registered. Aborting.
[2017.04.04-15.17.51:238][860]LogActorComponent: RegisterComponentWithWorld: (/Engine/Transient.DebugSkelMeshComponent_9) Already registered. Aborting.
[2017.04.04-15.17.51:240][860]LogActorComponent: RegisterComponentWithWorld: (/Engine/Transient.DebugSkelMeshComponent_10) Already registered. Aborting.
[2017.04.04-15.17.51:290][860]LogUObjectBase:Warning: NULL object
[2017.04.04-15.17.51:548][860]LogStats: FPlatformStackWalk::StackWalkAndDump -  0.258 s
[2017.04.04-15.17.51:548][860]LogOutputDevice:Error: === Handled ensure: ===
[2017.04.04-15.17.51:548][860]LogOutputDevice:Error: 
[2017.04.04-15.17.51:548][860]LogOutputDevice:Error: Ensure condition failed: false [File:D:\Build\++UE4+Release-4.14+Compile\Sync\Engine\Source\Editor\Kismet\Private\SKismetInspector.cpp] [Line: 520]
[2017.04.04-15.17.51:548][860]LogOutputDevice:Error: Object in KismetInspector is invalid, see TTP 281915
[2017.04.04-15.17.51:548][860]LogOutputDevice:Error: Stack: 
[2017.04.04-15.17.51:548][860]LogOutputDevice:Error: UE4Editor-Core.dll
[2017.04.04-15.17.51:548][860]LogOutputDevice:Error: UE4Editor-Core.dll
[2017.04.04-15.17.51:548][860]LogOutputDevice:Error: UE4Editor-Core.dll
[2017.04.04-15.17.51:548][860]LogOutputDevice:Error: UE4Editor-Kismet.dll
[2017.04.04-15.17.51:548][860]LogOutputDevice:Error: UE4Editor-Kismet.dll
[2017.04.04-15.17.51:548][860]LogOutputDevice:Error: UE4Editor-SlateCore.dll
[2017.04.04-15.17.51:548][860]LogOutputDevice:Error: UE4Editor-SlateCore.dll
[2017.04.04-15.17.51:548][860]LogOutputDevice:Error: UE4Editor-Slate.dll
[2017.04.04-15.17.51:548][860]LogOutputDevice:Error: UE4Editor-SlateCore.dll
[2017.04.04-15.17.51:548][860]LogOutputDevice:Error: UE4Editor-SlateCore.dll
[2017.04.04-15.17.51:548][860]LogOutputDevice:Error: UE4Editor-SlateCore.dll
[2017.04.04-15.17.51:548][860]LogOutputDevice:Error: UE4Editor-SlateCore.dll
[2017.04.04-15.17.51:548][860]LogOutputDevice:Error: UE4Editor-SlateCore.dll
[2017.04.04-15.17.51:548][860]LogOutputDevice:Error: UE4Editor-SlateCore.dll
[2017.04.04-15.17.51:548][860]LogOutputDevice:Error: UE4Editor-SlateCore.dll
[2017.04.04-15.17.51:548][860]LogOutputDevice:Error: UE4Editor-SlateCore.dll
[2017.04.04-15.17.51:548][860]LogOutputDevice:Error: UE4Editor-SlateCore.dll
[2017.04.04-15.17.51:548][860]LogOutputDevice:Error: UE4Editor-Slate.dll
[2017.04.04-15.17.51:548][860]LogOutputDevice:Error: UE4Editor-SlateCore.dll
[2017.04.04-15.17.51:548][860]LogOutputDevice:Error: UE4Editor-SlateCore.dll
[2017.04.04-15.17.51:548][860]LogOutputDevice:Error: UE4Editor-SlateCore.dll
[2017.04.04-15.17.51:548][860]LogOutputDevice:Error: UE4Editor-SlateCore.dll
[2017.04.04-15.17.51:548][860]LogOutputDevice:Error: UE4Editor-Slate.dll
[2017.04.04-15.17.51:548][860]LogOutputDevice:Error: UE4Editor-SlateCore.dll
[2017.04.04-15.17.51:548][860]LogOutputDevice:Error: UE4Editor-SlateCore.dll
[2017.04.04-15.17.51:548][860]LogOutputDevice:Error: UE4Editor-SlateCore.dll
[2017.04.04-15.17.51:548][860]LogOutputDevice:Error: UE4Editor-SlateCore.dll
[2017.04.04-15.17.51:548][860]LogOutputDevice:Error: UE4Editor-Slate.dll
[2017.04.04-15.17.51:548][860]LogOutputDevice:Error: UE4Editor-SlateCore.dll
[2017.04.04-15.17.51:548][860]LogOutputDevice:Error: UE4Editor-SlateCore.dll
[2017.04.04-15.17.51:548][860]LogOutputDevice:Error: UE4Editor-SlateCore.dll
[2017.04.04-15.17.51:548][860]LogOutputDevice:Error: UE4Editor-SlateCore.dll
[2017.04.04-15.17.51:548][860]LogOutputDevice:Error: UE4Editor-SlateCore.dll
[2017.04.04-15.17.51:548][860]LogOutputDevice:Error: UE4Editor-SlateCore.dll
[2017.04.04-15.17.51:548][860]LogOutputDevice:Error: UE4Editor-SlateCore.dll
[2017.04.04-15.17.51:548][860]LogOutputDevice:Error: UE4Editor-SlateCore.dll
[2017.04.04-15.17.51:548][860]LogOutputDevice:Error: UE4Editor-SlateCore.dll
[2017.04.04-15.17.51:548][860]LogOutputDevice:Error: UE4Editor-SlateCore.dll
[2017.04.04-15.17.51:548][860]LogOutputDevice:Error: UE4Editor-SlateCore.dll
[2017.04.04-15.17.51:548][860]LogOutputDevice:Error: UE4Editor-Slate.dll
[2017.04.04-15.17.51:548][860]LogOutputDevice:Error: UE4Editor-SlateCore.dll
[2017.04.04-15.17.51:548][860]LogOutputDevice:Error: UE4Editor-SlateCore.dll
[2017.04.04-15.17.51:548][860]LogOutputDevice:Error: UE4Editor-SlateCore.dll
[2017.04.04-15.17.51:548][860]LogOutputDevice:Error: UE4Editor-SlateCore.dll
[2017.04.04-15.17.51:548][860]LogOutputDevice:Error: UE4Editor-SlateCore.dll
[2017.04.04-15.17.51:548][860]LogOutputDevice:Error: UE4Editor-SlateCore.dll
[2017.04.04-15.17.51:548][860]LogOutputDevice:Error: UE4Editor-SlateCore.dll
[2017.04.04-15.17.51:548][860]LogOutputDevice:Error: UE4Editor-SlateCore.dll
[2017.04.04-15.17.51:548][860]LogOutputDevice:Error: UE4Editor-SlateCore.dll
[2017.04.04-15.17.51:548][860]LogOutputDevice:Error: UE4Editor-Slate.dll
[2017.04.04-15.17.51:548][860]LogOutputDevice:Error: UE4Editor-SlateCore.dll
[2017.04.04-15.17.51:548][860]LogOutputDevice:Error: UE4Editor-SlateCore.dll
[2017.04.04-15.17.51:548][860]LogOutputDevice:Error: UE4Editor-SlateCore.dll
[2017.04.04-15.17.51:548][860]LogOutputDevice:Error: UE4Editor-SlateCore.dll
[2017.04.04-15.17.51:548][860]LogOutputDevice:Error: UE4Editor-SlateCore.dll
[2017.04.04-15.17.51:548][860]LogOutputDevice:Error: UE4Editor-SlateCore.dll
[2017.04.04-15.17.51:548][860]LogOutputDevice:Error: UE4Editor-SlateCore.dll
[2017.04.04-15.17.51:548][860]LogOutputDevice:Error: UE4Editor-SlateCore.dll
[2017.04.04-15.17.51:548][860]LogOutputDevice:Error: UE4Editor-SlateCore.dll
[2017.04.04-15.17.51:548][860]LogOutputDevice:Error: UE4Editor-SlateCore.dll
[2017.04.04-15.17.51:548][860]LogOutputDevice:Error: UE4Editor-SlateCore.dll
[2017.04.04-15.17.51:548][860]LogOutputDevice:Error: UE4Editor-SlateCore.dll
[2017.04.04-15.17.51:548][860]LogOutputDevice:Error: UE4Editor-SlateCore.dll
[2017.04.04-15.17.51:548][860]LogOutputDevice:Error: UE4Editor-SlateCore.dll
[2017.04.04-15.17.51:548][860]LogOutputDevice:Error: UE4Editor-SlateCore.dll
[2017.04.04-15.17.51:548][860]LogOutputDevice:Error: UE4Editor-SlateCore.dll
[2017.04.04-15.17.51:548][860]LogOutputDevice:Error: UE4Editor-Slate.dll
[2017.04.04-15.17.51:548][860]LogOutputDevice:Error: UE4Editor-Slate.dll
[2017.04.04-15.17.51:548][860]LogOutputDevice:Error: UE4Editor-Slate.dll
[2017.04.04-15.17.51:548][860]LogOutputDevice:Error: UE4Editor-Slate.dll
[2017.04.04-15.17.51:548][860]LogOutputDevice:Error: UE4Editor-Slate.dll
[2017.04.04-15.17.51:548][860]LogOutputDevice:Error: UE4Editor.exe
[2017.04.04-15.17.51:548][860]LogOutputDevice:Error: UE4Editor.exe
[2017.04.04-15.17.51:548][860]LogOutputDevice:Error: UE4Editor.exe
[2017.04.04-15.17.51:548][860]LogOutputDevice:Error: UE4Editor.exe
[2017.04.04-15.17.51:548][860]LogOutputDevice:Error: UE4Editor.exe
[2017.04.04-15.17.51:548][860]LogOutputDevice:Error: kernel32.dll
[2017.04.04-15.17.51:548][860]LogOutputDevice:Error: ntdll.dll
[2017.04.04-15.17.51:548][860]LogOutputDevice:Error: 
[2017.04.04-15.17.51:555][860]LogStats:                SubmitErrorReport -  0.000 s
