Log file open, 04/05/17 20:52:58
LogInit:Display: Running engine for game: GoneFission2
LogPlatformFile: Not using cached read wrapper
LogInit:Display: RandInit(-197213882) SRandInit(-197213882).
LogTaskGraph: Started task graph with 5 named threads and 6 total threads with 1 sets of task threads.
LogStats: Stats thread started at 0.081693
LogPluginManager: Loaded Plugin Paper2D, From C:/Program Files (x86)/Epic Games/4.14/Engine/Plugins/2D/Paper2D/Paper2D.uplugin
LogPluginManager: Loaded Plugin LightPropagationVolume, From C:/Program Files (x86)/Epic Games/4.14/Engine/Plugins/Blendables/LightPropagationVolume/LightPropagationVolume.uplugin
LogPluginManager: Loaded Plugin BlankPlugin, From C:/Program Files (x86)/Epic Games/4.14/Engine/Plugins/Developer/BlankPlugin/BlankPlugin.uplugin
LogPluginManager: Loaded Plugin CodeLiteSourceCodeAccess, From C:/Program Files (x86)/Epic Games/4.14/Engine/Plugins/Developer/CodeLiteSourceCodeAccess/CodeLiteSourceCodeAccess.uplugin
LogPluginManager: Loaded Plugin GitSourceControl, From C:/Program Files (x86)/Epic Games/4.14/Engine/Plugins/Developer/GitSourceControl/GitSourceControl.uplugin
LogPluginManager: Loaded Plugin KDevelopSourceCodeAccess, From C:/Program Files (x86)/Epic Games/4.14/Engine/Plugins/Developer/KDevelopSourceCodeAccess/KDevelopSourceCodeAccess.uplugin
LogPluginManager: Loaded Plugin NullSourceCodeAccess, From C:/Program Files (x86)/Epic Games/4.14/Engine/Plugins/Developer/NullSourceCodeAccess/NullSourceCodeAccess.uplugin
LogPluginManager: Loaded Plugin OneSkyLocalizationService, From C:/Program Files (x86)/Epic Games/4.14/Engine/Plugins/Developer/OneSkyLocalizationService/OneSkyLocalizationService.uplugin
LogPluginManager: Loaded Plugin PerforceSourceControl, From C:/Program Files (x86)/Epic Games/4.14/Engine/Plugins/Developer/PerforceSourceControl/PerforceSourceControl.uplugin
LogPluginManager: Loaded Plugin SubversionSourceControl, From C:/Program Files (x86)/Epic Games/4.14/Engine/Plugins/Developer/SubversionSourceControl/SubversionSourceControl.uplugin
LogPluginManager: Loaded Plugin UObjectPlugin, From C:/Program Files (x86)/Epic Games/4.14/Engine/Plugins/Developer/UObjectPlugin/UObjectPlugin.uplugin
LogPluginManager: Loaded Plugin VisualStudioSourceCodeAccess, From C:/Program Files (x86)/Epic Games/4.14/Engine/Plugins/Developer/VisualStudioSourceCodeAccess/VisualStudioSourceCodeAccess.uplugin
LogPluginManager: Loaded Plugin XCodeSourceCodeAccess, From C:/Program Files (x86)/Epic Games/4.14/Engine/Plugins/Developer/XCodeSourceCodeAccess/XCodeSourceCodeAccess.uplugin
LogPluginManager: Loaded Plugin AudioCapture, From C:/Program Files (x86)/Epic Games/4.14/Engine/Plugins/Editor/AudioCapture/AudioCapture.uplugin
LogPluginManager: Loaded Plugin EpicSurvey, From C:/Program Files (x86)/Epic Games/4.14/Engine/Plugins/Editor/EpicSurvey/EpicSurvey.uplugin
LogPluginManager: Loaded Plugin MacGraphicsSwitching, From C:/Program Files (x86)/Epic Games/4.14/Engine/Plugins/Editor/MacGraphicsSwitching/MacGraphicsSwitching.uplugin
LogPluginManager: Loaded Plugin MobileLauncherProfileWizard, From C:/Program Files (x86)/Epic Games/4.14/Engine/Plugins/Editor/MobileLauncherProfileWizard/MobileLauncherProfileWizard.uplugin
LogPluginManager: Loaded Plugin PluginBrowser, From C:/Program Files (x86)/Epic Games/4.14/Engine/Plugins/Editor/PluginBrowser/PluginBrowser.uplugin
LogPluginManager: Loaded Plugin SpeedTreeImporter, From C:/Program Files (x86)/Epic Games/4.14/Engine/Plugins/Editor/SpeedTreeImporter/SpeedTreeImporter.uplugin
LogPluginManager: Loaded Plugin SuperSearchEditor, From C:/Program Files (x86)/Epic Games/4.14/Engine/Plugins/Editor/SuperSearchEditor/SuperSearchEditor.uplugin
LogPluginManager: Loaded Plugin AlembicImporter, From C:/Program Files (x86)/Epic Games/4.14/Engine/Plugins/Experimental/AlembicImporter/AlembicImporter.uplugin
LogPluginManager: Loaded Plugin BlueprintStats, From C:/Program Files (x86)/Epic Games/4.14/Engine/Plugins/Experimental/BlueprintStats/BlueprintStats.uplugin
LogPluginManager: Loaded Plugin CharacterAI, From C:/Program Files (x86)/Epic Games/4.14/Engine/Plugins/Experimental/CharacterAI/CharacterAI.uplugin
LogPluginManager: Loaded Plugin CodeEditor, From C:/Program Files (x86)/Epic Games/4.14/Engine/Plugins/Experimental/CodeEditor/CodeEditor.uplugin
LogPluginManager: Loaded Plugin CodeView, From C:/Program Files (x86)/Epic Games/4.14/Engine/Plugins/Experimental/CodeView/CodeView.uplugin
LogPluginManager: Loaded Plugin HTML5Networking, From C:/Program Files (x86)/Epic Games/4.14/Engine/Plugins/Experimental/HTML5Networking/HTML5Networking.uplugin
LogPluginManager: Loaded Plugin OSVR, From C:/Program Files (x86)/Epic Games/4.14/Engine/Plugins/Experimental/OSVR/OSVR.uplugin
LogPluginManager: Loaded Plugin Phya, From C:/Program Files (x86)/Epic Games/4.14/Engine/Plugins/Experimental/Phya/Phya.uplugin
LogPluginManager: Loaded Plugin SignificanceManager, From C:/Program Files (x86)/Epic Games/4.14/Engine/Plugins/Experimental/SignificanceManager/SignificanceManager.uplugin
LogPluginManager: Loaded Plugin SimpleHMD, From C:/Program Files (x86)/Epic Games/4.14/Engine/Plugins/Experimental/SimpleHMD/SimpleHMD.uplugin
LogPluginManager: Loaded Plugin StereoPanorama, From C:/Program Files (x86)/Epic Games/4.14/Engine/Plugins/Experimental/StereoPanorama/StereoPanorama.uplugin
LogPluginManager: Loaded Plugin StructBox, From C:/Program Files (x86)/Epic Games/4.14/Engine/Plugins/Experimental/StructBox/StructBox.uplugin
LogPluginManager: Loaded Plugin Substance, From C:/Program Files (x86)/Epic Games/4.14/Engine/Plugins/Marketplace/Substance/Substance.uplugin
LogPluginManager: Loaded Plugin AndroidMedia, From C:/Program Files (x86)/Epic Games/4.14/Engine/Plugins/Media/AndroidMedia/AndroidMedia.uplugin
LogPluginManager: Loaded Plugin AvfMedia, From C:/Program Files (x86)/Epic Games/4.14/Engine/Plugins/Media/AvfMedia/AvfMedia.uplugin
LogPluginManager: Loaded Plugin MediaPlayerEditor, From C:/Program Files (x86)/Epic Games/4.14/Engine/Plugins/Media/MediaPlayerEditor/MediaPlayerEditor.uplugin
LogPluginManager: Loaded Plugin WmfMedia, From C:/Program Files (x86)/Epic Games/4.14/Engine/Plugins/Media/WmfMedia/WmfMedia.uplugin
LogPluginManager: Loaded Plugin MessagingDebugger, From C:/Program Files (x86)/Epic Games/4.14/Engine/Plugins/Messaging/MessagingDebugger/MessagingDebugger.uplugin
LogPluginManager: Loaded Plugin TcpMessaging, From C:/Program Files (x86)/Epic Games/4.14/Engine/Plugins/Messaging/TcpMessaging/TcpMessaging.uplugin
LogPluginManager: Loaded Plugin UdpMessaging, From C:/Program Files (x86)/Epic Games/4.14/Engine/Plugins/Messaging/UdpMessaging/UdpMessaging.uplugin
LogPluginManager: Loaded Plugin LevelSequenceEditor, From C:/Program Files (x86)/Epic Games/4.14/Engine/Plugins/MovieScene/LevelSequenceEditor/LevelSequenceEditor.uplugin
LogPluginManager: Loaded Plugin MatineeToLevelSequence, From C:/Program Files (x86)/Epic Games/4.14/Engine/Plugins/MovieScene/MatineeToLevelSequence/MatineeToLevelSequence.uplugin
LogPluginManager: Loaded Plugin NetcodeUnitTest, From C:/Program Files (x86)/Epic Games/4.14/Engine/Plugins/NetcodeUnitTest/NetcodeUnitTest/NetcodeUnitTest.uplugin
LogPluginManager: Loaded Plugin NUTUnrealEngine4, From C:/Program Files (x86)/Epic Games/4.14/Engine/Plugins/NetcodeUnitTest/NUTUnrealEngine4/NUTUnrealEngine4.uplugin
LogPluginManager: Loaded Plugin OnlineSubsystemGameCircle, From C:/Program Files (x86)/Epic Games/4.14/Engine/Plugins/Online/Android/OnlineSubsystemGameCircle/OnlineSubsystemGameCircle.uplugin
LogPluginManager: Loaded Plugin OnlineSubsystemGooglePlay, From C:/Program Files (x86)/Epic Games/4.14/Engine/Plugins/Online/Android/OnlineSubsystemGooglePlay/OnlineSubsystemGooglePlay.uplugin
LogPluginManager: Loaded Plugin OnlineSubsystemIOS, From C:/Program Files (x86)/Epic Games/4.14/Engine/Plugins/Online/IOS/OnlineSubsystemIOS/OnlineSubsystemIOS.uplugin
LogPluginManager: Loaded Plugin OnlineFramework, From C:/Program Files (x86)/Epic Games/4.14/Engine/Plugins/Online/OnlineFramework/OnlineFramework.uplugin
LogPluginManager: Loaded Plugin OnlineSubsystem, From C:/Program Files (x86)/Epic Games/4.14/Engine/Plugins/Online/OnlineSubsystem/OnlineSubsystem.uplugin
LogPluginManager: Loaded Plugin OnlineSubsystemAmazon, From C:/Program Files (x86)/Epic Games/4.14/Engine/Plugins/Online/OnlineSubsystemAmazon/OnlineSubsystemAmazon.uplugin
LogPluginManager: Loaded Plugin OnlineSubsystemFacebook, From C:/Program Files (x86)/Epic Games/4.14/Engine/Plugins/Online/OnlineSubsystemFacebook/OnlineSubsystemFacebook.uplugin
LogPluginManager: Loaded Plugin OnlineSubsystemNull, From C:/Program Files (x86)/Epic Games/4.14/Engine/Plugins/Online/OnlineSubsystemNull/OnlineSubsystemNull.uplugin
LogPluginManager: Loaded Plugin OnlineSubsystemOculus, From C:/Program Files (x86)/Epic Games/4.14/Engine/Plugins/Online/OnlineSubsystemOculus/OnlineSubsystemOculus.uplugin
LogPluginManager: Loaded Plugin OnlineSubsystemSteam, From C:/Program Files (x86)/Epic Games/4.14/Engine/Plugins/Online/OnlineSubsystemSteam/OnlineSubsystemSteam.uplugin
LogPluginManager: Loaded Plugin OnlineSubsystemUtils, From C:/Program Files (x86)/Epic Games/4.14/Engine/Plugins/Online/OnlineSubsystemUtils/OnlineSubsystemUtils.uplugin
LogPluginManager: Loaded Plugin IOSTapJoy, From C:/Program Files (x86)/Epic Games/4.14/Engine/Plugins/Runtime/Advertising/IOSTapJoy/IOSTapJoy.uplugin
LogPluginManager: Loaded Plugin AnalyticsBlueprintLibrary, From C:/Program Files (x86)/Epic Games/4.14/Engine/Plugins/Runtime/Analytics/AnalyticsBlueprintLibrary/AnalyticsBlueprintLibrary.uplugin
LogPluginManager: Loaded Plugin AnalyticsMulticast, From C:/Program Files (x86)/Epic Games/4.14/Engine/Plugins/Runtime/Analytics/AnalyticsMulticast/AnalyticsMulticast.uplugin
LogPluginManager: Loaded Plugin Apsalar, From C:/Program Files (x86)/Epic Games/4.14/Engine/Plugins/Runtime/Analytics/Apsalar/Apsalar.uplugin
LogPluginManager: Loaded Plugin FileLogging, From C:/Program Files (x86)/Epic Games/4.14/Engine/Plugins/Runtime/Analytics/FileLogging/FileLogging.uplugin
LogPluginManager: Loaded Plugin Flurry, From C:/Program Files (x86)/Epic Games/4.14/Engine/Plugins/Runtime/Analytics/Flurry/Flurry.uplugin
LogPluginManager: Loaded Plugin AndroidDeviceProfileSelector, From C:/Program Files (x86)/Epic Games/4.14/Engine/Plugins/Runtime/AndroidDeviceProfileSelector/AndroidDeviceProfileSelector.uplugin
LogPluginManager: Loaded Plugin AndroidMoviePlayer, From C:/Program Files (x86)/Epic Games/4.14/Engine/Plugins/Runtime/AndroidMoviePlayer/AndroidMoviePlayer.uplugin
LogPluginManager: Loaded Plugin AppleMoviePlayer, From C:/Program Files (x86)/Epic Games/4.14/Engine/Plugins/Runtime/AppleMoviePlayer/AppleMoviePlayer.uplugin
LogPluginManager: Loaded Plugin ArchVisCharacter, From C:/Program Files (x86)/Epic Games/4.14/Engine/Plugins/Runtime/ArchVisCharacter/ArchVisCharacter.uplugin
LogPluginManager: Loaded Plugin CableComponent, From C:/Program Files (x86)/Epic Games/4.14/Engine/Plugins/Runtime/CableComponent/CableComponent.uplugin
LogPluginManager: Loaded Plugin CustomMeshComponent, From C:/Program Files (x86)/Epic Games/4.14/Engine/Plugins/Runtime/CustomMeshComponent/CustomMeshComponent.uplugin
LogPluginManager: Loaded Plugin ExampleDeviceProfileSelector, From C:/Program Files (x86)/Epic Games/4.14/Engine/Plugins/Runtime/ExampleDeviceProfileSelector/ExampleDeviceProfileSelector.uplugin
LogPluginManager: Loaded Plugin GearVR, From C:/Program Files (x86)/Epic Games/4.14/Engine/Plugins/Runtime/GearVR/GearVR.uplugin
LogPluginManager: Loaded Plugin GoogleVRController, From C:/Program Files (x86)/Epic Games/4.14/Engine/Plugins/Runtime/GoogleVR/GoogleVRController/GoogleVRController.uplugin
LogPluginManager: Loaded Plugin GoogleVRHMD, From C:/Program Files (x86)/Epic Games/4.14/Engine/Plugins/Runtime/GoogleVR/GoogleVRHMD/GoogleVRHMD.uplugin
LogPluginManager: Loaded Plugin IOSDeviceProfileSelector, From C:/Program Files (x86)/Epic Games/4.14/Engine/Plugins/Runtime/IOSDeviceProfileSelector/IOSDeviceProfileSelector.uplugin
LogPluginManager: Loaded Plugin LeapMotion, From C:/Program Files (x86)/Epic Games/4.14/Engine/Plugins/Runtime/LeapMotion/LeapMotion.uplugin
LogPluginManager: Loaded Plugin LinuxDeviceProfileSelector, From C:/Program Files (x86)/Epic Games/4.14/Engine/Plugins/Runtime/LinuxDeviceProfileSelector/LinuxDeviceProfileSelector.uplugin
LogPluginManager: Loaded Plugin MIDIDevice, From C:/Program Files (x86)/Epic Games/4.14/Engine/Plugins/Runtime/MIDIDevice/MIDIDevice.uplugin
LogPluginManager: Loaded Plugin MobilePatchingUtils, From C:/Program Files (x86)/Epic Games/4.14/Engine/Plugins/Runtime/MobilePatchingUtils/MobilePatchingUtils.uplugin
LogPluginManager: Loaded Plugin Ansel, From C:/Program Files (x86)/Epic Games/4.14/Engine/Plugins/Runtime/Nvidia/Ansel/Ansel.uplugin
LogPluginManager: Loaded Plugin OculusAudio, From C:/Program Files (x86)/Epic Games/4.14/Engine/Plugins/Runtime/OculusAudio/OculusAudio.uplugin
LogPluginManager: Loaded Plugin OculusInput, From C:/Program Files (x86)/Epic Games/4.14/Engine/Plugins/Runtime/OculusInput/OculusInput.uplugin
LogPluginManager: Loaded Plugin OculusLibrary, From C:/Program Files (x86)/Epic Games/4.14/Engine/Plugins/Runtime/OculusLibrary/OculusLibrary.uplugin
LogPluginManager: Loaded Plugin OculusRift, From C:/Program Files (x86)/Epic Games/4.14/Engine/Plugins/Runtime/OculusRift/OculusRift.uplugin
LogPluginManager: Loaded Plugin Oodle, From C:/Program Files (x86)/Epic Games/4.14/Engine/Plugins/Runtime/PacketHandlers/CompressionComponents/Oodle/Oodle.uplugin
LogPluginManager: Loaded Plugin ProceduralMeshComponent, From C:/Program Files (x86)/Epic Games/4.14/Engine/Plugins/Runtime/ProceduralMeshComponent/ProceduralMeshComponent.uplugin
LogPluginManager: Loaded Plugin SoundMod, From C:/Program Files (x86)/Epic Games/4.14/Engine/Plugins/Runtime/SoundMod/SoundMod.uplugin
LogPluginManager: Loaded Plugin SoundVisualizations, From C:/Program Files (x86)/Epic Games/4.14/Engine/Plugins/Runtime/SoundVisualizations/SoundVisualizations.uplugin
LogPluginManager: Loaded Plugin SteamController, From C:/Program Files (x86)/Epic Games/4.14/Engine/Plugins/Runtime/Steam/SteamController/SteamController.uplugin
LogPluginManager: Loaded Plugin SteamVR, From C:/Program Files (x86)/Epic Games/4.14/Engine/Plugins/Runtime/Steam/SteamVR/SteamVR.uplugin
LogPluginManager: Loaded Plugin WebBrowserWidget, From C:/Program Files (x86)/Epic Games/4.14/Engine/Plugins/Runtime/WebBrowserWidget/WebBrowserWidget.uplugin
LogPluginManager: Loaded Plugin WindowsDeviceProfileSelector, From C:/Program Files (x86)/Epic Games/4.14/Engine/Plugins/Runtime/WindowsDeviceProfileSelector/WindowsDeviceProfileSelector.uplugin
LogPluginManager: Loaded Plugin WindowsMoviePlayer, From C:/Program Files (x86)/Epic Games/4.14/Engine/Plugins/Runtime/WindowsMoviePlayer/WindowsMoviePlayer.uplugin
LogPluginManager: Loaded Plugin ScriptPlugin, From C:/Program Files (x86)/Epic Games/4.14/Engine/Plugins/ScriptPlugin/ScriptPlugin.uplugin
LogPluginManager: Loaded Plugin SlateRemote, From C:/Program Files (x86)/Epic Games/4.14/Engine/Plugins/Slate/SlateRemote/SlateRemote.uplugin
LogPluginManager: Loaded Plugin EditorTests, From C:/Program Files (x86)/Epic Games/4.14/Engine/Plugins/Tests/EditorTests/EditorTests.uplugin
LogPluginManager: Loaded Plugin FbxAutomationTestBuilder, From C:/Program Files (x86)/Epic Games/4.14/Engine/Plugins/Tests/FbxAutomationTestBuilder/FbxAutomationTestBuilder.uplugin
LogPluginManager: Loaded Plugin FunctionalTestingEditor, From C:/Program Files (x86)/Epic Games/4.14/Engine/Plugins/Tests/FunctionalTestingEditor/FunctionalTestingEditor.uplugin
LogPluginManager: Loaded Plugin RuntimeTests, From C:/Program Files (x86)/Epic Games/4.14/Engine/Plugins/Tests/RuntimeTests/RuntimeTests.uplugin
LogPluginManager: Loaded Plugin ScreenshotTools, From C:/Program Files (x86)/Epic Games/4.14/Engine/Plugins/Tests/ScreenshotTools/ScreenshotTools.uplugin
LogInit: Using libcurl 7.47.1
LogInit:  - built for x86_64-pc-win32
LogInit:  - supports SSL with OpenSSL/1.0.2g
LogInit:  - supports HTTP deflate (compression) using libz 1.2.8
LogInit:  - other features:
LogInit:      CURL_VERSION_SSL
LogInit:      CURL_VERSION_LIBZ
LogInit:      CURL_VERSION_IPV6
LogInit:      CURL_VERSION_ASYNCHDNS
LogInit:      CURL_VERSION_LARGEFILE
LogInit:      CURL_VERSION_IDN
LogInit:  CurlRequestOptions (configurable via config and command line):
LogInit:  - bVerifyPeer = false  - Libcurl will NOT verify peer certificate
LogInit:  - bUseHttpProxy = false  - Libcurl will NOT use HTTP proxy
LogInit:  - bDontReuseConnections = false  - Libcurl will reuse connections
LogInit:  - CertBundlePath = nullptr  - Libcurl will use whatever was configured at build time.
LogInit: Build: ++UE4+Release-4.14-CL-3195953
LogInit: Engine Version: 4.14.0-3195953+++UE4+Release-4.14
LogInit: Compatible Engine Version: 4.14.0-3195953+++UE4+Release-4.14
LogInit: Net CL: 3195953
LogDevObjectVersion: Number of dev versions registered: 13
LogDevObjectVersion:   Dev-Blueprints (B0D832E4-1F89-4F0D-ACCF-7EB736FD4AA2): 7
LogDevObjectVersion:   Dev-Build (E1C64328-A22C-4D53-A36C-8E866417BD8C): 0
LogDevObjectVersion:   Dev-Core (375EC13C-06E4-48FB-B500-84F0262A717E): 1
LogDevObjectVersion:   Dev-Editor (E4B068ED-F494-42E9-A231-DA0B2E46BB41): 8
LogDevObjectVersion:   Dev-Framework (CFFC743F-43B0-4480-9391-14DF171D2073): 17
LogDevObjectVersion:   Dev-Mobile (B02B49B5-BB20-44E9-A304-32B752E40360): 0
LogDevObjectVersion:   Dev-Networking (A4E4105C-59A1-49B5-A7C5-40C4547EDFEE): 0
LogDevObjectVersion:   Dev-Online (39C831C9-5AE6-47DC-9A44-9C173E1C8E7C): 0
LogDevObjectVersion:   Dev-Physics (78F01B33-EBEA-4F98-B9B4-84EACCB95AA2): 0
LogDevObjectVersion:   Dev-Platform (6631380F-2D4D-43E0-8009-CF276956A95A): 0
LogDevObjectVersion:   Dev-Rendering (12F88B9F-8875-4AFC-A67C-D90C383ABD29): 12
LogDevObjectVersion:   Dev-Sequencer (7B5AE74C-D270-4C10-A958-57980B212A5A): 1
LogDevObjectVersion:   Dev-VR (D7296918-1DD6-4BDD-9DE2-64A83CC13884): 0
LogInit: Compiled (64-bit): Nov 12 2016 02:14:10
LogInit: Compiled with Visual C++: 19.00.23026.00
LogInit: Build Configuration: Development
LogInit: Branch Name: ++UE4+Release-4.14
LogInit: Command line: -EpicPortal 
LogInit: Base directory: C:/Program Files (x86)/Epic Games/4.14/Engine/Binaries/Win64/
LogInit: Installed Engine Build: 1
LogInit: Presizing for max 8388607 objects, including 0 objects not considered by GC, pre-allocating 0 bytes for permanent pool.
LogInit: Object subsystem initialized
[2017.04.05-19.52.59:301][  0]LogInit: Selected Device Profile: [Windows]
[2017.04.05-19.52.59:301][  0]LogInit: Applying CVar settings loaded from the selected device profile: [Windows]
[2017.04.05-19.52.59:314][  0]LogInit: Computer: FOUR
[2017.04.05-19.52.59:314][  0]LogInit: User: UKGC
[2017.04.05-19.52.59:314][  0]LogInit: CPU Page size=65536, Cores=2
[2017.04.05-19.52.59:314][  0]LogInit: High frequency timer resolution =3.118232 MHz
[2017.04.05-19.52.59:315][  0]LogMemory: Memory total: Physical=8.0GB (8GB approx)
[2017.04.05-19.52.59:315][  0]LogMemory: Platform Memory Stats for Windows
[2017.04.05-19.52.59:315][  0]LogMemory: Process Physical Memory: 264.01 MB used, 264.01 MB peak
[2017.04.05-19.52.59:315][  0]LogMemory: Process Virtual Memory: 263.20 MB used, 263.20 MB peak
[2017.04.05-19.52.59:315][  0]LogMemory: Physical Memory: 5779.59 MB used,  2379.56 MB free, 8159.15 MB total
[2017.04.05-19.52.59:315][  0]LogMemory: Virtual Memory: 653.04 MB used,  2379.56 MB free, 8388608.00 MB total
[2017.04.05-19.52.59:367][  0]LogTextLocalizationManager: No specific translations for ('en-GB') exist, so ('en') translations will be used.
[2017.04.05-19.53.00:325][  0]LogD3D11RHI: D3D11 adapters:
[2017.04.05-19.53.00:333][  0]LogD3D11RHI:    0. 'AMD Radeon HD 5570' (Feature Level 11_0)
[2017.04.05-19.53.00:333][  0]LogD3D11RHI:       1010/0/3823 MB DedicatedVideo/DedicatedSystem/SharedSystem, Outputs:1, VendorId:0x1002
[2017.04.05-19.53.00:333][  0]LogD3D11RHI: Chosen D3D11 Adapter: 0
[2017.04.05-19.53.00:339][  0]LogD3D11RHI: Creating new Direct3DDevice
[2017.04.05-19.53.00:339][  0]LogD3D11RHI:     GPU DeviceId: 0x68d9 (for the marketing name, search the web for "GPU Device Id")
[2017.04.05-19.53.00:339][  0]LogWindows: EnumDisplayDevices:
[2017.04.05-19.53.00:340][  0]LogWindows:    0. 'AMD Radeon HD 5570' (P:1 D:1)
[2017.04.05-19.53.00:340][  0]LogWindows:    1. 'AMD Radeon HD 5570' (P:0 D:0)
[2017.04.05-19.53.00:340][  0]LogWindows:    2. 'AMD Radeon HD 5570' (P:0 D:0)
[2017.04.05-19.53.00:340][  0]LogWindows:    3. 'RDPDD Chained DD' (P:0 D:0)
[2017.04.05-19.53.00:340][  0]LogWindows:    4. 'RDP Encoder Mirror Driver' (P:0 D:0)
[2017.04.05-19.53.00:340][  0]LogWindows:    5. 'RDP Reflector Display Driver' (P:0 D:0)
[2017.04.05-19.53.00:340][  0]LogWindows: DebugString: GetVideoDriverDetailsInvalid PrimaryIsNotTheChoosenAdapter GetVideoDriverDetailsInvalid PrimaryIsNotTheChoosenAdapter GetVideoDriverDetailsInvalid PrimaryIsNotTheChoosenAdapter FoundDriverCount:3 
[2017.04.05-19.53.00:340][  0]LogD3D11RHI:     Adapter Name: AMD Radeon HD 5570
[2017.04.05-19.53.00:340][  0]LogD3D11RHI:   Driver Version: Catalyst 15.7.1 (internal:15.200.1062.1004, unified:15.200.1062.1004)
[2017.04.05-19.53.00:340][  0]LogD3D11RHI:      Driver Date: 8-3-2015
[2017.04.05-19.53.00:341][  0]LogRHI: Texture pool is 707 MB (70% of 1010 MB)
[2017.04.05-19.53.00:346][  0]LogD3D11RHI: Async texture creation enabled
[2017.04.05-19.53.00:357][  0]LogD3D11RHI: GPU Timing Frequency: 27.000000 (Debug: 2 1)
[2017.04.05-19.53.00:358][  0]LogShaderCompilers: Guid format shader working directory is -22 characters bigger than the processId version (../../../../../../Users/UKGC/Documents/Unreal Projects/GoneFission2/Intermediate/Shaders/WorkingDirectory/8816/).
[2017.04.05-19.53.00:358][  0]LogShaderCompilers: Cleaned the shader compiler working directory 'C:/Users/UKGC/AppData/Local/Temp/UnrealShaderWorkingDir/697B602040B80742AC1087AAC801087B/'.
[2017.04.05-19.53.00:358][  0]LogShaderCompilers:Display: Using Local Shader Compiler.
[2017.04.05-19.53.02:043][  0]LogTemp:Display: Loaded TP AllDesktopTargetPlatform
[2017.04.05-19.53.02:130][  0]LogTemp:Display: Loaded TP MacClientTargetPlatform
[2017.04.05-19.53.02:232][  0]LogTemp:Display: Loaded TP MacNoEditorTargetPlatform
[2017.04.05-19.53.02:321][  0]LogTemp:Display: Loaded TP MacServerTargetPlatform
[2017.04.05-19.53.02:396][  0]LogTemp:Display: Loaded TP MacTargetPlatform
[2017.04.05-19.53.02:468][  0]LogTemp:Display: Loaded TP WindowsClientTargetPlatform
[2017.04.05-19.53.02:548][  0]LogTemp:Display: Loaded TP WindowsNoEditorTargetPlatform
[2017.04.05-19.53.02:628][  0]LogTemp:Display: Loaded TP WindowsServerTargetPlatform
[2017.04.05-19.53.02:683][  0]LogTemp:Display: Loaded TP WindowsTargetPlatform
[2017.04.05-19.53.02:751][  0]LogTemp:Display: Loaded TP AndroidTargetPlatform
[2017.04.05-19.53.02:817][  0]LogTemp:Display: Loaded TP Android_ASTCTargetPlatform
[2017.04.05-19.53.02:887][  0]LogTemp:Display: Loaded TP Android_ATCTargetPlatform
[2017.04.05-19.53.02:956][  0]LogTemp:Display: Loaded TP Android_DXTTargetPlatform
[2017.04.05-19.53.03:021][  0]LogTemp:Display: Loaded TP Android_ETC1TargetPlatform
[2017.04.05-19.53.03:102][  0]LogTemp:Display: Loaded TP Android_ETC2TargetPlatform
[2017.04.05-19.53.03:254][  0]LogTemp:Display: Loaded TP Android_MultiTargetPlatform
[2017.04.05-19.53.03:254][  0]LogTemp:Display: Loaded TP Android_PVRTCTargetPlatform
[2017.04.05-19.53.03:301][  0]LogTemp:Display: Loaded TP HTML5TargetPlatform
[2017.04.05-19.53.03:402][  0]LogTemp:Display: Loaded TP IOSTargetPlatform
[2017.04.05-19.53.03:443][  0]LogTemp:Display: Loaded TP TVOSTargetPlatform
[2017.04.05-19.53.03:519][  0]LogTemp:Display: Loaded TP LinuxClientTargetPlatform
[2017.04.05-19.53.03:592][  0]LogTemp:Display: Loaded TP LinuxNoEditorTargetPlatform
[2017.04.05-19.53.03:665][  0]LogTemp:Display: Loaded TP LinuxServerTargetPlatform
[2017.04.05-19.53.03:734][  0]LogTemp:Display: Loaded TP LinuxTargetPlatform
[2017.04.05-19.53.03:734][  0]LogTargetPlatformManager:Display: Building Assets For Windows
[2017.04.05-19.53.04:226][  0]LogDerivedDataCache:Display: Max Cache Size: 512 MB
[2017.04.05-19.53.04:307][  0]LogDerivedDataCache: Loaded boot cache 0.08s 50MB C:/Users/UKGC/AppData/Local/UnrealEngine/4.14/DerivedDataCache/Boot.ddc.
[2017.04.05-19.53.04:307][  0]LogDerivedDataCache:Display: Loaded Boot cache: C:/Users/UKGC/AppData/Local/UnrealEngine/4.14/DerivedDataCache/Boot.ddc
[2017.04.05-19.53.04:307][  0]LogDerivedDataCache: FDerivedDataBackendGraph:  Pak pak cache file ../../../../../../Users/UKGC/Documents/Unreal Projects/GoneFission2/DerivedDataCache/DDC.ddp not found, will not use a pak cache.
[2017.04.05-19.53.04:307][  0]LogDerivedDataCache: Unable to find inner node Pak for hierarchical cache Hierarchy.
[2017.04.05-19.53.04:307][  0]LogDerivedDataCache: FDerivedDataBackendGraph:  CompressedPak pak cache file ../../../../../../Users/UKGC/Documents/Unreal Projects/GoneFission2/DerivedDataCache/Compressed.ddp not found, will not use a pak cache.
[2017.04.05-19.53.04:307][  0]LogDerivedDataCache: Unable to find inner node CompressedPak for hierarchical cache Hierarchy.
[2017.04.05-19.53.04:334][  0]LogDerivedDataCache:Display: Pak cache opened for reading ../../../Engine/DerivedDataCache/Compressed.ddp.
[2017.04.05-19.53.04:345][  0]LogDerivedDataCache: Using Local data cache path C:/Users/UKGC/AppData/Local/UnrealEngine/Common/DerivedDataCache: Writable
[2017.04.05-19.53.04:698][  0]LogInit: Selected Device Profile: [Windows]
[2017.04.05-19.53.04:704][  0]LogContentStreaming: Texture pool size is 0.00 MB
[2017.04.05-19.53.05:022][  0]LogMeshUtilities: Using QuadricMeshReduction for automatic static mesh reduction
[2017.04.05-19.53.05:084][  0]LogSimplygon: Simplygon DLL not present - disabling.
[2017.04.05-19.53.05:145][  0]LogMeshUtilities: Using SimplygonSwarm for distributed automatic mesh merging
[2017.04.05-19.53.05:145][  0]LogMeshUtilities: No automatic skeletal mesh reduction module available
[2017.04.05-19.53.05:145][  0]LogMeshUtilities: No automatic mesh merging module available
[2017.04.05-19.53.05:970][  0]LogNetVersion: GetLocalNetworkVersion: CL: 3195953, ProjectName: gonefission2, ProjectVersion: , EngineNetworkVersion: 2, GameNetworkVersion: 0, NetworkChecksum: 851481081
[2017.04.05-19.53.06:041][  0]LogAssetRegistry: FAssetRegistry took 0.0202 seconds to start up
[2017.04.05-19.53.06:118][  0]LogPackageLocalizationCache: Processed 3 localized package path(s) for 2 prioritized culture(s) in 0.039820 seconds
[2017.04.05-19.53.06:128][  0]LogUObjectArray: 31946 objects as part of root set at end of initial load.
[2017.04.05-19.53.06:128][  0]LogUObjectAllocator: 6935840 out of 0 bytes used by permanent object pool.
[2017.04.05-19.53.06:128][  0]LogUObjectArray: CloseDisregardForGC: 0/0 objects in disregard for GC pool
[2017.04.05-19.53.06:237][  0]LogInit: WinSock: version 1.1 (2.2), MaxSocks=32767, MaxUdp=65467
[2017.04.05-19.53.07:427][  0]LogSlate: Using Freetype 2.6.0
[2017.04.05-19.53.07:428][  0]LogSlate: SlateFontCache - WITH_FREETYPE: 1, WITH_HARFBUZZ: 1
[2017.04.05-19.53.07:428][  0]LogSlate: SlateFontCache - WITH_FREETYPE: 1, WITH_HARFBUZZ: 1
[2017.04.05-19.53.08:580][  0]LogSubstanceCoreModule: Substance CPU Engine Loaded, Max Texture Size 2048
[2017.04.05-19.53.08:617][  0]LogTcpMessaging: Initializing TcpMessaging bridge
[2017.04.05-19.53.08:663][  0]LogUdpMessaging: Initializing bridge on interface 0.0.0.0:0 to multicast group 230.0.0.1:6666.
[2017.04.05-19.53.09:073][  0]LogMaterial: Uniform references updated for custom material expression Custom.
[2017.04.05-19.53.09:598][  0]SourceControl: Info Source control is disabled
[2017.04.05-19.53.09:599][  0]SourceControl: Info Source control is disabled
[2017.04.05-19.53.09:657][  0]SourceControl: Info Source control is disabled
[2017.04.05-19.53.09:711][  0]SourceControl: Info Source control is disabled
[2017.04.05-19.53.11:357][  0]LogEngine: Initializing Engine...
[2017.04.05-19.53.11:358][  0]LogHMD: Failed to initialize OpenVR with code 100
[2017.04.05-19.53.11:726][  0]LogAIModule: Creating AISystem for world Untitled
[2017.04.05-19.53.11:755][  0]LogInit: XAudio2 using 'Headphones (2- High Definition Audio Device)' : 2 channels at 44.1 kHz using 16 bits per sample (channel mask 0x3)
[2017.04.05-19.53.11:798][  0]LogInit: FAudioDevice initialized.
[2017.04.05-19.53.11:806][  0]LogDerivedDataCache:Error: Could not save memory cache C:/Users/UKGC/AppData/Local/UnrealEngine/4.14/DerivedDataCache/Boot.ddc.
[2017.04.05-19.53.11:821][  0]LogInit: Texture streaming: Enabled
[2017.04.05-19.53.12:059][  0]LogInit: Transaction tracking system initialized
[2017.04.05-19.53.12:536][  0]BlueprintLog: New page: Editor Load
[2017.04.05-19.53.13:851][  0]LocalizationService: Info Localization service is disabled
[2017.04.05-19.53.15:131][  0]LogConsoleResponse:Display: 
[2017.04.05-19.53.15:484][  0]LogCook:Display: Max memory allowance for cook 16384mb min free memory 0mb
[2017.04.05-19.53.15:484][  0]LogCook:Display: Mobile HDR setting 1
[2017.04.05-19.53.16:213][  0]LogFileCache: Scanning file cache for directory 'C:/Users/UKGC/Documents/Unreal Projects/GoneFission2/Content/' took 0.02s
[2017.04.05-19.53.16:820][  0]SourceControl: Info Source control is disabled
[2017.04.05-19.53.37:903][  0]LogWindowsTextInputMethodSystem:Display: IME system now deactivated.
[2017.04.05-19.53.43:346][  0]LogWindowsTextInputMethodSystem:Display: IME system now deactivated.
[2017.04.05-19.53.43:359][  0]Cmd: MAP LOAD FILE="../../../../../../Users/UKGC/Documents/Unreal Projects/GoneFission2/Content/ThirdPersonBP/Maps/ThirdPersonExampleMap.umap" TEMPLATE=0 SHOWPROGRESS=1 FEATURELEVEL=3
[2017.04.05-19.53.43:366][  0]LightingResults: New page: Lighting Build
[2017.04.05-19.53.43:415][  0]MapCheck: New page: Map Check
[2017.04.05-19.53.43:415][  0]LightingResults: New page: Lighting Build
[2017.04.05-19.53.43:639][  0]LogBlueprint:Error: [Compiler WeaponMasterBlueprint] Error This blueprint (self) is not a CustomPlayerTPSPlayerController_C, therefore ' self ' must have a connection.
[2017.04.05-19.53.43:639][  0]LogBlueprint:Error: [Compiler WeaponMasterBlueprint] Error This blueprint (self) is not a CustomPlayerTPSPlayerController_C, therefore ' self ' must have a connection.
[2017.04.05-19.53.43:648][  0]LogBlueprint:Warning: [Compiler WeaponMasterBlueprint] Warning [0046.37] Compile of WeaponMasterBlueprint failed. 2 Fatal Issue(s) 0 Warning(s) [in 21 ms] (/Game/Weapons/WeaponMasterBlueprint.WeaponMasterBlueprint)
[2017.04.05-19.53.43:648][  0]LogBlueprint:Warning: [Compiler WeaponMasterBlueprint] Warning [0046.37] Compile of WeaponMasterBlueprint failed. 2 Fatal Issue(s) 1 Warning(s) [in 0 ms] (/Game/Weapons/WeaponMasterBlueprint.WeaponMasterBlueprint)
[2017.04.05-19.53.43:648][  0]LogBlueprint:Warning: [Compiler WeaponMasterBlueprint] Warning [0046.37] Compile of WeaponMasterBlueprint failed. 2 Fatal Issue(s) 2 Warning(s) [in 0 ms] (/Game/Weapons/WeaponMasterBlueprint.WeaponMasterBlueprint)
[2017.04.05-19.53.44:636][  0]LogAIModule: Creating AISystem for world ThirdPersonExampleMap
[2017.04.05-19.53.44:652][  0]LogSpawn:Warning: SpawnActor failed because we are running a ConstructionScript (PrimaryWeaponBP_C)
[2017.04.05-19.53.44:652][  0]LogScript:Warning: Accessed None trying to read property CallFunc_FinishSpawningActor_ReturnValue
	ThirdPersonCharacter_C /Game/ThirdPersonBP/Maps/ThirdPersonExampleMap.ThirdPersonExampleMap:PersistentLevel.ThirdPersonCharacter_167
	Function /Game/ThirdPersonBP/Blueprints/ThirdPersonCharacter.ThirdPersonCharacter_C:GiveDefaultWeapons:02D1
[2017.04.05-19.53.44:652][  0]LogScript:Warning: Accessed None trying to read property CallFunc_FinishSpawningActor_ReturnValue
	ThirdPersonCharacter_C /Game/ThirdPersonBP/Maps/ThirdPersonExampleMap.ThirdPersonExampleMap:PersistentLevel.ThirdPersonCharacter_167
	Function /Game/ThirdPersonBP/Blueprints/ThirdPersonCharacter.ThirdPersonCharacter_C:GiveDefaultWeapons:0152
[2017.04.05-19.53.44:653][  0]LogEditorServer: Finished looking for orphan Actors (0.000 secs)
[2017.04.05-19.53.44:654][  0]Cmd: MAP CHECKDEP NOCLEARLOG
[2017.04.05-19.53.44:739][  0]MapCheck: Info Map check complete: 0 Error(s), 0 Warning(s), took 84.603ms to complete.
[2017.04.05-19.53.44:739][  0]LogFileHelpers: Loading map 'ThirdPersonExampleMap' took 1.392
[2017.04.05-19.53.44:838][  0]LogStats:Warning: MetaData mismatch. Did you assign a stat to two groups? New //STATGROUP_Threads//SplashScreenThread///Thread_207c_0///####STATCAT_Advanced#### old //STATGROUP_Threads//SplashScreenThread///Thread_2050_0///####STATCAT_Advanced####
[2017.04.05-19.53.44:838][  0]LogCollectionManager: Loaded 0 collections in 0.001981 seconds
[2017.04.05-19.53.44:927][  0]LogFileCache: Scanning file cache for directory 'C:/Users/UKGC/Documents/Unreal Projects/GoneFission2/Saved/Collections/' took 0.01s
[2017.04.05-19.53.44:927][  0]LogFileCache: Scanning file cache for directory 'C:/Users/UKGC/Documents/Unreal Projects/GoneFission2/Content/Developers/UKGC/Collections/' took 0.01s
[2017.04.05-19.53.44:927][  0]LogFileCache: Scanning file cache for directory 'C:/Users/UKGC/Documents/Unreal Projects/GoneFission2/Content/Collections/' took 0.01s
[2017.04.05-19.53.44:927][  0]LogCollectionManager: Rebuilt the GUID cache for 0 collections in 0.000002 seconds
[2017.04.05-19.53.44:937][  0]LogContentBrowser: Native class hierarchy populated in 0.0102 seconds. Added 2205 classes and 434 folders.
[2017.04.05-19.53.44:983][  0]LogStats: UGameplayTagsManager::ConstructGameplayTagTree: Construct from data asset -  0.000 s
[2017.04.05-19.53.44:983][  0]LogStats: UGameplayTagsManager::ConstructGameplayTagTree: GameplayTagTreeChangedEvent.Broadcast -  0.000 s
[2017.04.05-19.53.44:984][  0]LogContentBrowser: Native class hierarchy updated for 'GameplayTags' in 0.0006 seconds. Added 13 classes and 0 folders.
[2017.04.05-19.53.45:051][  0]LogContentBrowser: Native class hierarchy updated for 'WidgetCarousel' in 0.0005 seconds. Added 0 classes and 0 folders.
[2017.04.05-19.53.45:105][  0]LogContentBrowser: Native class hierarchy updated for 'AddContentDialog' in 0.0005 seconds. Added 0 classes and 0 folders.
[2017.04.05-19.53.45:152][  0]LogContentBrowser: Native class hierarchy updated for 'SceneOutliner' in 0.0007 seconds. Added 1 classes and 2 folders.
[2017.04.05-19.53.45:196][  0]LogCrashTracker: Crashtracker disabled due to settings.
[2017.04.05-19.53.45:211][  0]LogUObjectGlobals:Warning: Failed to find object 'Class None.'
[2017.04.05-19.53.45:302][  0]LogContentBrowser: Native class hierarchy updated for 'HierarchicalLODOutliner' in 0.0009 seconds. Added 1 classes and 2 folders.
[2017.04.05-19.53.45:303][  0]LogLoad: (Engine Initialization) Total time: 48.02 seconds
[2017.04.05-19.53.45:303][  0]LogLoad: (Engine Initialization) Total Blueprint compile time: 0.36 seconds
[2017.04.05-19.53.45:303][  0]LogExternalProfiler: Found external profiler: VSPerf
[2017.04.05-19.53.45:303][  0]LogExternalProfiler: Using external profiler: VSPerf
[2017.04.05-19.53.45:312][  0]LogOcInput: OculusInput pre-init called
[2017.04.05-19.53.45:330][  0]LogContentStreaming: Texture pool size now 400 MB
[2017.04.05-19.53.45:576][  2]LogRenderer: Reallocating scene render targets to support 748x468 NumSamples 1 (Frame:2).
[2017.04.05-19.53.45:965][  2]LogAssetRegistry: Asset discovery search completed in 39.9438 seconds
[2017.04.05-19.53.45:965][  2]LogCollectionManager: Rebuilt the object cache for 0 collections in 0.000001 seconds (found 0 objects)
[2017.04.05-19.53.45:965][  2]LogCollectionManager: Fixed up redirectors for 0 collections in 0.000018 seconds (updated 0 objects)
[2017.04.05-19.53.53:418][264]LogTemp: Repeting last play command: New Editor Window (PIE)
[2017.04.05-19.53.53:431][264]LogBlueprintUserMessages: Early PlayInEditor Detection: Level '/Game/ThirdPersonBP/Maps/ThirdPersonExampleMap.ThirdPersonExampleMap:PersistentLevel' has LevelScriptBlueprint '/Game/ThirdPersonBP/Maps/ThirdPersonExampleMap.ThirdPersonExampleMap:PersistentLevel.ThirdPersonExampleMap' with GeneratedClass '/Game/ThirdPersonBP/Maps/ThirdPersonExampleMap.ThirdPersonExampleMap_C' with ClassGeneratedBy '/Game/ThirdPersonBP/Maps/ThirdPersonExampleMap.ThirdPersonExampleMap:PersistentLevel.ThirdPersonExampleMap'
[2017.04.05-19.53.53:432][264]LogPlayLevel: PlayLevel: No blueprints needed recompiling
[2017.04.05-19.53.57:894][264]PIE: New page: PIE session: ThirdPersonExampleMap (5 Apr 2017 21:53:57)
[2017.04.05-19.53.57:894][264]LogPlayLevel: Creating play world package: /Game/ThirdPersonBP/Maps/UEDPIE_1_ThirdPersonExampleMap
[2017.04.05-19.53.57:937][264]LogPlayLevel: PIE: StaticDuplicateObject took: (0.042701s)
[2017.04.05-19.53.57:938][264]LogAIModule: Creating AISystem for world ThirdPersonExampleMap
[2017.04.05-19.53.57:938][264]LogPlayLevel: PIE: World Init took: (0.001477s)
[2017.04.05-19.53.57:939][264]LogPlayLevel: PIE: Created PIE world by copying editor world from /Game/ThirdPersonBP/Maps/ThirdPersonExampleMap.ThirdPersonExampleMap to /Game/ThirdPersonBP/Maps/UEDPIE_1_ThirdPersonExampleMap.ThirdPersonExampleMap (0.044428s)
[2017.04.05-19.53.57:982][264]LogInit: XAudio2 using 'Headphones (2- High Definition Audio Device)' : 2 channels at 44.1 kHz using 16 bits per sample (channel mask 0x3)
[2017.04.05-19.53.57:990][264]LogInit: FAudioDevice initialized.
[2017.04.05-19.53.58:056][264]LogLoad: Game class is 'ThirdPersonGameMode_C'
[2017.04.05-19.53.58:061][264]LogWorld: Bringing World /Game/ThirdPersonBP/Maps/UEDPIE_1_ThirdPersonExampleMap.ThirdPersonExampleMap up for play (max tick rate 0) at 2017.04.05-20.53.58
[2017.04.05-19.53.58:061][264]LogWorld: Bringing up level for play took: 0.004069
[2017.04.05-19.53.58:116][264]LogContentBrowser: Native class hierarchy updated for 'MovieSceneCapture' in 0.0008 seconds. Added 11 classes and 0 folders.
[2017.04.05-19.53.58:117][264]LogInit: WinSock: Socket queue 131072 / 131072
[2017.04.05-19.53.58:120][264]LogInit: WinSock: I am Four (192.168.0.21:0)
[2017.04.05-19.53.58:120][264]PacketHandlerLog: Loaded PacketHandler component: Engine.EngineHandlerComponentFactory (StatelessConnectHandlerComponent)
[2017.04.05-19.53.58:120][264]LogNet: GameNetDriver IpNetDriver_0 IpNetDriver listening on port 7777
[2017.04.05-19.53.58:127][264]PIE: Info Play in editor start time for /Game/ThirdPersonBP/Maps/UEDPIE_1_ThirdPersonExampleMap -0.497
[2017.04.05-19.53.58:131][264]PIE: New page: PIE session: ThirdPersonExampleMap (5 Apr 2017 21:53:58)
[2017.04.05-19.53.58:175][264]LogNet: Browse: 127.0.0.1//Game/ThirdPersonBP/Maps/ThirdPersonExampleMap
[2017.04.05-19.53.58:175][264]LogInit: WinSock: Socket queue 32768 / 32768
[2017.04.05-19.53.58:176][264]PacketHandlerLog: Loaded PacketHandler component: Engine.EngineHandlerComponentFactory (StatelessConnectHandlerComponent)
[2017.04.05-19.53.58:176][264]LogNet: Game client on port 7777, rate 10000
[2017.04.05-19.53.58:176][264]LogNetVersion: GetLocalNetworkVersion: CL: 3195953, ProjectName: gonefission2, ProjectVersion: 1.0.0.0, EngineNetworkVersion: 2, GameNetworkVersion: 0, NetworkChecksum: 1890802079
[2017.04.05-19.53.58:176][264]LogNet: UPendingNetGame::InitNetDriver: Sending hello. [UNetConnection] RemoteAddr: 127.0.0.1:7777, Name: IpConnection_0, Driver: PendingNetDriver IpNetDriver_1, IsServer: NO, PC: NULL, Owner: NULL
[2017.04.05-19.53.58:181][264]PIE: Info Play in editor start time for /Game/ThirdPersonBP/Maps/ThirdPersonExampleMap -0.443
[2017.04.05-19.53.58:190][264]LogBlueprintUserMessages: Late PlayInEditor Detection: Level '/Game/ThirdPersonBP/Maps/ThirdPersonExampleMap.ThirdPersonExampleMap:PersistentLevel' has LevelScriptBlueprint '/Game/ThirdPersonBP/Maps/ThirdPersonExampleMap.ThirdPersonExampleMap:PersistentLevel.ThirdPersonExampleMap' with GeneratedClass '/Game/ThirdPersonBP/Maps/ThirdPersonExampleMap.ThirdPersonExampleMap_C' with ClassGeneratedBy '/Game/ThirdPersonBP/Maps/ThirdPersonExampleMap.ThirdPersonExampleMap:PersistentLevel.ThirdPersonExampleMap'
[2017.04.05-19.53.58:190][264]LogHandshake: SendConnectChallenge. Timestamp: 0.010180, Cookie: 201082111088102085255058148164002166015185144166136192167217
[2017.04.05-19.53.58:237][264]LogHandshake: SendChallengeResponse. Timestamp: 0.010180, Cookie: 201082111088102085255058148164002166015185144166136192167217
[2017.04.05-19.53.58:382][265]LogNet: Server accepting post-challenge connection from: 127.0.0.1:64950
[2017.04.05-19.53.58:383][265]PacketHandlerLog: Loaded PacketHandler component: Engine.EngineHandlerComponentFactory (StatelessConnectHandlerComponent)
[2017.04.05-19.53.58:383][265]LogNet: NotifyAcceptedConnection: Name: ThirdPersonExampleMap, TimeStamp: 04/05/17 20:53:58, [UNetConnection] RemoteAddr: 127.0.0.1:64950, Name: IpConnection_1, Driver: GameNetDriver IpNetDriver_0, IsServer: YES, PC: NULL, Owner: NULL
[2017.04.05-19.53.58:383][265]LogNet: AddClientConnection: Added client connection: [UNetConnection] RemoteAddr: 127.0.0.1:64950, Name: IpConnection_1, Driver: GameNetDriver IpNetDriver_0, IsServer: YES, PC: NULL, Owner: NULL
[2017.04.05-19.53.58:447][266]LogNet: NotifyAcceptingChannel Control 0 server World /Game/ThirdPersonBP/Maps/UEDPIE_1_ThirdPersonExampleMap.ThirdPersonExampleMap: Accepted
[2017.04.05-19.53.58:447][266]LogNet: Remote platform little endian=1
[2017.04.05-19.53.58:447][266]LogNet: This platform little endian=1
[2017.04.05-19.53.58:466][267]LogNet: Login request: /Game/ThirdPersonBP/Maps/ThirdPersonExampleMap userId: Invalid
[2017.04.05-19.53.58:467][267]LogNet: Welcomed by server (Level: /Game/ThirdPersonBP/Maps/UEDPIE_1_ThirdPersonExampleMap, Game: /Game/ThirdPersonBP/Blueprints/ThirdPersonGameMode.ThirdPersonGameMode_C)
[2017.04.05-19.53.58:467][267]LogLoad: LoadMap: 127.0.0.1//Game/ThirdPersonBP/Maps/UEDPIE_1_ThirdPersonExampleMap?game=/Game/ThirdPersonBP/Blueprints/ThirdPersonGameMode.ThirdPersonGameMode_C
[2017.04.05-19.53.58:513][267]Cmd: MEM
[2017.04.05-19.53.58:535][267]LogMemory: Platform Memory Stats for Windows
[2017.04.05-19.53.58:535][267]LogMemory: Process Physical Memory: 938.15 MB used, 941.03 MB peak
[2017.04.05-19.53.58:535][267]LogMemory: Process Virtual Memory: 851.55 MB used, 859.70 MB peak
[2017.04.05-19.53.58:535][267]LogMemory: Physical Memory: 6220.37 MB used,  1938.78 MB free, 8159.15 MB total
[2017.04.05-19.53.58:535][267]LogMemory: Virtual Memory: 1576.36 MB used,  1938.78 MB free, 8388608.00 MB total
[2017.04.05-19.53.58:535][267]LogMemory: 
[2017.04.05-19.53.58:535][267]Allocator Stats for TBB: (not implemented)
[2017.04.05-19.53.58:562][267]LogAIModule: Creating AISystem for world ThirdPersonExampleMap
[2017.04.05-19.53.58:568][267]LogWorld: Bringing World /Game/ThirdPersonBP/Maps/UEDPIE_2_ThirdPersonExampleMap.ThirdPersonExampleMap up for play (max tick rate 0) at 2017.04.05-20.53.58
[2017.04.05-19.53.58:568][267]LogWorld: Bringing up level for play took: 0.004547
[2017.04.05-19.53.58:569][267]LogLoad: Took 0.101540 seconds to LoadMap(/Game/ThirdPersonBP/Maps/UEDPIE_1_ThirdPersonExampleMap)
[2017.04.05-19.53.58:589][268]LogNet: Client netspeed is 10000
[2017.04.05-19.53.58:589][268]LogNet: Join request: /Game/ThirdPersonBP/Maps/ThirdPersonExampleMap?SplitscreenCount=1
[2017.04.05-19.53.58:592][268]LogSpawn:Warning: SpawnActor failed because we are running a ConstructionScript (PrimaryWeaponBP_C)
[2017.04.05-19.53.58:592][268]LogScript:Warning: Accessed None trying to read property CallFunc_FinishSpawningActor_ReturnValue
	ThirdPersonCharacter_C /Game/ThirdPersonBP/Maps/UEDPIE_1_ThirdPersonExampleMap.ThirdPersonExampleMap:PersistentLevel.ThirdPersonCharacter_C_0
	Function /Game/ThirdPersonBP/Blueprints/ThirdPersonCharacter.ThirdPersonCharacter_C:GiveDefaultWeapons:02D1
[2017.04.05-19.53.58:592][268]PIE:Error: Error Blueprint Runtime Error: Accessed None trying to read property CallFunc_FinishSpawningActor_ReturnValue from function: 'GiveDefaultWeapons' from node: Set Owning Pawn in graph: GiveDefaultWeapons in object: ThirdPersonCharacter with description: Accessed None trying to read property CallFunc_FinishSpawningActor_ReturnValue
[2017.04.05-19.53.58:593][268]LogScript:Warning: Accessed None trying to read property CallFunc_FinishSpawningActor_ReturnValue
	ThirdPersonCharacter_C /Game/ThirdPersonBP/Maps/UEDPIE_1_ThirdPersonExampleMap.ThirdPersonExampleMap:PersistentLevel.ThirdPersonCharacter_C_0
	Function /Game/ThirdPersonBP/Blueprints/ThirdPersonCharacter.ThirdPersonCharacter_C:GiveDefaultWeapons:0152
[2017.04.05-19.53.58:593][268]PIE:Error: Error Blueprint Runtime Error: Accessed None trying to read property CallFunc_FinishSpawningActor_ReturnValue from function: 'GiveDefaultWeapons' from node: Attach to Owner Holster in graph: GiveDefaultWeapons in object: ThirdPersonCharacter with description: Accessed None trying to read property CallFunc_FinishSpawningActor_ReturnValue
[2017.04.05-19.53.58:594][268]LogNet: Join succeeded: 257
[2017.04.05-19.53.58:730][269]LogSpawn:Warning: SpawnActor failed because we are running a ConstructionScript (PrimaryWeaponBP_C)
[2017.04.05-19.53.58:730][269]LogScript:Warning: Accessed None trying to read property CallFunc_FinishSpawningActor_ReturnValue
	ThirdPersonCharacter_C /Game/ThirdPersonBP/Maps/UEDPIE_2_ThirdPersonExampleMap.ThirdPersonExampleMap:PersistentLevel.ThirdPersonCharacter_C_0
	Function /Game/ThirdPersonBP/Blueprints/ThirdPersonCharacter.ThirdPersonCharacter_C:GiveDefaultWeapons:02D1
[2017.04.05-19.53.58:730][269]PIE:Error: Error Blueprint Runtime Error: Accessed None trying to read property CallFunc_FinishSpawningActor_ReturnValue from function: 'GiveDefaultWeapons' from node: Set Owning Pawn in graph: GiveDefaultWeapons in object: ThirdPersonCharacter with description: Accessed None trying to read property CallFunc_FinishSpawningActor_ReturnValue
[2017.04.05-19.53.58:730][269]LogScript:Warning: Accessed None trying to read property CallFunc_FinishSpawningActor_ReturnValue
	ThirdPersonCharacter_C /Game/ThirdPersonBP/Maps/UEDPIE_2_ThirdPersonExampleMap.ThirdPersonExampleMap:PersistentLevel.ThirdPersonCharacter_C_0
	Function /Game/ThirdPersonBP/Blueprints/ThirdPersonCharacter.ThirdPersonCharacter_C:GiveDefaultWeapons:0152
[2017.04.05-19.53.58:731][269]PIE:Error: Error Blueprint Runtime Error: Accessed None trying to read property CallFunc_FinishSpawningActor_ReturnValue from function: 'GiveDefaultWeapons' from node: Attach to Owner Holster in graph: GiveDefaultWeapons in object: ThirdPersonCharacter with description: Accessed None trying to read property CallFunc_FinishSpawningActor_ReturnValue
[2017.04.05-19.54.02:591][420]LogBlueprintUserMessages: Early EndPlayMap Detection: Level '/Game/ThirdPersonBP/Maps/ThirdPersonExampleMap.ThirdPersonExampleMap:PersistentLevel' has LevelScriptBlueprint '/Game/ThirdPersonBP/Maps/ThirdPersonExampleMap.ThirdPersonExampleMap:PersistentLevel.ThirdPersonExampleMap' with GeneratedClass '/Game/ThirdPersonBP/Maps/ThirdPersonExampleMap.ThirdPersonExampleMap_C' with ClassGeneratedBy '/Game/ThirdPersonBP/Maps/ThirdPersonExampleMap.ThirdPersonExampleMap:PersistentLevel.ThirdPersonExampleMap'
[2017.04.05-19.54.02:694][420]LogBlueprintUserMessages: Late EndPlayMap Detection: Level '/Game/ThirdPersonBP/Maps/ThirdPersonExampleMap.ThirdPersonExampleMap:PersistentLevel' has LevelScriptBlueprint '/Game/ThirdPersonBP/Maps/ThirdPersonExampleMap.ThirdPersonExampleMap:PersistentLevel.ThirdPersonExampleMap' with GeneratedClass '/Game/ThirdPersonBP/Maps/ThirdPersonExampleMap.ThirdPersonExampleMap_C' with ClassGeneratedBy '/Game/ThirdPersonBP/Maps/ThirdPersonExampleMap.ThirdPersonExampleMap:PersistentLevel.ThirdPersonExampleMap'
[2017.04.05-19.54.02:717][420]LogNet: UChannel::CleanUp: ChIndex == 0. Closing connection. [UChannel] ChIndex: 0, Closing: 0 [UNetConnection] RemoteAddr: 127.0.0.1:64950, Name: IpConnection_1, Driver: GameNetDriver IpNetDriver_0, IsServer: YES, PC: None, Owner: None
[2017.04.05-19.54.02:717][420]LogNet: UNetConnection::Close: [UNetConnection] RemoteAddr: 127.0.0.1:64950, Name: IpConnection_1, Driver: GameNetDriver IpNetDriver_0, IsServer: YES, PC: None, Owner: None, Channels: 2, Time: 2017.04.05-19.54.02
[2017.04.05-19.54.02:717][420]LogNet: UChannel::Close: Sending CloseBunch. ChIndex == 0. Name: [UChannel] ChIndex: 0, Closing: 0 [UNetConnection] RemoteAddr: 127.0.0.1:64950, Name: IpConnection_1, Driver: GameNetDriver IpNetDriver_0, IsServer: YES, PC: None, Owner: None
[2017.04.05-19.54.02:717][420]LogNet: UChannel::CleanUp: ChIndex == 0. Closing connection. [UChannel] ChIndex: 0, Closing: 0 [UNetConnection] RemoteAddr: 127.0.0.1:7777, Name: IpConnection_0, Driver: GameNetDriver IpNetDriver_1, IsServer: NO, PC: None, Owner: None
[2017.04.05-19.54.02:717][420]LogNet: UNetConnection::Close: [UNetConnection] RemoteAddr: 127.0.0.1:7777, Name: IpConnection_0, Driver: GameNetDriver IpNetDriver_1, IsServer: NO, PC: None, Owner: None, Channels: 2, Time: 2017.04.05-19.54.02
[2017.04.05-19.54.02:717][420]LogNet: UChannel::Close: Sending CloseBunch. ChIndex == 0. Name: [UChannel] ChIndex: 0, Closing: 0 [UNetConnection] RemoteAddr: 127.0.0.1:7777, Name: IpConnection_0, Driver: GameNetDriver IpNetDriver_1, IsServer: NO, PC: None, Owner: None
[2017.04.05-19.54.02:720][420]LogExit: GameNetDriver None shut down
[2017.04.05-19.54.02:720][420]LogExit: GameNetDriver None shut down
[2017.04.05-19.54.25:113][249]LogEditorViewport: Clicking on Actor (LMB): ThirdPersonCharacter_C (ThirdPersonCharacter)
[2017.04.05-19.54.28:729][390]LogContentBrowser: Native class hierarchy updated for 'BlueprintGraph' in 0.0010 seconds. Added 111 classes and 0 folders.
[2017.04.05-19.54.29:724][390]LogSpawn:Warning: SpawnActor failed because we are running a ConstructionScript (PrimaryWeaponBP_C)
[2017.04.05-19.54.29:724][390]LogScript:Warning: Accessed None trying to read property CallFunc_FinishSpawningActor_ReturnValue
	ThirdPersonCharacter_C /Engine/Transient.World_3:PersistentLevel.ThirdPersonCharacter_C_0
	Function /Game/ThirdPersonBP/Blueprints/ThirdPersonCharacter.ThirdPersonCharacter_C:GiveDefaultWeapons:02D1
[2017.04.05-19.54.29:724][390]LogScript:Warning: Accessed None trying to read property CallFunc_FinishSpawningActor_ReturnValue
	ThirdPersonCharacter_C /Engine/Transient.World_3:PersistentLevel.ThirdPersonCharacter_C_0
	Function /Game/ThirdPersonBP/Blueprints/ThirdPersonCharacter.ThirdPersonCharacter_C:GiveDefaultWeapons:0152
[2017.04.05-19.54.31:043][492]BlueprintLog: New page: Compile ThirdPersonCharacter
[2017.04.05-19.54.31:189][492]LogBlueprint:Error: [Compiler WeaponMasterBlueprint] Error This blueprint (self) is not a CustomPlayerTPSPlayerController_C, therefore ' self ' must have a connection.
[2017.04.05-19.54.31:189][492]LogBlueprint:Error: [Compiler WeaponMasterBlueprint] Error This blueprint (self) is not a CustomPlayerTPSPlayerController_C, therefore ' self ' must have a connection.
[2017.04.05-19.54.31:457][492]LogSpawn:Warning: SpawnActor failed because we are running a ConstructionScript (PrimaryWeaponBP_C)
[2017.04.05-19.54.31:457][492]LogScript:Warning: Accessed None trying to read property CallFunc_FinishSpawningActor_ReturnValue
	ThirdPersonCharacter_C /Game/ThirdPersonBP/Maps/ThirdPersonExampleMap.ThirdPersonExampleMap:PersistentLevel.ThirdPersonCharacter_167
	Function /Game/ThirdPersonBP/Blueprints/ThirdPersonCharacter.ThirdPersonCharacter_C:GiveDefaultWeapons:02D1
[2017.04.05-19.54.31:457][492]LogScript:Warning: Accessed None trying to read property CallFunc_FinishSpawningActor_ReturnValue
	ThirdPersonCharacter_C /Game/ThirdPersonBP/Maps/ThirdPersonExampleMap.ThirdPersonExampleMap:PersistentLevel.ThirdPersonCharacter_167
	Function /Game/ThirdPersonBP/Blueprints/ThirdPersonCharacter.ThirdPersonCharacter_C:GiveDefaultWeapons:0152
[2017.04.05-19.54.31:575][492]LogSpawn:Warning: SpawnActor failed because we are running a ConstructionScript (PrimaryWeaponBP_C)
[2017.04.05-19.54.31:575][492]LogScript:Warning: Accessed None trying to read property CallFunc_FinishSpawningActor_ReturnValue
	ThirdPersonCharacter_C /Engine/Transient.World_3:PersistentLevel.ThirdPersonCharacter_C_0
	Function /Game/ThirdPersonBP/Blueprints/ThirdPersonCharacter.ThirdPersonCharacter_C:GiveDefaultWeapons:02D1
[2017.04.05-19.54.31:575][492]LogScript:Warning: Accessed None trying to read property CallFunc_FinishSpawningActor_ReturnValue
	ThirdPersonCharacter_C /Engine/Transient.World_3:PersistentLevel.ThirdPersonCharacter_C_0
	Function /Game/ThirdPersonBP/Blueprints/ThirdPersonCharacter.ThirdPersonCharacter_C:GiveDefaultWeapons:0152
[2017.04.05-19.54.31:850][492]LogSpawn:Warning: SpawnActor failed because we are running a ConstructionScript (PrimaryWeaponBP_C)
[2017.04.05-19.54.31:850][492]LogScript:Warning: Accessed None trying to read property CallFunc_FinishSpawningActor_ReturnValue
	ThirdPersonCharacter_C /Game/ThirdPersonBP/Maps/ThirdPersonExampleMap.ThirdPersonExampleMap:PersistentLevel.ThirdPersonCharacter_167
	Function /Game/ThirdPersonBP/Blueprints/ThirdPersonCharacter.ThirdPersonCharacter_C:GiveDefaultWeapons:02D1
[2017.04.05-19.54.31:850][492]LogScript:Warning: Accessed None trying to read property CallFunc_FinishSpawningActor_ReturnValue
	ThirdPersonCharacter_C /Game/ThirdPersonBP/Maps/ThirdPersonExampleMap.ThirdPersonExampleMap:PersistentLevel.ThirdPersonCharacter_167
	Function /Game/ThirdPersonBP/Blueprints/ThirdPersonCharacter.ThirdPersonCharacter_C:GiveDefaultWeapons:0152
[2017.04.05-19.54.31:854][492]LogSpawn:Warning: SpawnActor failed because we are running a ConstructionScript (PrimaryWeaponBP_C)
[2017.04.05-19.54.31:854][492]LogScript:Warning: Accessed None trying to read property CallFunc_FinishSpawningActor_ReturnValue
	ThirdPersonCharacter_C /Engine/Transient.World_3:PersistentLevel.ThirdPersonCharacter_C_0
	Function /Game/ThirdPersonBP/Blueprints/ThirdPersonCharacter.ThirdPersonCharacter_C:GiveDefaultWeapons:02D1
[2017.04.05-19.54.31:854][492]LogScript:Warning: Accessed None trying to read property CallFunc_FinishSpawningActor_ReturnValue
	ThirdPersonCharacter_C /Engine/Transient.World_3:PersistentLevel.ThirdPersonCharacter_C_0
	Function /Game/ThirdPersonBP/Blueprints/ThirdPersonCharacter.ThirdPersonCharacter_C:GiveDefaultWeapons:0152
[2017.04.05-19.54.31:901][492]LogSpawn:Warning: SpawnActor failed because we are running a ConstructionScript (PrimaryWeaponBP_C)
[2017.04.05-19.54.31:901][492]LogScript:Warning: Accessed None trying to read property CallFunc_FinishSpawningActor_ReturnValue
	ThirdPersonCharacter_C /Game/ThirdPersonBP/Maps/ThirdPersonExampleMap.ThirdPersonExampleMap:PersistentLevel.ThirdPersonCharacter_167
	Function /Game/ThirdPersonBP/Blueprints/ThirdPersonCharacter.ThirdPersonCharacter_C:GiveDefaultWeapons:02D1
[2017.04.05-19.54.31:901][492]LogScript:Warning: Accessed None trying to read property CallFunc_FinishSpawningActor_ReturnValue
	ThirdPersonCharacter_C /Game/ThirdPersonBP/Maps/ThirdPersonExampleMap.ThirdPersonExampleMap:PersistentLevel.ThirdPersonCharacter_167
	Function /Game/ThirdPersonBP/Blueprints/ThirdPersonCharacter.ThirdPersonCharacter_C:GiveDefaultWeapons:0152
[2017.04.05-19.54.31:903][492]LogSpawn:Warning: SpawnActor failed because we are running a ConstructionScript (PrimaryWeaponBP_C)
[2017.04.05-19.54.31:903][492]LogScript:Warning: Accessed None trying to read property CallFunc_FinishSpawningActor_ReturnValue
	ThirdPersonCharacter_C /Engine/Transient.World_3:PersistentLevel.ThirdPersonCharacter_C_0
	Function /Game/ThirdPersonBP/Blueprints/ThirdPersonCharacter.ThirdPersonCharacter_C:GiveDefaultWeapons:02D1
[2017.04.05-19.54.31:903][492]LogScript:Warning: Accessed None trying to read property CallFunc_FinishSpawningActor_ReturnValue
	ThirdPersonCharacter_C /Engine/Transient.World_3:PersistentLevel.ThirdPersonCharacter_C_0
	Function /Game/ThirdPersonBP/Blueprints/ThirdPersonCharacter.ThirdPersonCharacter_C:GiveDefaultWeapons:0152
[2017.04.05-19.54.37:986][862]LogTemp: Repeting last play command: New Editor Window (PIE)
[2017.04.05-19.54.38:004][862]LogBlueprintUserMessages: Early PlayInEditor Detection: Level '/Game/ThirdPersonBP/Maps/ThirdPersonExampleMap.ThirdPersonExampleMap:PersistentLevel' has LevelScriptBlueprint '/Game/ThirdPersonBP/Maps/ThirdPersonExampleMap.ThirdPersonExampleMap:PersistentLevel.ThirdPersonExampleMap' with GeneratedClass '/Game/ThirdPersonBP/Maps/ThirdPersonExampleMap.ThirdPersonExampleMap_C' with ClassGeneratedBy '/Game/ThirdPersonBP/Maps/ThirdPersonExampleMap.ThirdPersonExampleMap:PersistentLevel.ThirdPersonExampleMap'
[2017.04.05-19.54.38:004][862]LogPlayLevel: PlayLevel: No blueprints needed recompiling
[2017.04.05-19.54.48:553][147]BlueprintLog: New page: Compile WeaponMasterBlueprint
[2017.04.05-19.54.48:612][147]LogBlueprint:Error: [Compiler WeaponMasterBlueprint] Error This blueprint (self) is not a CustomPlayerTPSPlayerController_C, therefore ' self ' must have a connection.
[2017.04.05-19.54.48:612][147]LogBlueprint:Error: [Compiler WeaponMasterBlueprint] Error This blueprint (self) is not a CustomPlayerTPSPlayerController_C, therefore ' self ' must have a connection.
[2017.04.05-19.54.48:881][147]BlueprintEditorCompileResults:Error: Error This blueprint (self) is not a CustomPlayerTPSPlayerController_C, therefore ' self ' must have a connection.
[2017.04.05-19.54.48:881][147]BlueprintEditorCompileResults:Error: Error This blueprint (self) is not a CustomPlayerTPSPlayerController_C, therefore ' self ' must have a connection.
[2017.04.05-19.54.48:882][147]LogBlueprint:Warning: [Compiler WeaponMasterBlueprint] Warning [0111.60] Compile of WeaponMasterBlueprint failed. 2 Fatal Issue(s) 0 Warning(s) [in 328 ms] (/Game/Weapons/WeaponMasterBlueprint.WeaponMasterBlueprint)
[2017.04.05-19.56.26:368][706]LogRenderer: Reallocating scene render targets to support 748x524 NumSamples 1 (Frame:2309).
[2017.04.05-19.56.47:488][193]BlueprintLog: New page: Compile WeaponMasterBlueprint
[2017.04.05-19.56.47:627][193]LogSpawn:Warning: SpawnActor failed because we are running a ConstructionScript (PrimaryWeaponBP_C)
[2017.04.05-19.56.47:627][193]LogScript:Warning: Accessed None trying to read property CallFunc_FinishSpawningActor_ReturnValue
	ThirdPersonCharacter_C /Game/ThirdPersonBP/Maps/ThirdPersonExampleMap.ThirdPersonExampleMap:PersistentLevel.ThirdPersonCharacter_167
	Function /Game/ThirdPersonBP/Blueprints/ThirdPersonCharacter.ThirdPersonCharacter_C:GiveDefaultWeapons:02D1
[2017.04.05-19.56.47:627][193]LogScript:Warning: Accessed None trying to read property CallFunc_FinishSpawningActor_ReturnValue
	ThirdPersonCharacter_C /Game/ThirdPersonBP/Maps/ThirdPersonExampleMap.ThirdPersonExampleMap:PersistentLevel.ThirdPersonCharacter_167
	Function /Game/ThirdPersonBP/Blueprints/ThirdPersonCharacter.ThirdPersonCharacter_C:GiveDefaultWeapons:0152
[2017.04.05-19.56.47:629][193]LogSpawn:Warning: SpawnActor failed because we are running a ConstructionScript (PrimaryWeaponBP_C)
[2017.04.05-19.56.47:629][193]LogScript:Warning: Accessed None trying to read property CallFunc_FinishSpawningActor_ReturnValue
	ThirdPersonCharacter_C /Engine/Transient.World_3:PersistentLevel.ThirdPersonCharacter_C_0
	Function /Game/ThirdPersonBP/Blueprints/ThirdPersonCharacter.ThirdPersonCharacter_C:GiveDefaultWeapons:02D1
[2017.04.05-19.56.47:630][193]LogScript:Warning: Accessed None trying to read property CallFunc_FinishSpawningActor_ReturnValue
	ThirdPersonCharacter_C /Engine/Transient.World_3:PersistentLevel.ThirdPersonCharacter_C_0
	Function /Game/ThirdPersonBP/Blueprints/ThirdPersonCharacter.ThirdPersonCharacter_C:GiveDefaultWeapons:0152
[2017.04.05-19.56.58:159][320]LogTemp: Repeting last play command: New Editor Window (PIE)
[2017.04.05-19.56.58:177][320]LogBlueprintUserMessages: Early PlayInEditor Detection: Level '/Game/ThirdPersonBP/Maps/ThirdPersonExampleMap.ThirdPersonExampleMap:PersistentLevel' has LevelScriptBlueprint '/Game/ThirdPersonBP/Maps/ThirdPersonExampleMap.ThirdPersonExampleMap:PersistentLevel.ThirdPersonExampleMap' with GeneratedClass '/Game/ThirdPersonBP/Maps/ThirdPersonExampleMap.ThirdPersonExampleMap_C' with ClassGeneratedBy '/Game/ThirdPersonBP/Maps/ThirdPersonExampleMap.ThirdPersonExampleMap:PersistentLevel.ThirdPersonExampleMap'
[2017.04.05-19.56.58:177][320]LogPlayLevel: PlayLevel: No blueprints needed recompiling
[2017.04.05-19.56.58:177][320]PIE: New page: PIE session: ThirdPersonExampleMap (5 Apr 2017 21:56:58)
[2017.04.05-19.56.58:177][320]LogPlayLevel: Creating play world package: /Game/ThirdPersonBP/Maps/UEDPIE_0_ThirdPersonExampleMap
[2017.04.05-19.56.58:204][320]LogPlayLevel: PIE: StaticDuplicateObject took: (0.027255s)
[2017.04.05-19.56.58:208][320]LogAIModule: Creating AISystem for world ThirdPersonExampleMap
[2017.04.05-19.56.58:208][320]LogPlayLevel: PIE: World Init took: (0.004031s)
[2017.04.05-19.56.58:209][320]LogPlayLevel: PIE: Created PIE world by copying editor world from /Game/ThirdPersonBP/Maps/ThirdPersonExampleMap.ThirdPersonExampleMap to /Game/ThirdPersonBP/Maps/UEDPIE_0_ThirdPersonExampleMap.ThirdPersonExampleMap (0.031643s)
[2017.04.05-19.56.58:281][320]LogInit: XAudio2 using 'Headphones (2- High Definition Audio Device)' : 2 channels at 44.1 kHz using 16 bits per sample (channel mask 0x3)
[2017.04.05-19.56.58:289][320]LogInit: FAudioDevice initialized.
[2017.04.05-19.56.58:328][320]LogLoad: Game class is 'ThirdPersonGameMode_C'
[2017.04.05-19.56.58:331][320]LogWorld: Bringing World /Game/ThirdPersonBP/Maps/UEDPIE_0_ThirdPersonExampleMap.ThirdPersonExampleMap up for play (max tick rate 0) at 2017.04.05-20.56.58
[2017.04.05-19.56.58:332][320]LogWorld: Bringing up level for play took: 0.003083
[2017.04.05-19.56.58:333][320]LogOutputDevice:Warning: 

Script Stack:
REINST_WeaponMasterBlueprint_C_56.SetOwningPawn
ThirdPersonCharacter_C.GiveDefaultWeapons
ThirdPersonCharacter_C.ExecuteUbergraph_ThirdPersonCharacter
ThirdPersonCharacter_C.ReceiveBeginPlay

[2017.04.05-19.56.58:337][320]LogWindows: Windows GetLastError: The operation completed successfully. (0)
