[2017.04.13-14.13.51:875][  0]Log file open, 04/13/17 15:13:51
[2017.04.13-14.13.51:875][  0]LogInit:Display: Running engine for game: GoneFission2
[2017.04.13-14.13.51:875][  0]LogPlatformFile: Not using cached read wrapper
[2017.04.13-14.13.51:875][  0]LogInit:Display: RandInit(40117806) SRandInit(40117807).
[2017.04.13-14.13.51:875][  0]LogTaskGraph: Started task graph with 4 named threads and 7 total threads.
[2017.04.13-14.13.51:875][  0]LogStats: Stats thread started at 0.083589
[2017.04.13-14.13.51:875][  0]LogInit: Version: 4.10.2-2818068+++depot+UE4-Releases+4.10
[2017.04.13-14.13.51:875][  0]LogInit: API Version: 2758231
[2017.04.13-14.13.51:875][  0]LogInit: Compiled (64-bit): Jan  6 2016 17:36:42
[2017.04.13-14.13.51:875][  0]LogInit: Compiled with Visual C++: 19.00.23026.00
[2017.04.13-14.13.51:875][  0]LogInit: Build Configuration: Development
[2017.04.13-14.13.51:875][  0]LogInit: Branch Name: ++depot+UE4-Releases+4.10
[2017.04.13-14.13.51:875][  0]LogInit: Command line:  
[2017.04.13-14.13.51:875][  0]LogInit: Base directory: C:/Program Files (x86)/Epic Games/4.10/Engine/Binaries/Win64/
[2017.04.13-14.13.51:875][  0]LogInit: Rocket: 1
[2017.04.13-14.13.51:888][  0]LogInit: Using libcurl 7.41.0
[2017.04.13-14.13.51:888][  0]LogInit:  - built for x86_64-pc-win32
[2017.04.13-14.13.51:888][  0]LogInit:  - supports SSL with WinSSL
[2017.04.13-14.13.51:888][  0]LogInit:  - other features:
[2017.04.13-14.13.51:888][  0]LogInit:      CURL_VERSION_SSL
[2017.04.13-14.13.51:888][  0]LogInit:      CURL_VERSION_IPV6
[2017.04.13-14.13.51:888][  0]LogInit:      CURL_VERSION_ASYNCHDNS
[2017.04.13-14.13.51:888][  0]LogInit:      CURL_VERSION_LARGEFILE
[2017.04.13-14.13.51:888][  0]LogInit:      CURL_VERSION_IDN
[2017.04.13-14.13.51:888][  0]LogInit:  CurlRequestOptions (configurable via config and command line):
[2017.04.13-14.13.51:888][  0]LogInit:  - bVerifyPeer = true  - Libcurl will verify peer certificate
[2017.04.13-14.13.51:888][  0]LogInit:  - bUseHttpProxy = false  - Libcurl will NOT use HTTP proxy
[2017.04.13-14.13.51:888][  0]LogInit:  - bDontReuseConnections = false  - Libcurl will reuse connections
[2017.04.13-14.13.51:888][  0]LogInit:  - CertBundlePath = nullptr  - Libcurl will use whatever was configured at build time.
[2017.04.13-14.13.51:900][  0]LogInit: Presizing for 0 objects not considered by GC, pre-allocating 0 bytes.
[2017.04.13-14.13.51:905][  0]LogInit: Object subsystem initialized
[2017.04.13-14.13.51:906][  0]LogInit: Selected Device Profile: [Windows]
[2017.04.13-14.13.51:906][  0]LogInit: Applying CVar settings loaded from the selected device profile: [Windows]
[2017.04.13-14.13.51:914][  0]LogInit: Computer: DESKTOP-9UP3CNJ
[2017.04.13-14.13.51:914][  0]LogInit: User: javoo
[2017.04.13-14.13.51:914][  0]LogInit: CPU Page size=4096, Cores=4
[2017.04.13-14.13.51:914][  0]LogInit: High frequency timer resolution =2.531251 MHz
[2017.04.13-14.13.51:914][  0]LogMemory: Memory total: Physical=15.9GB (16GB approx)
[2017.04.13-14.13.51:914][  0]LogMemory: Platform Memory Stats for Windows
[2017.04.13-14.13.51:914][  0]LogMemory: Process Physical Memory: 57.23 MB used, 57.23 MB peak
[2017.04.13-14.13.51:914][  0]LogMemory: Process Virtual Memory: 59.03 MB used, 59.03 MB peak
[2017.04.13-14.13.51:914][  0]LogMemory: Physical Memory: 7810.11 MB used, 16283.60 MB total
[2017.04.13-14.13.51:914][  0]LogMemory: Virtual Memory: 385.32 MB used, 134217728.00 MB total
[2017.04.13-14.13.51:974][  0]LogTextLocalizationManager: No specific translations for ('en-GB') exist, so ('en') translations will be used.
[2017.04.13-14.13.52:396][  0]LogD3D11RHI: Found D3D11 adapter 0: NVIDIA GeForce GTX 980M    (Feature Level 11_0)
[2017.04.13-14.13.52:396][  0]LogD3D11RHI: Adapter has 4009MB of dedicated video memory, 0MB of dedicated system memory, and 8141MB of shared system memory, 1 output[s]
[2017.04.13-14.13.52:404][  0]LogD3D11RHI: Found D3D11 adapter 1: Intel(R) HD Graphics 530 (Feature Level 11_0)
[2017.04.13-14.13.52:404][  0]LogD3D11RHI: Adapter has 128MB of dedicated video memory, 0MB of dedicated system memory, and 8141MB of shared system memory, 0 output[s]
[2017.04.13-14.13.52:406][  0]LogD3D11RHI: Found D3D11 adapter 2: Microsoft Basic Render Driver (Feature Level 11_0)
[2017.04.13-14.13.52:406][  0]LogD3D11RHI: Adapter has 0MB of dedicated video memory, 0MB of dedicated system memory, and 8141MB of shared system memory, 0 output[s]
[2017.04.13-14.13.52:406][  0]LogD3D11RHI: Chosen D3D11 Adapter Id = 0
[2017.04.13-14.13.52:412][  0]LogD3D11RHI: !Direct3DDevice
[2017.04.13-14.13.52:412][  0]LogRHI: Texture pool is 1361 MB (70% of 1945 MB)
[2017.04.13-14.13.52:431][  0]LogD3D11RHI: Async texture creation enabled
[2017.04.13-14.13.52:443][  0]LogShaderCompilers: Guid format shader working directory is -19 characters bigger than the processId version (../../../../../../Users/javoo/OneDrive/Documentos/GitHub/Fission/Intermediate/Shaders/WorkingDirectory/15056/).
[2017.04.13-14.13.52:443][  0]LogShaderCompilers: Cleaned the shader compiler working directory 'C:/Users/javoo/AppData/Local/Temp/UnrealShaderWorkingDir/335498DA430D08E1BA86D2ACA46753F3/'.
[2017.04.13-14.13.52:443][  0]LogShaderCompilers:Display: Using Local Shader Compiler.
[2017.04.13-14.13.53:244][  0]LogTemp:Display: Loaded TP AllDesktopTargetPlatform
[2017.04.13-14.13.53:250][  0]LogTemp:Display: Loaded TP WindowsClientTargetPlatform
[2017.04.13-14.13.53:255][  0]LogTemp:Display: Loaded TP WindowsNoEditorTargetPlatform
[2017.04.13-14.13.53:261][  0]LogTemp:Display: Loaded TP WindowsServerTargetPlatform
[2017.04.13-14.13.53:267][  0]LogTemp:Display: Loaded TP WindowsTargetPlatform
[2017.04.13-14.13.53:270][  0]LogTemp:Display: Loaded TP AndroidTargetPlatform
[2017.04.13-14.13.53:273][  0]LogTemp:Display: Loaded TP Android_ASTCTargetPlatform
[2017.04.13-14.13.53:276][  0]LogTemp:Display: Loaded TP Android_ATCTargetPlatform
[2017.04.13-14.13.53:280][  0]LogTemp:Display: Loaded TP Android_DXTTargetPlatform
[2017.04.13-14.13.53:283][  0]LogTemp:Display: Loaded TP Android_ETC1TargetPlatform
[2017.04.13-14.13.53:286][  0]LogTemp:Display: Loaded TP Android_ETC2TargetPlatform
[2017.04.13-14.13.53:292][  0]LogTemp:Display: Loaded TP Android_MultiTargetPlatform
[2017.04.13-14.13.53:292][  0]LogTemp:Display: Loaded TP Android_PVRTCTargetPlatform
[2017.04.13-14.13.53:293][  0]LogTemp:Display: Loaded TP HTML5TargetPlatform
[2017.04.13-14.13.53:313][  0]LogTemp:Display: Loaded TP IOSTargetPlatform
[2017.04.13-14.13.53:316][  0]LogTemp:Display: Loaded TP LinuxNoEditorTargetPlatform
[2017.04.13-14.13.53:319][  0]LogTemp:Display: Loaded TP LinuxServerTargetPlatform
[2017.04.13-14.13.53:322][  0]LogTemp:Display: Loaded TP LinuxTargetPlatform
[2017.04.13-14.13.53:322][  0]LogTargetPlatformManager:Display: Building Assets For Windows
[2017.04.13-14.13.53:438][  0]LogDerivedDataCache:Display: Max Cache Size: 512 MB
[2017.04.13-14.13.53:482][  0]LogDerivedDataCache: Loaded boot cache 0.04s 41MB C:/Users/javoo/AppData/Local/UnrealEngine/4.10/DerivedDataCache/Boot.ddc.
[2017.04.13-14.13.53:482][  0]LogDerivedDataCache:Display: Loaded Boot cache: C:/Users/javoo/AppData/Local/UnrealEngine/4.10/DerivedDataCache/Boot.ddc
[2017.04.13-14.13.53:482][  0]LogDerivedDataCache: FDerivedDataBackendGraph:  Pak pak cache file ../../../../../../Users/javoo/OneDrive/Documentos/GitHub/Fission/DerivedDataCache/DDC.ddp not found, will not use a pak cache.
[2017.04.13-14.13.53:482][  0]LogDerivedDataCache: Unable to find inner node Pak for hierarchical cache Hierarchy.
[2017.04.13-14.13.53:482][  0]LogDerivedDataCache: FDerivedDataBackendGraph:  CompressedPak pak cache file ../../../../../../Users/javoo/OneDrive/Documentos/GitHub/Fission/DerivedDataCache/Compressed.ddp not found, will not use a pak cache.
[2017.04.13-14.13.53:482][  0]LogDerivedDataCache: Unable to find inner node CompressedPak for hierarchical cache Hierarchy.
[2017.04.13-14.13.53:535][  0]LogDerivedDataCache:Display: Pak cache opened for reading ../../../Engine/DerivedDataCache/Compressed.ddp.
[2017.04.13-14.13.53:547][  0]LogDerivedDataCache: Using Local data cache path C:/Users/javoo/AppData/Local/UnrealEngine/Common/DerivedDataCache: Writable
[2017.04.13-14.13.53:743][  0]LogInit: Selected Device Profile: [Windows]
[2017.04.13-14.13.53:745][  0]LogContentStreaming: Texture pool size is 0.000000MB
[2017.04.13-14.13.53:855][  0]LogMeshUtilities: No automatic mesh reduction module available
[2017.04.13-14.13.53:855][  0]LogMeshUtilities: No automatic mesh merging module available
[2017.04.13-14.13.54:075][  0]LogInit: WinSock: version 1.1 (2.2), MaxSocks=32767, MaxUdp=65467
[2017.04.13-14.13.55:133][  0]LogAssetRegistry: FAssetRegistry took 0.0112 seconds to start up
[2017.04.13-14.13.55:159][  0]UdpMessaging: Initializing bridge on interface 0.0.0.0:0 to multicast group 230.0.0.1:6666.
[2017.04.13-14.13.55:457][  0]SourceControl: Info Source control is disabled
[2017.04.13-14.13.55:533][  0]SourceControl: Info Source control is disabled
[2017.04.13-14.13.55:549][  0]SourceControl: Info Source control is disabled
[2017.04.13-14.13.55:567][  0]SourceControl: Info Source control is disabled
[2017.04.13-14.13.55:929][  0]LogObj: 28802 objects as part of root set at end of initial load.
[2017.04.13-14.13.55:929][  0]LogUObjectAllocator: 6129768 out of 0 bytes used by permanent object pool.
[2017.04.13-14.13.55:984][  0]LogEngine: Initializing Engine...
[2017.04.13-14.13.55:989][  0]LogHMD: Can't find Oculus library dev build: is proper Runtime installed? Version: 0.8.0.0
[2017.04.13-14.13.55:989][  0]LogHMD: SteamVR failed to initialize.  Err: 110
[2017.04.13-14.13.56:109][  0]LogAIModule: Creating AISystem for world NewWorld
[2017.04.13-14.13.56:120][  0]LogInit: XAudio2 using 'Altavoces (Sound Blaster Recon3Di)' : 2 channels at 48 kHz using 32 bits per sample (channel mask 0x3)
[2017.04.13-14.13.56:136][  0]LogInit: FAudioDevice initialized.
[2017.04.13-14.13.56:154][  0]LogDerivedDataCache: Saved boot cache 0.02s 41MB C:/Users/javoo/AppData/Local/UnrealEngine/4.10/DerivedDataCache/Boot.ddc.
[2017.04.13-14.13.56:156][  0]LogInit: Texture streaming: Enabled
[2017.04.13-14.13.56:163][  0]LogAnalytics: Creating configured Analytics provider AnalyticsET
[2017.04.13-14.13.56:163][  0]LogAnalytics: [UEEditor.Rocket.Release] APIServer = http://et2.epicgames.com/ET2/. AppVersion = 4.10.2-2818068+++depot+UE4-Releases+4.10
[2017.04.13-14.13.56:163][  0]LogAnalytics: [UEEditor.Rocket.Release] SetUserId 6782dd654ee10b547b99628f910e75ed|80303abc673a4858865c1bdb9735e86d|5b94d881-50bd-40cb-90ec-16ecf2a1e48f
[2017.04.13-14.13.56:163][  0]LogAnalytics: [UEEditor.Rocket.Release] AnalyticsET::StartSession
[2017.04.13-14.13.56:180][  0]LogWindowsTextInputMethodSystem:Display: IME system now deactivated.
[2017.04.13-14.13.56:337][  0]LogInit: Transaction tracking system initialized
[2017.04.13-14.13.56:378][  0]BlueprintLog: New page: Editor Load
[2017.04.13-14.13.56:492][  0]LocalizationService: Info Localization service is disabled
[2017.04.13-14.13.56:609][  0]LogConsoleResponse:Display: 
[2017.04.13-14.13.56:734][  0]LogCook:Display: Done creating registry. It took  0.00s.
[2017.04.13-14.13.56:824][  0]LogFileCache: Scanning file cache for directory 'C:/Users/javoo/OneDrive/Documentos/GitHub/Fission/Content/' took 0.02s
[2017.04.13-14.13.56:824][  0]SourceControl: Info Source control is disabled
[2017.04.13-14.13.56:824][  0]Cmd: MAP LOAD FILE="../../../../../../Users/javoo/OneDrive/Documentos/GitHub/Fission/Content/ThirdPersonBP/Maps/ThirdPersonExampleMap.umap" TEMPLATE=0 SHOWPROGRESS=1 FEATURELEVEL=3
[2017.04.13-14.14.07:456][  0]LogWindowsTextInputMethodSystem:Display: IME system now deactivated.
[2017.04.13-14.14.07:459][  0]LightingResults: New page: Lighting Build
[2017.04.13-14.14.07:463][  0]MapCheck: New page: Map Check
[2017.04.13-14.14.07:463][  0]LightingResults: New page: Lighting Build
[2017.04.13-14.14.07:474][  0]LogParticles: Destroying 0 GPU particle simulations for FXSystem 0x0000025B180F2160
[2017.04.13-14.14.07:477][  0]LogAIModule: Creating AISystem for world NewWorld
[2017.04.13-14.14.07:481][  0]LoadErrors: New page: New Map
[2017.04.13-14.14.07:547][  0]LogWindowsTextInputMethodSystem:Display: IME system now deactivated.
[2017.04.13-14.14.07:594][  0]LogCollectionManager: Loaded 0 collections in 0.004445 seconds
[2017.04.13-14.14.07:635][  0]LogFileCache: Scanning file cache for directory 'C:/Users/javoo/OneDrive/Documentos/GitHub/Fission/Saved/Collections/' took 0.01s
[2017.04.13-14.14.07:635][  0]LogFileCache: Scanning file cache for directory 'C:/Users/javoo/OneDrive/Documentos/GitHub/Fission/Content/Developers/javoo/Collections/' took 0.01s
[2017.04.13-14.14.07:635][  0]LogFileCache: Scanning file cache for directory 'C:/Users/javoo/OneDrive/Documentos/GitHub/Fission/Content/Collections/' took 0.01s
[2017.04.13-14.14.07:635][  0]LogCollectionManager: Rebuilt the GUID cache for 0 collections in 0.000002 seconds
[2017.04.13-14.14.07:643][  0]LogContentBrowser: Native class hierarchy populated in 0.0074 seconds. Added 1908 classes and 344 folders.
[2017.04.13-14.14.07:652][  0]LogContentBrowser: Native class hierarchy updated for 'WidgetCarousel' in 0.0003 seconds. Added 0 classes and 0 folders.
[2017.04.13-14.14.07:724][  0]LogContentBrowser: Native class hierarchy updated for 'AddContentDialog' in 0.0003 seconds. Added 0 classes and 0 folders.
[2017.04.13-14.14.07:730][  0]LogContentBrowser: Native class hierarchy updated for 'SceneOutliner' in 0.0003 seconds. Added 1 classes and 2 folders.
[2017.04.13-14.14.07:775][  0]LogCrashTracker: Crashtracker disabled due to settings.
[2017.04.13-14.14.07:781][  0]LogUObjectGlobals:Warning: Failed to find object 'Class None.'
[2017.04.13-14.14.07:803][  0]LogLoad: Full Startup: 16.40 seconds (BP compile: 0.01 seconds)
[2017.04.13-14.14.07:830][  0]LogOcInput: Can't find Oculus library dev build: is proper Runtime installed? Version: 0.8.0.0
[2017.04.13-14.14.07:882][  0]LogContentStreaming: Texture pool size now 1000 MB
[2017.04.13-14.14.08:024][  0]LogRenderer: Reallocating scene render targets to support 1208x572 (Frame:2).
[2017.04.13-14.14.08:188][  2]LogAssetRegistry: Asset discovery search completed in 13.0661 seconds
[2017.04.13-14.14.08:188][  2]LogCollectionManager: Rebuilt the object cache for 0 collections in 0.000000 seconds (found 0 objects)
[2017.04.13-14.14.08:188][  2]LogCollectionManager: Fixed up redirectors for 0 collections in 0.000017 seconds (updated 0 objects)
[2017.04.13-14.14.09:469][ 73]LogWindowsTextInputMethodSystem:Display: IME system now deactivated.
[2017.04.13-14.14.09:676][ 74]Cmd: QUIT_EDITOR
[2017.04.13-14.14.09:815][ 74]LogExit: Preparing to exit.
[2017.04.13-14.14.10:274][ 74]LogParticles: Destroying 0 GPU particle simulations for FXSystem 0x0000025B186ABEC0
[2017.04.13-14.14.10:274][ 74]LogExit: Editor shut down
[2017.04.13-14.14.10:274][ 74]LogExit: Transaction tracking system shut down
[2017.04.13-14.14.10:275][ 74]LogParticles: Destroying 0 GPU particle simulations for FXSystem 0x0000025B091CE3E0
[2017.04.13-14.14.10:275][ 74]LogParticles: Destroying 0 GPU particle simulations for FXSystem 0x0000025B1ED813A0
[2017.04.13-14.14.10:389][ 74]LogExit: Object subsystem successfully closed.
[2017.04.13-14.14.10:397][ 74]LogD3D11RHI: Shutdown
[2017.04.13-14.14.10:397][ 74]LogD3D11RHI: CleanupD3DDevice
[2017.04.13-14.14.10:486][ 74]LogD3D11RHI: ~FD3D11DynamicRHI
[2017.04.13-14.14.10:509][ 74]LogModuleManager: Shutting down and abandoning module CrashTracker (200)
[2017.04.13-14.14.10:509][ 74]LogModuleManager: Shutting down and abandoning module SceneOutliner (199)
[2017.04.13-14.14.10:509][ 74]LogModuleManager: Shutting down and abandoning module SuperSearch (198)
[2017.04.13-14.14.10:510][ 74]LogModuleManager: Shutting down and abandoning module WidgetCarousel (197)
[2017.04.13-14.14.10:510][ 74]LogModuleManager: Shutting down and abandoning module AddContentDialog (196)
[2017.04.13-14.14.10:510][ 74]LogModuleManager: Shutting down and abandoning module EditorWidgets (195)
[2017.04.13-14.14.10:510][ 74]LogModuleManager: Shutting down and abandoning module CollectionManager (194)
[2017.04.13-14.14.10:510][ 74]LogModuleManager: Shutting down and abandoning module StatsViewer (193)
[2017.04.13-14.14.10:510][ 74]LogModuleManager: Shutting down and abandoning module FoliageEdit (192)
[2017.04.13-14.14.10:510][ 74]LogModuleManager: Shutting down and abandoning module LandscapeEditor (191)
[2017.04.13-14.14.10:510][ 74]LogModuleManager: Shutting down and abandoning module ActorPickerMode (190)
[2017.04.13-14.14.10:510][ 74]LogModuleManager: Shutting down and abandoning module GeometryMode (189)
[2017.04.13-14.14.10:510][ 74]LogModuleManager: Shutting down and abandoning module TextureAlignMode (188)
[2017.04.13-14.14.10:510][ 74]LogModuleManager: Shutting down and abandoning module BspMode (187)
[2017.04.13-14.14.10:510][ 74]LogModuleManager: Shutting down and abandoning module PlacementMode (186)
[2017.04.13-14.14.10:510][ 74]LogModuleManager: Shutting down and abandoning module AutomationWorker (185)
[2017.04.13-14.14.10:510][ 74]LogModuleManager: Shutting down and abandoning module CharacterAI (184)
[2017.04.13-14.14.10:511][ 74]LogModuleManager: Shutting down and abandoning module SmartSnapping (183)
[2017.04.13-14.14.10:511][ 74]LogModuleManager: Shutting down and abandoning module ViewportSnapping (182)
[2017.04.13-14.14.10:511][ 74]LogModuleManager: Shutting down and abandoning module LogVisualizer (181)
[2017.04.13-14.14.10:511][ 74]LogModuleManager: Shutting down and abandoning module GameProjectGeneration (180)
[2017.04.13-14.14.10:511][ 74]LogModuleManager: Shutting down and abandoning module IntroTutorials (179)
[2017.04.13-14.14.10:511][ 74]LogModuleManager: Shutting down and abandoning module EditorLiveStreaming (178)
[2017.04.13-14.14.10:511][ 74]LogModuleManager: Shutting down and abandoning module IOSPlatformEditor (177)
[2017.04.13-14.14.10:511][ 74]LogModuleManager: Shutting down and abandoning module HTML5PlatformEditor (176)
[2017.04.13-14.14.10:511][ 74]LogModuleManager: Shutting down and abandoning module AndroidDeviceDetection (175)
[2017.04.13-14.14.10:559][ 74]LogModuleManager: Shutting down and abandoning module AndroidPlatformEditor (174)
[2017.04.13-14.14.10:559][ 74]LogModuleManager: Shutting down and abandoning module IOSRuntimeSettings (173)
[2017.04.13-14.14.10:559][ 74]LogModuleManager: Shutting down and abandoning module AndroidRuntimeSettings (172)
[2017.04.13-14.14.10:560][ 74]LogModuleManager: Shutting down and abandoning module MergeActors (171)
[2017.04.13-14.14.10:560][ 74]LogModuleManager: Shutting down and abandoning module SizeMap (170)
[2017.04.13-14.14.10:560][ 74]LogModuleManager: Shutting down and abandoning module TreeMap (169)
[2017.04.13-14.14.10:560][ 74]LogModuleManager: Shutting down and abandoning module ReferenceViewer (168)
[2017.04.13-14.14.10:560][ 74]LogModuleManager: Shutting down and abandoning module LocalizationService (167)
[2017.04.13-14.14.10:560][ 74]LogModuleManager: Shutting down and abandoning module LocalizationDashboard (166)
[2017.04.13-14.14.10:560][ 74]LogModuleManager: Shutting down and abandoning module HardwareTargeting (165)
[2017.04.13-14.14.10:560][ 74]LogModuleManager: Shutting down and abandoning module DeviceProfileEditor (164)
[2017.04.13-14.14.10:560][ 74]LogModuleManager: Shutting down and abandoning module UndoHistory (163)
[2017.04.13-14.14.10:560][ 74]LogModuleManager: Shutting down and abandoning module GameplayTagsEditor (162)
[2017.04.13-14.14.10:560][ 74]LogModuleManager: Shutting down and abandoning module UserFeedback (161)
[2017.04.13-14.14.10:560][ 74]LogModuleManager: Shutting down and abandoning module XmlParser (160)
[2017.04.13-14.14.10:560][ 74]LogModuleManager: Shutting down and abandoning module Blutility (159)
[2017.04.13-14.14.10:560][ 74]LogModuleManager: Shutting down and abandoning module ProjectTargetPlatformEditor (158)
[2017.04.13-14.14.10:560][ 74]LogModuleManager: Shutting down and abandoning module ProjectSettingsViewer (157)
[2017.04.13-14.14.10:560][ 74]LogModuleManager: Shutting down and abandoning module InputBindingEditor (156)
[2017.04.13-14.14.10:561][ 74]LogModuleManager: Shutting down and abandoning module EditorSettingsViewer (155)
[2017.04.13-14.14.10:561][ 74]LogModuleManager: Shutting down and abandoning module SettingsEditor (154)
[2017.04.13-14.14.10:561][ 74]LogModuleManager: Shutting down and abandoning module ProjectLauncher (153)
[2017.04.13-14.14.10:561][ 74]LogModuleManager: Shutting down and abandoning module SessionFrontend (152)
[2017.04.13-14.14.10:561][ 74]LogModuleManager: Shutting down and abandoning module ProfilerClient (151)
[2017.04.13-14.14.10:561][ 74]LogModuleManager: Shutting down and abandoning module TargetDeviceServices (150)
[2017.04.13-14.14.10:561][ 74]LogModuleManager: Shutting down and abandoning module DeviceManager (149)
[2017.04.13-14.14.10:561][ 74]LogModuleManager: Shutting down and abandoning module AutomationController (148)
[2017.04.13-14.14.10:561][ 74]LogModuleManager: Shutting down and abandoning module AutomationWindow (147)
[2017.04.13-14.14.10:561][ 74]LogModuleManager: Shutting down and abandoning module Layers (146)
[2017.04.13-14.14.10:561][ 74]LogModuleManager: Shutting down and abandoning module ComponentVisualizers (145)
[2017.04.13-14.14.10:561][ 74]LogModuleManager: Shutting down and abandoning module DetailCustomizations (144)
[2017.04.13-14.14.10:562][ 74]LogModuleManager: Shutting down and abandoning module PackagesDialog (143)
[2017.04.13-14.14.10:562][ 74]LogModuleManager: Shutting down and abandoning module Persona (142)
[2017.04.13-14.14.10:562][ 74]LogModuleManager: Shutting down and abandoning module Kismet (141)
[2017.04.13-14.14.10:562][ 74]LogModuleManager: Shutting down and abandoning module GraphEditor (140)
[2017.04.13-14.14.10:562][ 74]LogModuleManager: Shutting down and abandoning module ClassViewer (139)
[2017.04.13-14.14.10:562][ 74]LogModuleManager: Shutting down and abandoning module Toolbox (138)
[2017.04.13-14.14.10:562][ 74]LogModuleManager: Shutting down and abandoning module ModuleUI (137)
[2017.04.13-14.14.10:562][ 74]LogModuleManager: Shutting down and abandoning module MovieSceneTools (136)
[2017.04.13-14.14.10:562][ 74]LogModuleManager: Shutting down and abandoning module OutputLog (135)
[2017.04.13-14.14.10:562][ 74]LogModuleManager: Shutting down and abandoning module GammaUI (134)
[2017.04.13-14.14.10:562][ 74]LogModuleManager: Shutting down and abandoning module Documentation (133)
[2017.04.13-14.14.10:562][ 74]LogModuleManager: Shutting down and abandoning module GameLiveStreaming (132)
[2017.04.13-14.14.10:562][ 74]LogModuleManager: Shutting down and abandoning module StreamingPauseRendering (131)
[2017.04.13-14.14.10:562][ 74]LogModuleManager: Shutting down and abandoning module AnalyticsET (130)
[2017.04.13-14.14.10:562][ 74]LogModuleManager: Shutting down and abandoning module Analytics (129)
[2017.04.13-14.14.10:562][ 74]LogModuleManager: Shutting down and abandoning module AITestSuite (128)
[2017.04.13-14.14.10:562][ 74]LogModuleManager: Shutting down and abandoning module GameplayDebugger (127)
[2017.04.13-14.14.10:562][ 74]LogModuleManager: Shutting down and abandoning module AIModule (126)
[2017.04.13-14.14.10:563][ 74]LogModuleManager: Shutting down and abandoning module ProfilerService (125)
[2017.04.13-14.14.10:707][ 74]LogModuleManager: Shutting down and abandoning module TaskGraph (124)
[2017.04.13-14.14.10:707][ 74]LogModuleManager: Shutting down and abandoning module SubstanceEditor (123)
[2017.04.13-14.14.10:707][ 74]LogModuleManager: Shutting down and abandoning module SlateRemote (122)
[2017.04.13-14.14.10:739][ 74]LogModuleManager: Shutting down and abandoning module SteamVRController (121)
[2017.04.13-14.14.10:739][ 74]LogModuleManager: Shutting down and abandoning module SteamVR (120)
[2017.04.13-14.14.10:739][ 74]LogModuleManager: Shutting down and abandoning module ProceduralMeshComponent (119)
[2017.04.13-14.14.10:739][ 74]LogModuleManager: Shutting down and abandoning module OculusLibrary (118)
[2017.04.13-14.14.10:739][ 74]LogModuleManager: Shutting down and abandoning module OculusInput (117)
[2017.04.13-14.14.10:739][ 74]LogModuleManager: Shutting down and abandoning module LeapMotionController (116)
[2017.04.13-14.14.10:766][ 74]LogModuleManager: Shutting down and abandoning module CustomMeshComponent (115)
[2017.04.13-14.14.10:766][ 74]LogModuleManager: Shutting down and abandoning module CableComponent (114)
[2017.04.13-14.14.10:766][ 74]LogModuleManager: Shutting down and abandoning module ArchVisCharacter (113)
[2017.04.13-14.14.10:766][ 74]LogModuleManager: Shutting down and abandoning module MessagingDebugger (112)
[2017.04.13-14.14.10:766][ 74]LogModuleManager: Shutting down and abandoning module MediaPlayerEditor (111)
[2017.04.13-14.14.10:766][ 74]LogModuleManager: Shutting down and abandoning module HTML5Networking (110)
[2017.04.13-14.14.10:766][ 74]LogModuleManager: Shutting down and abandoning module SpeedTreeImporter (109)
[2017.04.13-14.14.10:766][ 74]LogModuleManager: Shutting down and abandoning module PluginBrowser (108)
[2017.04.13-14.14.10:766][ 74]LogModuleManager: Shutting down and abandoning module EpicSurvey (107)
[2017.04.13-14.14.10:766][ 74]LogModuleManager: Shutting down and abandoning module DesktopPlatform (106)
[2017.04.13-14.14.10:766][ 74]LogModuleManager: Shutting down and abandoning module VisualStudioSourceCodeAccess (105)
[2017.04.13-14.14.10:766][ 74]LogModuleManager: Shutting down and abandoning module UObjectPlugin (104)
[2017.04.13-14.14.10:766][ 74]LogModuleManager: Shutting down and abandoning module SubversionSourceControl (103)
[2017.04.13-14.14.10:767][ 74]LogModuleManager: Shutting down and abandoning module PerforceSourceControl (102)
[2017.04.13-14.14.10:767][ 74]LogModuleManager: Shutting down and abandoning module SourceControl (101)
[2017.04.13-14.14.10:767][ 74]LogModuleManager: Shutting down and abandoning module GitSourceControl (100)
[2017.04.13-14.14.10:767][ 74]LogModuleManager: Shutting down and abandoning module LightPropagationVolumeEditor (99)
[2017.04.13-14.14.10:767][ 74]LogModuleManager: Shutting down and abandoning module PaperTiledImporter (98)
[2017.04.13-14.14.10:767][ 74]LogModuleManager: Shutting down and abandoning module PaperSpriteSheetImporter (97)
[2017.04.13-14.14.10:767][ 74]LogModuleManager: Shutting down and abandoning module MeshPaint (96)
[2017.04.13-14.14.10:767][ 74]LogModuleManager: Shutting down and abandoning module SlateReflector (95)
[2017.04.13-14.14.10:767][ 74]LogModuleManager: Shutting down and abandoning module HotReload (94)
[2017.04.13-14.14.10:767][ 74]LogModuleManager: Shutting down and abandoning module MainFrame (93)
[2017.04.13-14.14.10:767][ 74]LogModuleManager: Shutting down and abandoning module LevelEditor (92)
[2017.04.13-14.14.10:768][ 74]LogModuleManager: Shutting down and abandoning module ContentBrowser (91)
[2017.04.13-14.14.10:768][ 74]LogModuleManager: Shutting down and abandoning module Paper2DEditor (90)
[2017.04.13-14.14.10:768][ 74]LogModuleManager: Shutting down and abandoning module UdpMessaging (89)
[2017.04.13-14.14.10:870][ 74]LogModuleManager: Shutting down and abandoning module DirectoryWatcher (88)
[2017.04.13-14.14.10:870][ 74]LogModuleManager: Shutting down and abandoning module AssetRegistry (87)
[2017.04.13-14.14.10:968][ 74]LogModuleManager: Shutting down and abandoning module SubstanceCore (86)
[2017.04.13-14.14.10:968][ 74]LogModuleManager: Shutting down and abandoning module LightPropagationVolumeRuntime (85)
[2017.04.13-14.14.10:968][ 74]LogModuleManager: Shutting down and abandoning module Paper2D (84)
[2017.04.13-14.14.10:968][ 74]LogModuleManager: Shutting down and abandoning module WindowsMoviePlayer (83)
[2017.04.13-14.14.10:972][ 74]LogModuleManager: Shutting down and abandoning module Media (82)
[2017.04.13-14.14.10:972][ 74]LogModuleManager: Shutting down and abandoning module WmfMedia (81)
[2017.04.13-14.14.10:972][ 74]LogModuleManager: Shutting down and abandoning module OnlineBlueprintSupport (80)
[2017.04.13-14.14.10:973][ 74]LogModuleManager: Shutting down and abandoning module GameplayTasksEditor (79)
[2017.04.13-14.14.10:973][ 74]LogModuleManager: Shutting down and abandoning module PropertyEditor (78)
[2017.04.13-14.14.10:973][ 74]LogModuleManager: Shutting down and abandoning module BehaviorTreeEditor (77)
[2017.04.13-14.14.10:973][ 74]LogModuleManager: Shutting down and abandoning module FunctionalTesting (76)
[2017.04.13-14.14.10:973][ 74]LogModuleManager: Shutting down and abandoning module CollisionAnalyzer (75)
[2017.04.13-14.14.10:973][ 74]LogModuleManager: Shutting down and abandoning module WorkspaceMenuStructure (74)
[2017.04.13-14.14.10:973][ 74]LogModuleManager: Shutting down and abandoning module MessageLog (73)
[2017.04.13-14.14.10:973][ 74]LogModuleManager: Shutting down and abandoning module Sequencer (72)
[2017.04.13-14.14.10:973][ 74]LogModuleManager: Shutting down and abandoning module AssetTools (71)
[2017.04.13-14.14.10:973][ 74]LogModuleManager: Shutting down and abandoning module UMGEditor (70)
[2017.04.13-14.14.10:973][ 74]LogModuleManager: Shutting down and abandoning module UMG (69)
[2017.04.13-14.14.10:973][ 74]LogModuleManager: Shutting down and abandoning module Slate (68)
[2017.04.13-14.14.10:973][ 74]LogModuleManager: Shutting down and abandoning module EditorStyle (67)
[2017.04.13-14.14.10:977][ 74]LogModuleManager: Shutting down and abandoning module SessionServices (66)
[2017.04.13-14.14.10:977][ 74]LogModuleManager: Shutting down and abandoning module SourceCodeAccess (65)
[2017.04.13-14.14.10:977][ 74]LogModuleManager: Shutting down and abandoning module HeadMountedDisplay (64)
[2017.04.13-14.14.10:977][ 74]LogModuleManager: Shutting down and abandoning module XAudio2 (63)
[2017.04.13-14.14.10:977][ 74]LogModuleManager: Shutting down and abandoning module Networking (61)
[2017.04.13-14.14.10:977][ 74]LogModuleManager: Shutting down and abandoning module Core (60)
[2017.04.13-14.14.10:977][ 74]LogModuleManager: Shutting down and abandoning module KismetCompiler (59)
[2017.04.13-14.14.10:977][ 74]LogModuleManager: Shutting down and abandoning module PhysXFormats (58)
[2017.04.13-14.14.10:977][ 74]LogModuleManager: Shutting down and abandoning module MeshUtilities (57)
[2017.04.13-14.14.10:977][ 74]LogModuleManager: Shutting down and abandoning module DerivedDataCache (56)
[2017.04.13-14.14.11:091][ 74]LogDerivedDataCache: Shutdown
[2017.04.13-14.14.11:091][ 74]LogModuleManager: Shutting down and abandoning module ShaderFormatOpenGL (55)
[2017.04.13-14.14.11:091][ 74]LogModuleManager: Shutting down and abandoning module ShaderFormatD3D (54)
[2017.04.13-14.14.11:091][ 74]LogModuleManager: Shutting down and abandoning module MetalShaderFormat (53)
[2017.04.13-14.14.11:091][ 74]LogModuleManager: Shutting down and abandoning module TextureFormatUncompressed (52)
[2017.04.13-14.14.11:091][ 74]LogModuleManager: Shutting down and abandoning module TextureFormatPVR (51)
[2017.04.13-14.14.11:091][ 74]LogModuleManager: Shutting down and abandoning module TextureFormatIntelISPCTexComp (50)
[2017.04.13-14.14.11:091][ 74]LogModuleManager: Shutting down and abandoning module TextureFormatDXT (49)
[2017.04.13-14.14.11:091][ 74]LogModuleManager: Shutting down and abandoning module ImageWrapper (48)
[2017.04.13-14.14.11:091][ 74]LogModuleManager: Shutting down and abandoning module TextureFormatASTC (47)
[2017.04.13-14.14.11:091][ 74]LogModuleManager: Shutting down and abandoning module TextureFormatAndroid (46)
[2017.04.13-14.14.11:091][ 74]LogModuleManager: Shutting down and abandoning module AudioFormatOpus (45)
[2017.04.13-14.14.11:091][ 74]LogModuleManager: Shutting down and abandoning module AudioFormatOgg (44)
[2017.04.13-14.14.11:091][ 74]LogModuleManager: Shutting down and abandoning module AudioFormatADPCM (43)
[2017.04.13-14.14.11:091][ 74]LogModuleManager: Shutting down and abandoning module LinuxTargetPlatform (42)
[2017.04.13-14.14.11:091][ 74]LogModuleManager: Shutting down and abandoning module LinuxServerTargetPlatform (41)
[2017.04.13-14.14.11:091][ 74]LogModuleManager: Shutting down and abandoning module LinuxNoEditorTargetPlatform (40)
[2017.04.13-14.14.11:091][ 74]LogModuleManager: Shutting down and abandoning module Messaging (39)
[2017.04.13-14.14.11:091][ 74]LogModuleManager: Shutting down and abandoning module IOSTargetPlatform (38)
[2017.04.13-14.14.11:091][ 74]LogModuleManager: Shutting down and abandoning module HTML5TargetPlatform (37)
[2017.04.13-14.14.11:091][ 74]LogModuleManager: Shutting down and abandoning module Android_PVRTCTargetPlatform (36)
[2017.04.13-14.14.11:091][ 74]LogModuleManager: Shutting down and abandoning module Android_MultiTargetPlatform (35)
[2017.04.13-14.14.11:091][ 74]LogModuleManager: Shutting down and abandoning module Android_ETC2TargetPlatform (34)
[2017.04.13-14.14.11:091][ 74]LogModuleManager: Shutting down and abandoning module Android_ETC1TargetPlatform (33)
[2017.04.13-14.14.11:091][ 74]LogModuleManager: Shutting down and abandoning module Android_DXTTargetPlatform (32)
[2017.04.13-14.14.11:091][ 74]LogModuleManager: Shutting down and abandoning module Android_ATCTargetPlatform (31)
[2017.04.13-14.14.11:091][ 74]LogModuleManager: Shutting down and abandoning module Android_ASTCTargetPlatform (30)
[2017.04.13-14.14.11:091][ 74]LogModuleManager: Shutting down and abandoning module AndroidTargetPlatform (29)
[2017.04.13-14.14.11:091][ 74]LogModuleManager: Shutting down and abandoning module WindowsTargetPlatform (28)
[2017.04.13-14.14.11:092][ 74]LogModuleManager: Shutting down and abandoning module WindowsServerTargetPlatform (27)
[2017.04.13-14.14.11:092][ 74]LogModuleManager: Shutting down and abandoning module WindowsNoEditorTargetPlatform (26)
[2017.04.13-14.14.11:092][ 74]LogModuleManager: Shutting down and abandoning module WindowsClientTargetPlatform (25)
[2017.04.13-14.14.11:092][ 74]LogModuleManager: Shutting down and abandoning module AllDesktopTargetPlatform (24)
[2017.04.13-14.14.11:092][ 74]LogModuleManager: Shutting down and abandoning module TargetPlatform (23)
[2017.04.13-14.14.11:092][ 74]LogModuleManager: Shutting down and abandoning module InputCore (22)
[2017.04.13-14.14.11:092][ 74]LogModuleManager: Shutting down and abandoning module Settings (21)
[2017.04.13-14.14.11:092][ 74]LogModuleManager: Shutting down and abandoning module OnlineSubsystem (19)
[2017.04.13-14.14.11:092][ 74]LogModuleManager: Shutting down and abandoning module HTTP (18)
[2017.04.13-14.14.13:098][ 74]LogModuleManager: Shutting down and abandoning module XMPP (17)
[2017.04.13-14.14.13:098][ 74]LogModuleManager: Shutting down and abandoning module OculusRift (16)
[2017.04.13-14.14.13:098][ 74]LogModuleManager: Shutting down and abandoning module ExampleDeviceProfileSelector (15)
[2017.04.13-14.14.13:098][ 74]LogModuleManager: Shutting down and abandoning module TextureCompressor (14)
[2017.04.13-14.14.13:098][ 74]LogModuleManager: Shutting down and abandoning module ShaderCore (13)
[2017.04.13-14.14.13:098][ 74]LogModuleManager: Shutting down and abandoning module Landscape (12)
[2017.04.13-14.14.13:098][ 74]LogModuleManager: Shutting down and abandoning module SlateRHIRenderer (11)
[2017.04.13-14.14.13:099][ 74]LogModuleManager: Shutting down and abandoning module OpenGLDrv (10)
[2017.04.13-14.14.13:099][ 74]LogModuleManager: Shutting down and abandoning module D3D11RHI (9)
[2017.04.13-14.14.13:099][ 74]LogModuleManager: Shutting down and abandoning module AnimGraphRuntime (8)
[2017.04.13-14.14.13:099][ 74]LogModuleManager: Shutting down and abandoning module Renderer (7)
[2017.04.13-14.14.13:100][ 74]LogModuleManager: Shutting down and abandoning module Engine (6)
[2017.04.13-14.14.13:100][ 74]LogModuleManager: Shutting down and abandoning module CoreUObject (5)
[2017.04.13-14.14.13:100][ 74]LogModuleManager: Shutting down and abandoning module NetworkFile (4)
[2017.04.13-14.14.13:100][ 74]LogModuleManager: Shutting down and abandoning module StreamingFile (3)
[2017.04.13-14.14.13:100][ 74]LogModuleManager: Shutting down and abandoning module SandboxFile (2)
[2017.04.13-14.14.13:100][ 74]LogModuleManager: Shutting down and abandoning module PakFile (1)
[2017.04.13-14.14.13:103][ 74]LogExit: Exiting.
[2017.04.13-14.14.13:140][ 74]Log file closed, 04/13/17 15:14:13
