Log file open, 04/13/17 17:25:27
LogInit:Display: Running engine for game: GoneFission2
LogPlatformFile: Not using cached read wrapper
LogInit:Display: RandInit(-1650736885) SRandInit(-1650736885).
LogTaskGraph: Started task graph with 5 named threads and 6 total threads with 1 sets of task threads.
LogStats: Stats thread started at 0.720442
LogInit: Using libcurl 7.47.1
LogInit:  - built for x86_64-pc-win32
LogInit:  - supports SSL with OpenSSL/1.0.2g
LogInit:  - supports HTTP deflate (compression) using libz 1.2.8
LogInit:  - other features:
LogInit:      CURL_VERSION_SSL
LogInit:      CURL_VERSION_LIBZ
LogInit:      CURL_VERSION_IPV6
LogInit:      CURL_VERSION_ASYNCHDNS
LogInit:      CURL_VERSION_LARGEFILE
LogInit:      CURL_VERSION_IDN
LogInit:  CurlRequestOptions (configurable via config and command line):
LogInit:  - bVerifyPeer = false  - Libcurl will NOT verify peer certificate
LogInit:  - bUseHttpProxy = false  - Libcurl will NOT use HTTP proxy
LogInit:  - bDontReuseConnections = false  - Libcurl will reuse connections
LogInit:  - CertBundlePath = nullptr  - Libcurl will use whatever was configured at build time.
LogInit: Build: ++UE4+Release-4.15-CL-3348071
LogInit: Engine Version: 4.15.1-3348071+++UE4+Release-4.15
LogInit: Compatible Engine Version: 4.15.0-3299760+++UE4+Release-4.15
LogInit: Net CL: 3299760
LogDevObjectVersion: Number of dev versions registered: 14
LogDevObjectVersion:   Dev-Blueprints (B0D832E4-1F89-4F0D-ACCF-7EB736FD4AA2): 8
LogDevObjectVersion:   Dev-Build (E1C64328-A22C-4D53-A36C-8E866417BD8C): 0
LogDevObjectVersion:   Dev-Core (375EC13C-06E4-48FB-B500-84F0262A717E): 2
LogDevObjectVersion:   Dev-Editor (E4B068ED-F494-42E9-A231-DA0B2E46BB41): 14
LogDevObjectVersion:   Dev-Framework (CFFC743F-43B0-4480-9391-14DF171D2073): 22
LogDevObjectVersion:   Dev-Mobile (B02B49B5-BB20-44E9-A304-32B752E40360): 0
LogDevObjectVersion:   Dev-Networking (A4E4105C-59A1-49B5-A7C5-40C4547EDFEE): 0
LogDevObjectVersion:   Dev-Online (39C831C9-5AE6-47DC-9A44-9C173E1C8E7C): 0
LogDevObjectVersion:   Dev-Physics (78F01B33-EBEA-4F98-B9B4-84EACCB95AA2): 0
LogDevObjectVersion:   Dev-Platform (6631380F-2D4D-43E0-8009-CF276956A95A): 0
LogDevObjectVersion:   Dev-Rendering (12F88B9F-8875-4AFC-A67C-D90C383ABD29): 12
LogDevObjectVersion:   Dev-Sequencer (7B5AE74C-D270-4C10-A958-57980B212A5A): 3
LogDevObjectVersion:   Dev-VR (D7296918-1DD6-4BDD-9DE2-64A83CC13884): 0
LogDevObjectVersion:   Dev-LoadTimes (C2A15278-BFE7-4AFE-6C17-90FF531DF755): 1
LogInit: Compiled (64-bit): Mar 15 2017 16:52:47
LogInit: Compiled with Visual C++: 19.00.23026.00
LogInit: Build Configuration: Development
LogInit: Branch Name: ++UE4+Release-4.15
LogInit: Command line:  
LogInit: Base directory: E:/UE_4.15/Engine/Binaries/Win64/
LogInit: Installed Engine Build: 1
LogInit: Presizing for max 8388607 objects, including 0 objects not considered by GC, pre-allocating 0 bytes for permanent pool.
LogInit: Object subsystem initialized
[2017.04.13-16.25.28:251][  0]LogInit: Selected Device Profile: [Windows]
[2017.04.13-16.25.28:251][  0]LogInit: Applying CVar settings loaded from the selected device profile: [Windows]
[2017.04.13-16.25.28:319][  0]LogInit: Computer: ELIO-GOLD
[2017.04.13-16.25.28:319][  0]LogInit: User: Elio
[2017.04.13-16.25.28:319][  0]LogInit: CPU Page size=65536, Cores=2
[2017.04.13-16.25.28:319][  0]LogInit: High frequency timer resolution =2.338341 MHz
[2017.04.13-16.25.28:320][  0]LogMemory: Memory total: Physical=7.9GB (8GB approx)
[2017.04.13-16.25.28:320][  0]LogMemory: Platform Memory Stats for Windows
[2017.04.13-16.25.28:320][  0]LogMemory: Process Physical Memory: 262.28 MB used, 262.28 MB peak
[2017.04.13-16.25.28:320][  0]LogMemory: Process Virtual Memory: 262.38 MB used, 262.38 MB peak
[2017.04.13-16.25.28:320][  0]LogMemory: Physical Memory: 6847.25 MB used,  1247.17 MB free, 8094.41 MB total
[2017.04.13-16.25.28:320][  0]LogMemory: Virtual Memory: 643.26 MB used,  1247.17 MB free, 134217728.00 MB total
[2017.04.13-16.25.28:717][  0]LogTextLocalizationManager: No specific translations for ('en-SG') exist, so ('en') translations will be used.
[2017.04.13-16.25.30:081][  0]LogD3D11RHI: D3D11 adapters:
[2017.04.13-16.25.30:130][  0]LogD3D11RHI:    0. 'NVIDIA GeForce GTX 950M' (Feature Level 11_0)
[2017.04.13-16.25.30:130][  0]LogD3D11RHI:       4064/0/4047 MB DedicatedVideo/DedicatedSystem/SharedSystem, Outputs:1, VendorId:0x10de
[2017.04.13-16.25.30:136][  0]LogD3D11RHI:    1. 'Intel(R) HD Graphics 5500' (Feature Level 11_0)
[2017.04.13-16.25.30:136][  0]LogD3D11RHI:       128/0/4047 MB DedicatedVideo/DedicatedSystem/SharedSystem, Outputs:0, VendorId:0x8086
[2017.04.13-16.25.30:140][  0]LogD3D11RHI:    2. 'Microsoft Basic Render Driver' (Feature Level 11_0)
[2017.04.13-16.25.30:140][  0]LogD3D11RHI:       0/0/4047 MB DedicatedVideo/DedicatedSystem/SharedSystem, Outputs:0, VendorId:0x1414
[2017.04.13-16.25.30:140][  0]LogD3D11RHI: Chosen D3D11 Adapter: 0
[2017.04.13-16.25.30:147][  0]LogD3D11RHI: Creating new Direct3DDevice
[2017.04.13-16.25.30:147][  0]LogD3D11RHI:     GPU DeviceId: 0x139a (for the marketing name, search the web for "GPU Device Id")
[2017.04.13-16.25.30:147][  0]LogWindows: EnumDisplayDevices:
[2017.04.13-16.25.30:148][  0]LogWindows:    0. 'Intel(R) HD Graphics 5500' (P:1 D:1)
[2017.04.13-16.25.30:148][  0]LogWindows:    1. 'Intel(R) HD Graphics 5500' (P:0 D:0)
[2017.04.13-16.25.30:148][  0]LogWindows:    2. 'Intel(R) HD Graphics 5500' (P:0 D:0)
[2017.04.13-16.25.30:148][  0]LogWindows: DebugString: PrimaryIsNotTheChoosenAdapter PrimaryIsNotTheChoosenAdapter PrimaryIsNotTheChoosenAdapter FoundDriverCount:0 
[2017.04.13-16.25.30:148][  0]LogD3D11RHI:     Adapter Name: NVIDIA GeForce GTX 950M
[2017.04.13-16.25.30:148][  0]LogD3D11RHI:   Driver Version: Unknown (internal:Unknown, unified:Unknown)
[2017.04.13-16.25.30:148][  0]LogD3D11RHI:      Driver Date: Unknown
[2017.04.13-16.25.30:148][  0]LogRHI: Texture pool is 1361 MB (70% of 1945 MB)
[2017.04.13-16.25.30:170][  0]LogD3D11RHI: Async texture creation enabled
[2017.04.13-16.25.30:190][  0]LogD3D11RHI: GPU Timing Frequency: 1000.000000 (Debug: 2 2)
[2017.04.13-16.25.30:192][  0]LogShaderCompilers: Guid format shader working directory is 26 characters bigger than the processId version (../../../../Fission/Intermediate/Shaders/WorkingDirectory/4084/).
[2017.04.13-16.25.30:192][  0]LogShaderCompilers: Cleaned the shader compiler working directory 'C:/Users/Elio/AppData/Local/Temp/UnrealShaderWorkingDir/CD03006947721E4EA98083B788A7804C/'.
[2017.04.13-16.25.30:192][  0]LogShaderCompilers:Display: Using Local Shader Compiler.
[2017.04.13-16.25.34:166][  0]LogTemp:Display: Loaded TP AllDesktopTargetPlatform
[2017.04.13-16.25.34:248][  0]LogTemp:Display: Loaded TP MacClientTargetPlatform
[2017.04.13-16.25.34:320][  0]LogTemp:Display: Loaded TP MacNoEditorTargetPlatform
[2017.04.13-16.25.34:396][  0]LogTemp:Display: Loaded TP MacServerTargetPlatform
[2017.04.13-16.25.34:511][  0]LogTemp:Display: Loaded TP MacTargetPlatform
[2017.04.13-16.25.34:593][  0]LogTemp:Display: Loaded TP WindowsClientTargetPlatform
[2017.04.13-16.25.34:664][  0]LogTemp:Display: Loaded TP WindowsNoEditorTargetPlatform
[2017.04.13-16.25.34:727][  0]LogTemp:Display: Loaded TP WindowsServerTargetPlatform
[2017.04.13-16.25.34:788][  0]LogTemp:Display: Loaded TP WindowsTargetPlatform
[2017.04.13-16.25.34:863][  0]LogTemp:Display: Loaded TP AndroidTargetPlatform
[2017.04.13-16.25.34:940][  0]LogTemp:Display: Loaded TP Android_ASTCTargetPlatform
[2017.04.13-16.25.35:020][  0]LogTemp:Display: Loaded TP Android_ATCTargetPlatform
[2017.04.13-16.25.35:085][  0]LogTemp:Display: Loaded TP Android_DXTTargetPlatform
[2017.04.13-16.25.35:161][  0]LogTemp:Display: Loaded TP Android_ETC1TargetPlatform
[2017.04.13-16.25.35:230][  0]LogTemp:Display: Loaded TP Android_ETC2TargetPlatform
[2017.04.13-16.25.35:376][  0]LogTemp:Display: Loaded TP Android_MultiTargetPlatform
[2017.04.13-16.25.35:376][  0]LogTemp:Display: Loaded TP Android_PVRTCTargetPlatform
[2017.04.13-16.25.35:431][  0]LogTemp:Display: Loaded TP HTML5TargetPlatform
[2017.04.13-16.25.35:601][  0]LogTemp:Display: Loaded TP IOSTargetPlatform
[2017.04.13-16.25.35:655][  0]LogTemp:Display: Loaded TP TVOSTargetPlatform
[2017.04.13-16.25.35:735][  0]LogTemp:Display: Loaded TP LinuxClientTargetPlatform
[2017.04.13-16.25.35:841][  0]LogTemp:Display: Loaded TP LinuxNoEditorTargetPlatform
[2017.04.13-16.25.35:917][  0]LogTemp:Display: Loaded TP LinuxServerTargetPlatform
[2017.04.13-16.25.36:021][  0]LogTemp:Display: Loaded TP LinuxTargetPlatform
[2017.04.13-16.25.36:021][  0]LogTargetPlatformManager:Display: Building Assets For Windows
[2017.04.13-16.25.36:980][  0]LogDerivedDataCache:Display: Max Cache Size: 512 MB
[2017.04.13-16.25.37:248][  0]LogDerivedDataCache: Loaded boot cache 0.27s 50MB C:/Users/Elio/AppData/Local/UnrealEngine/4.15/DerivedDataCache/Boot.ddc.
[2017.04.13-16.25.37:248][  0]LogDerivedDataCache:Display: Loaded Boot cache: C:/Users/Elio/AppData/Local/UnrealEngine/4.15/DerivedDataCache/Boot.ddc
[2017.04.13-16.25.37:248][  0]LogDerivedDataCache: FDerivedDataBackendGraph:  Pak pak cache file ../../../../Fission/DerivedDataCache/DDC.ddp not found, will not use a pak cache.
[2017.04.13-16.25.37:248][  0]LogDerivedDataCache: Unable to find inner node Pak for hierarchical cache Hierarchy.
[2017.04.13-16.25.37:248][  0]LogDerivedDataCache: FDerivedDataBackendGraph:  CompressedPak pak cache file ../../../../Fission/DerivedDataCache/Compressed.ddp not found, will not use a pak cache.
[2017.04.13-16.25.37:248][  0]LogDerivedDataCache: Unable to find inner node CompressedPak for hierarchical cache Hierarchy.
[2017.04.13-16.25.37:296][  0]LogDerivedDataCache:Display: Pak cache opened for reading ../../../Engine/DerivedDataCache/Compressed.ddp.
[2017.04.13-16.25.37:312][  0]LogDerivedDataCache: Using Local data cache path C:/Users/Elio/AppData/Local/UnrealEngine/Common/DerivedDataCache: Writable
[2017.04.13-16.25.37:323][  0]LogSlate: Using Freetype 2.6.0
[2017.04.13-16.25.37:333][  0]LogSlate: SlateFontCache - WITH_FREETYPE: 1, WITH_HARFBUZZ: 1
[2017.04.13-16.25.37:333][  0]LogSlate: SlateFontCache - WITH_FREETYPE: 1, WITH_HARFBUZZ: 1
[2017.04.13-16.25.42:571][  0]LogInit: Selected Device Profile: [Windows]
[2017.04.13-16.25.42:576][  0]LogContentStreaming: Texture pool size is 0.00 MB
[2017.04.13-16.25.43:027][  0]LogMeshUtilities: Using QuadricMeshReduction for automatic static mesh reduction
[2017.04.13-16.25.43:178][  0]LogSimplygon: Simplygon DLL not present - disabling.
[2017.04.13-16.25.43:303][  0]LogMeshUtilities: Using SimplygonSwarm for distributed automatic mesh merging
[2017.04.13-16.25.43:303][  0]LogMeshUtilities: No automatic skeletal mesh reduction module available
[2017.04.13-16.25.43:303][  0]LogMeshUtilities: No automatic mesh merging module available
[2017.04.13-16.25.44:328][  0]LogNetVersion: GetLocalNetworkVersion: CL: 3299760, ProjectName: gonefission2, ProjectVersion: , EngineNetworkVersion: 2, GameNetworkVersion: 0, NetworkChecksum: 285476419
[2017.04.13-16.25.44:417][  0]LogAssetRegistry: FAssetRegistry took 0.0226 seconds to start up
[2017.04.13-16.25.44:709][  0]LogPackageLocalizationCache: Processed 3 localized package path(s) for 2 prioritized culture(s) in 0.257295 seconds
[2017.04.13-16.25.44:720][  0]LogUObjectArray: 32493 objects as part of root set at end of initial load.
[2017.04.13-16.25.44:720][  0]LogUObjectAllocator: 7077024 out of 0 bytes used by permanent object pool.
[2017.04.13-16.25.44:720][  0]LogUObjectArray: CloseDisregardForGC: 0/0 objects in disregard for GC pool
[2017.04.13-16.25.44:824][  0]LogInit: WinSock: version 1.1 (2.2), MaxSocks=32767, MaxUdp=65467
